<html>
<head>
<title>TestNG:  Default test</title>
<link href="../testng.css" rel="stylesheet" type="text/css" />
<link href="../my-testng.css" rel="stylesheet" type="text/css" />

<style type="text/css">
.log { display: none;} 
.stack-trace { display: none;} 
</style>
<script type="text/javascript">
<!--
function flip(e) {
  current = e.style.display;
  if (current == 'block') {
    e.style.display = 'none';
    return 0;
  }
  else {
    e.style.display = 'block';
    return 1;
  }
}

function toggleBox(szDivId, elem, msg1, msg2)
{
  var res = -1;  if (document.getElementById) {
    res = flip(document.getElementById(szDivId));
  }
  else if (document.all) {
    // this is the way old msie versions work
    res = flip(document.all[szDivId]);
  }
  if(elem) {
    if(res == 0) elem.innerHTML = msg1; else elem.innerHTML = msg2;
  }

}

function toggleAllBoxes() {
  if (document.getElementsByTagName) {
    d = document.getElementsByTagName('div');
    for (i = 0; i < d.length; i++) {
      if (d[i].className == 'log') {
        flip(d[i]);
      }
    }
  }
}

// -->
</script>

</head>
<body>
<h2 align='center'>Default test</h2><table border='1' align="center">
<tr>
<td>Tests passed/Failed/Skipped:</td><td>0/0/21</td>
</tr><tr>
<td>Started on:</td><td>Wed Nov 06 09:01:10 PST 2019</td>
</tr>
<tr><td>Total time:</td><td>9 seconds (9577 ms)</td>
</tr><tr>
<td>Included groups:</td><td></td>
</tr><tr>
<td>Excluded groups:</td><td></td>
</tr>
</table><p/>
<small><i>(Hover the method name to see the test class name)</i></small><p/>
<table width='100%' border='1' class='invocation-failed'>
<tr><td colspan='4' align='center'><b>FAILED CONFIGURATIONS</b></td></tr>
<tr><td><b>Test method</b></td>
<td width="30%"><b>Exception</b></td>
<td width="10%"><b>Time (seconds)</b></td>
<td><b>Instance</b></td>
</tr>
<tr>
<td title='ecomm_saipratap.RegistrationTest.setUp()'><b>setUp</b><br>Test class: ecomm_saipratap.RegistrationTest</td>
<td><div><pre>org.openqa.selenium.SessionNotCreatedException: session not created: This version of ChromeDriver only supports Chrome version 75
Build info: version: &apos;3.13.0&apos;, revision: &apos;2f0d292&apos;, time: &apos;2018-06-25T15:24:21.231Z&apos;
System info: host: &apos;DESKTOP-BDB3LRA&apos;, ip: &apos;127.0.0.1&apos;, os.name: &apos;Windows 10&apos;, os.arch: &apos;amd64&apos;, os.version: &apos;10.0&apos;, java.version: &apos;1.8.0_211&apos;
Driver info: driver.version: ChromeDriver
remote stacktrace: Backtrace:
	Ordinal0 [0x002D1B23+1448739]
	Ordinal0 [0x00255A11+940561]
	Ordinal0 [0x001E2293+467603]
	Ordinal0 [0x0017F27E+62078]
	Ordinal0 [0x0017BBBD+48061]
	Ordinal0 [0x00198D19+167193]
	Ordinal0 [0x001988ED+166125]
	Ordinal0 [0x00196FFB+159739]
	Ordinal0 [0x001809F6+68086]
	Ordinal0 [0x00181990+72080]
	Ordinal0 [0x00181929+71977]
	GetHandleVerifier [0x00412E4C+1172140]
	GetHandleVerifier [0x0036FE35+504469]
	GetHandleVerifier [0x0036FBD0+503856]
	Ordinal0 [0x002DC9A8+1493416]
	GetHandleVerifier [0x0037060A+506474]
	Ordinal0 [0x00267136+1012022]
	Ordinal0 [0x00266FAF+1011631]
	Ordinal0 [0x0027133B+1053499]
	Ordinal0 [0x002714A3+1053859]
	Ordinal0 [0x002704D5+1049813]
	BaseThreadInitThunk [0x75180419+25]
	RtlGetAppContainerNamedObjectPath [0x7745662D+237]
	RtlGetAppContainerNamedObjectPath [0x774565FD+189]

	at sun.reflect.NativeConstructorAccessorImpl.newInstance0(Native Method)
	at sun.reflect.NativeConstructorAccessorImpl.newInstance(Unknown Source)
	at sun.reflect.DelegatingConstructorAccessorImpl.newInstance(Unknown Source)
	at java.lang.reflect.Constructor.newInstance(Unknown Source)
	at org.openqa.selenium.remote.W3CHandshakeResponse.lambda$new$0(W3CHandshakeResponse.java:57)
	at org.openqa.selenium.remote.W3CHandshakeResponse.lambda$getResponseFunction$2(W3CHandshakeResponse.java:104)
	at org.openqa.selenium.remote.ProtocolHandshake.lambda$createSession$0(ProtocolHandshake.java:123)
	at java.util.stream.ReferencePipeline$3$1.accept(Unknown Source)
	at java.util.Spliterators$ArraySpliterator.tryAdvance(Unknown Source)
	at java.util.stream.ReferencePipeline.forEachWithCancel(Unknown Source)
	at java.util.stream.AbstractPipeline.copyIntoWithCancel(Unknown Source)
	at java.util.stream.AbstractPipeline.copyInto(Unknown Source)
	at java.util.stream.AbstractPipeline.wrapAndCopyInto(Unknown Source)
	at java.util.stream.FindOps$FindOp.evaluateSequential(Unknown Source)
	at java.util.stream.AbstractPipeline.evaluate(Unknown Source)
	at java.util.stream.ReferencePipeline.findFirst(Unknown Source)
	at org.openqa.selenium.remote.ProtocolHandshake.createSession(ProtocolHandshake.java:126)
	at org.openqa.selenium.remote.ProtocolHandshake.createSession(ProtocolHandshake.java:73)
	at org.openqa.selenium.remote.HttpCommandExecutor.execute(HttpCommandExecutor.java:136)
	at org.openqa.selenium.remote.service.DriverCommandExecutor.execute(DriverCommandExecutor.java:83)
	at org.openqa.selenium.remote.RemoteWebDriver.execute(RemoteWebDriver.java:548)
	at org.openqa.selenium.remote.RemoteWebDriver.startSession(RemoteWebDriver.java:212)
	at org.openqa.selenium.remote.RemoteWebDriver.&lt;init&gt;(RemoteWebDriver.java:130)
	at org.openqa.selenium.chrome.ChromeDriver.&lt;init&gt;(ChromeDriver.java:181)
	at org.openqa.selenium.chrome.ChromeDriver.&lt;init&gt;(ChromeDriver.java:168)
	at org.openqa.selenium.chrome.ChromeDriver.&lt;init&gt;(ChromeDriver.java:123)
	at ecomm_saipratap.RegistrationBaseTest.setUp(RegistrationBaseTest.java:13)
	at sun.reflect.NativeMethodAccessorImpl.invoke0(Native Method)
	at sun.reflect.NativeMethodAccessorImpl.invoke(Unknown Source)
	at sun.reflect.DelegatingMethodAccessorImpl.invoke(Unknown Source)
	at java.lang.reflect.Method.invoke(Unknown Source)
	at org.testng.internal.MethodInvocationHelper.invokeMethod(MethodInvocationHelper.java:100)
	at org.testng.internal.Invoker.invokeConfigurationMethod(Invoker.java:515)
	at org.testng.internal.Invoker.invokeConfigurations(Invoker.java:216)
	at org.testng.internal.Invoker.invokeMethod(Invoker.java:590)
	at org.testng.internal.Invoker.invokeTestMethod(Invoker.java:811)
	at org.testng.internal.Invoker.invokeTestMethods(Invoker.java:1129)
	at org.testng.internal.TestMethodWorker.invokeTestMethods(TestMethodWorker.java:129)
	at org.testng.internal.TestMethodWorker.run(TestMethodWorker.java:112)
	at org.testng.TestRunner.privateRun(TestRunner.java:746)
	at org.testng.TestRunner.run(TestRunner.java:600)
	at org.testng.SuiteRunner.runTest(SuiteRunner.java:366)
	at org.testng.SuiteRunner.runSequentially(SuiteRunner.java:361)
	at org.testng.SuiteRunner.privateRun(SuiteRunner.java:319)
	at org.testng.SuiteRunner.run(SuiteRunner.java:268)
	at org.testng.SuiteRunnerWorker.runSuite(SuiteRunnerWorker.java:52)
	at org.testng.SuiteRunnerWorker.run(SuiteRunnerWorker.java:86)
	at org.testng.TestNG.runSuitesSequentially(TestNG.java:1264)
	at org.testng.TestNG.runSuitesLocally(TestNG.java:1189)
	at org.testng.TestNG.runSuites(TestNG.java:1104)
	at org.testng.TestNG.run(TestNG.java:1076)
	at org.testng.remote.AbstractRemoteTestNG.run(AbstractRemoteTestNG.java:126)
	at org.testng.remote.RemoteTestNG.initAndRun(RemoteTestNG.java:152)
	at org.testng.remote.RemoteTestNG.main(RemoteTestNG.java:57)
</pre></div><a href='#' onClick='toggleBox("stack-trace42544488", this, "Click to show all stack frames", "Click to hide stack frames")'>Click to show all stack frames</a>
<div class='stack-trace' id='stack-trace42544488'><pre>org.openqa.selenium.SessionNotCreatedException: session not created: This version of ChromeDriver only supports Chrome version 75
Build info: version: &apos;3.13.0&apos;, revision: &apos;2f0d292&apos;, time: &apos;2018-06-25T15:24:21.231Z&apos;
System info: host: &apos;DESKTOP-BDB3LRA&apos;, ip: &apos;127.0.0.1&apos;, os.name: &apos;Windows 10&apos;, os.arch: &apos;amd64&apos;, os.version: &apos;10.0&apos;, java.version: &apos;1.8.0_211&apos;
Driver info: driver.version: ChromeDriver
remote stacktrace: Backtrace:
	Ordinal0 [0x002D1B23+1448739]
	Ordinal0 [0x00255A11+940561]
	Ordinal0 [0x001E2293+467603]
	Ordinal0 [0x0017F27E+62078]
	Ordinal0 [0x0017BBBD+48061]
	Ordinal0 [0x00198D19+167193]
	Ordinal0 [0x001988ED+166125]
	Ordinal0 [0x00196FFB+159739]
	Ordinal0 [0x001809F6+68086]
	Ordinal0 [0x00181990+72080]
	Ordinal0 [0x00181929+71977]
	GetHandleVerifier [0x00412E4C+1172140]
	GetHandleVerifier [0x0036FE35+504469]
	GetHandleVerifier [0x0036FBD0+503856]
	Ordinal0 [0x002DC9A8+1493416]
	GetHandleVerifier [0x0037060A+506474]
	Ordinal0 [0x00267136+1012022]
	Ordinal0 [0x00266FAF+1011631]
	Ordinal0 [0x0027133B+1053499]
	Ordinal0 [0x002714A3+1053859]
	Ordinal0 [0x002704D5+1049813]
	BaseThreadInitThunk [0x75180419+25]
	RtlGetAppContainerNamedObjectPath [0x7745662D+237]
	RtlGetAppContainerNamedObjectPath [0x774565FD+189]

	at sun.reflect.NativeConstructorAccessorImpl.newInstance0(Native Method)
	at sun.reflect.NativeConstructorAccessorImpl.newInstance(Unknown Source)
	at sun.reflect.DelegatingConstructorAccessorImpl.newInstance(Unknown Source)
	at java.lang.reflect.Constructor.newInstance(Unknown Source)
	at org.openqa.selenium.remote.W3CHandshakeResponse.lambda$new$0(W3CHandshakeResponse.java:57)
	at org.openqa.selenium.remote.W3CHandshakeResponse.lambda$getResponseFunction$2(W3CHandshakeResponse.java:104)
	at org.openqa.selenium.remote.ProtocolHandshake.lambda$createSession$0(ProtocolHandshake.java:123)
	at java.util.stream.ReferencePipeline$3$1.accept(Unknown Source)
	at java.util.Spliterators$ArraySpliterator.tryAdvance(Unknown Source)
	at java.util.stream.ReferencePipeline.forEachWithCancel(Unknown Source)
	at java.util.stream.AbstractPipeline.copyIntoWithCancel(Unknown Source)
	at java.util.stream.AbstractPipeline.copyInto(Unknown Source)
	at java.util.stream.AbstractPipeline.wrapAndCopyInto(Unknown Source)
	at java.util.stream.FindOps$FindOp.evaluateSequential(Unknown Source)
	at java.util.stream.AbstractPipeline.evaluate(Unknown Source)
	at java.util.stream.ReferencePipeline.findFirst(Unknown Source)
	at org.openqa.selenium.remote.ProtocolHandshake.createSession(ProtocolHandshake.java:126)
	at org.openqa.selenium.remote.ProtocolHandshake.createSession(ProtocolHandshake.java:73)
	at org.openqa.selenium.remote.HttpCommandExecutor.execute(HttpCommandExecutor.java:136)
	at org.openqa.selenium.remote.service.DriverCommandExecutor.execute(DriverCommandExecutor.java:83)
	at org.openqa.selenium.remote.RemoteWebDriver.execute(RemoteWebDriver.java:548)
	at org.openqa.selenium.remote.RemoteWebDriver.startSession(RemoteWebDriver.java:212)
	at org.openqa.selenium.remote.RemoteWebDriver.&lt;init&gt;(RemoteWebDriver.java:130)
	at org.openqa.selenium.chrome.ChromeDriver.&lt;init&gt;(ChromeDriver.java:181)
	at org.openqa.selenium.chrome.ChromeDriver.&lt;init&gt;(ChromeDriver.java:168)
	at org.openqa.selenium.chrome.ChromeDriver.&lt;init&gt;(ChromeDriver.java:123)
	at ecomm_saipratap.RegistrationBaseTest.setUp(RegistrationBaseTest.java:13)
	at sun.reflect.NativeMethodAccessorImpl.invoke0(Native Method)
	at sun.reflect.NativeMethodAccessorImpl.invoke(Unknown Source)
	at sun.reflect.DelegatingMethodAccessorImpl.invoke(Unknown Source)
	at java.lang.reflect.Method.invoke(Unknown Source)
	at org.testng.internal.MethodInvocationHelper.invokeMethod(MethodInvocationHelper.java:100)
	at org.testng.internal.Invoker.invokeConfigurationMethod(Invoker.java:515)
	at org.testng.internal.Invoker.invokeConfigurations(Invoker.java:216)
	at org.testng.internal.Invoker.invokeMethod(Invoker.java:590)
	at org.testng.internal.Invoker.invokeTestMethod(Invoker.java:811)
	at org.testng.internal.Invoker.invokeTestMethods(Invoker.java:1129)
	at org.testng.internal.TestMethodWorker.invokeTestMethods(TestMethodWorker.java:129)
	at org.testng.internal.TestMethodWorker.run(TestMethodWorker.java:112)
	at org.testng.TestRunner.privateRun(TestRunner.java:746)
	at org.testng.TestRunner.run(TestRunner.java:600)
	at org.testng.SuiteRunner.runTest(SuiteRunner.java:366)
	at org.testng.SuiteRunner.runSequentially(SuiteRunner.java:361)
	at org.testng.SuiteRunner.privateRun(SuiteRunner.java:319)
	at org.testng.SuiteRunner.run(SuiteRunner.java:268)
	at org.testng.SuiteRunnerWorker.runSuite(SuiteRunnerWorker.java:52)
	at org.testng.SuiteRunnerWorker.run(SuiteRunnerWorker.java:86)
	at org.testng.TestNG.runSuitesSequentially(TestNG.java:1264)
	at org.testng.TestNG.runSuitesLocally(TestNG.java:1189)
	at org.testng.TestNG.runSuites(TestNG.java:1104)
	at org.testng.TestNG.run(TestNG.java:1076)
	at org.testng.remote.AbstractRemoteTestNG.run(AbstractRemoteTestNG.java:126)
	at org.testng.remote.RemoteTestNG.initAndRun(RemoteTestNG.java:152)
	at org.testng.remote.RemoteTestNG.main(RemoteTestNG.java:57)
</pre></div></td>
<td>0</td>
<td>ecomm_saipratap.RegistrationTest@27efef64</td></tr>
<tr>
<td title='ecomm_saipratap.LoginTest.setUp()'><b>setUp</b><br>Test class: ecomm_saipratap.LoginTest</td>
<td><div><pre>org.openqa.selenium.SessionNotCreatedException: session not created: This version of ChromeDriver only supports Chrome version 75
Build info: version: &apos;3.13.0&apos;, revision: &apos;2f0d292&apos;, time: &apos;2018-06-25T15:24:21.231Z&apos;
System info: host: &apos;DESKTOP-BDB3LRA&apos;, ip: &apos;127.0.0.1&apos;, os.name: &apos;Windows 10&apos;, os.arch: &apos;amd64&apos;, os.version: &apos;10.0&apos;, java.version: &apos;1.8.0_211&apos;
Driver info: driver.version: ChromeDriver
remote stacktrace: Backtrace:
	Ordinal0 [0x002D1B23+1448739]
	Ordinal0 [0x00255A11+940561]
	Ordinal0 [0x001E2293+467603]
	Ordinal0 [0x0017F27E+62078]
	Ordinal0 [0x0017BBBD+48061]
	Ordinal0 [0x00198D19+167193]
	Ordinal0 [0x001988ED+166125]
	Ordinal0 [0x00196FFB+159739]
	Ordinal0 [0x001809F6+68086]
	Ordinal0 [0x00181990+72080]
	Ordinal0 [0x00181929+71977]
	GetHandleVerifier [0x00412E4C+1172140]
	GetHandleVerifier [0x0036FE35+504469]
	GetHandleVerifier [0x0036FBD0+503856]
	Ordinal0 [0x002DC9A8+1493416]
	GetHandleVerifier [0x0037060A+506474]
	Ordinal0 [0x00267136+1012022]
	Ordinal0 [0x00266FAF+1011631]
	Ordinal0 [0x0027133B+1053499]
	Ordinal0 [0x002714A3+1053859]
	Ordinal0 [0x002704D5+1049813]
	BaseThreadInitThunk [0x75180419+25]
	RtlGetAppContainerNamedObjectPath [0x7745662D+237]
	RtlGetAppContainerNamedObjectPath [0x774565FD+189]

	at sun.reflect.NativeConstructorAccessorImpl.newInstance0(Native Method)
	at sun.reflect.NativeConstructorAccessorImpl.newInstance(Unknown Source)
	at sun.reflect.DelegatingConstructorAccessorImpl.newInstance(Unknown Source)
	at java.lang.reflect.Constructor.newInstance(Unknown Source)
	at org.openqa.selenium.remote.W3CHandshakeResponse.lambda$new$0(W3CHandshakeResponse.java:57)
	at org.openqa.selenium.remote.W3CHandshakeResponse.lambda$getResponseFunction$2(W3CHandshakeResponse.java:104)
	at org.openqa.selenium.remote.ProtocolHandshake.lambda$createSession$0(ProtocolHandshake.java:123)
	at java.util.stream.ReferencePipeline$3$1.accept(Unknown Source)
	at java.util.Spliterators$ArraySpliterator.tryAdvance(Unknown Source)
	at java.util.stream.ReferencePipeline.forEachWithCancel(Unknown Source)
	at java.util.stream.AbstractPipeline.copyIntoWithCancel(Unknown Source)
	at java.util.stream.AbstractPipeline.copyInto(Unknown Source)
	at java.util.stream.AbstractPipeline.wrapAndCopyInto(Unknown Source)
	at java.util.stream.FindOps$FindOp.evaluateSequential(Unknown Source)
	at java.util.stream.AbstractPipeline.evaluate(Unknown Source)
	at java.util.stream.ReferencePipeline.findFirst(Unknown Source)
	at org.openqa.selenium.remote.ProtocolHandshake.createSession(ProtocolHandshake.java:126)
	at org.openqa.selenium.remote.ProtocolHandshake.createSession(ProtocolHandshake.java:73)
	at org.openqa.selenium.remote.HttpCommandExecutor.execute(HttpCommandExecutor.java:136)
	at org.openqa.selenium.remote.service.DriverCommandExecutor.execute(DriverCommandExecutor.java:83)
	at org.openqa.selenium.remote.RemoteWebDriver.execute(RemoteWebDriver.java:548)
	at org.openqa.selenium.remote.RemoteWebDriver.startSession(RemoteWebDriver.java:212)
	at org.openqa.selenium.remote.RemoteWebDriver.&lt;init&gt;(RemoteWebDriver.java:130)
	at org.openqa.selenium.chrome.ChromeDriver.&lt;init&gt;(ChromeDriver.java:181)
	at org.openqa.selenium.chrome.ChromeDriver.&lt;init&gt;(ChromeDriver.java:168)
	at org.openqa.selenium.chrome.ChromeDriver.&lt;init&gt;(ChromeDriver.java:123)
	at ecomm_saipratap.core.LoginBaseTest.setUp(LoginBaseTest.java:15)
	at sun.reflect.NativeMethodAccessorImpl.invoke0(Native Method)
	at sun.reflect.NativeMethodAccessorImpl.invoke(Unknown Source)
	at sun.reflect.DelegatingMethodAccessorImpl.invoke(Unknown Source)
	at java.lang.reflect.Method.invoke(Unknown Source)
	at org.testng.internal.MethodInvocationHelper.invokeMethod(MethodInvocationHelper.java:100)
	at org.testng.internal.Invoker.invokeConfigurationMethod(Invoker.java:515)
	at org.testng.internal.Invoker.invokeConfigurations(Invoker.java:216)
	at org.testng.internal.Invoker.invokeMethod(Invoker.java:590)
	at org.testng.internal.Invoker.invokeTestMethod(Invoker.java:811)
	at org.testng.internal.Invoker.invokeTestMethods(Invoker.java:1129)
	at org.testng.internal.TestMethodWorker.invokeTestMethods(TestMethodWorker.java:129)
	at org.testng.internal.TestMethodWorker.run(TestMethodWorker.java:112)
	at org.testng.TestRunner.privateRun(TestRunner.java:746)
	at org.testng.TestRunner.run(TestRunner.java:600)
	at org.testng.SuiteRunner.runTest(SuiteRunner.java:366)
	at org.testng.SuiteRunner.runSequentially(SuiteRunner.java:361)
	at org.testng.SuiteRunner.privateRun(SuiteRunner.java:319)
	at org.testng.SuiteRunner.run(SuiteRunner.java:268)
	at org.testng.SuiteRunnerWorker.runSuite(SuiteRunnerWorker.java:52)
	at org.testng.SuiteRunnerWorker.run(SuiteRunnerWorker.java:86)
	at org.testng.TestNG.runSuitesSequentially(TestNG.java:1264)
	at org.testng.TestNG.runSuitesLocally(TestNG.java:1189)
	at org.testng.TestNG.runSuites(TestNG.java:1104)
	at org.testng.TestNG.run(TestNG.java:1076)
	at org.testng.remote.AbstractRemoteTestNG.run(AbstractRemoteTestNG.java:126)
	at org.testng.remote.RemoteTestNG.initAndRun(RemoteTestNG.java:152)
	at org.testng.remote.RemoteTestNG.main(RemoteTestNG.java:57)
</pre></div><a href='#' onClick='toggleBox("stack-trace2083999882", this, "Click to show all stack frames", "Click to hide stack frames")'>Click to show all stack frames</a>
<div class='stack-trace' id='stack-trace2083999882'><pre>org.openqa.selenium.SessionNotCreatedException: session not created: This version of ChromeDriver only supports Chrome version 75
Build info: version: &apos;3.13.0&apos;, revision: &apos;2f0d292&apos;, time: &apos;2018-06-25T15:24:21.231Z&apos;
System info: host: &apos;DESKTOP-BDB3LRA&apos;, ip: &apos;127.0.0.1&apos;, os.name: &apos;Windows 10&apos;, os.arch: &apos;amd64&apos;, os.version: &apos;10.0&apos;, java.version: &apos;1.8.0_211&apos;
Driver info: driver.version: ChromeDriver
remote stacktrace: Backtrace:
	Ordinal0 [0x002D1B23+1448739]
	Ordinal0 [0x00255A11+940561]
	Ordinal0 [0x001E2293+467603]
	Ordinal0 [0x0017F27E+62078]
	Ordinal0 [0x0017BBBD+48061]
	Ordinal0 [0x00198D19+167193]
	Ordinal0 [0x001988ED+166125]
	Ordinal0 [0x00196FFB+159739]
	Ordinal0 [0x001809F6+68086]
	Ordinal0 [0x00181990+72080]
	Ordinal0 [0x00181929+71977]
	GetHandleVerifier [0x00412E4C+1172140]
	GetHandleVerifier [0x0036FE35+504469]
	GetHandleVerifier [0x0036FBD0+503856]
	Ordinal0 [0x002DC9A8+1493416]
	GetHandleVerifier [0x0037060A+506474]
	Ordinal0 [0x00267136+1012022]
	Ordinal0 [0x00266FAF+1011631]
	Ordinal0 [0x0027133B+1053499]
	Ordinal0 [0x002714A3+1053859]
	Ordinal0 [0x002704D5+1049813]
	BaseThreadInitThunk [0x75180419+25]
	RtlGetAppContainerNamedObjectPath [0x7745662D+237]
	RtlGetAppContainerNamedObjectPath [0x774565FD+189]

	at sun.reflect.NativeConstructorAccessorImpl.newInstance0(Native Method)
	at sun.reflect.NativeConstructorAccessorImpl.newInstance(Unknown Source)
	at sun.reflect.DelegatingConstructorAccessorImpl.newInstance(Unknown Source)
	at java.lang.reflect.Constructor.newInstance(Unknown Source)
	at org.openqa.selenium.remote.W3CHandshakeResponse.lambda$new$0(W3CHandshakeResponse.java:57)
	at org.openqa.selenium.remote.W3CHandshakeResponse.lambda$getResponseFunction$2(W3CHandshakeResponse.java:104)
	at org.openqa.selenium.remote.ProtocolHandshake.lambda$createSession$0(ProtocolHandshake.java:123)
	at java.util.stream.ReferencePipeline$3$1.accept(Unknown Source)
	at java.util.Spliterators$ArraySpliterator.tryAdvance(Unknown Source)
	at java.util.stream.ReferencePipeline.forEachWithCancel(Unknown Source)
	at java.util.stream.AbstractPipeline.copyIntoWithCancel(Unknown Source)
	at java.util.stream.AbstractPipeline.copyInto(Unknown Source)
	at java.util.stream.AbstractPipeline.wrapAndCopyInto(Unknown Source)
	at java.util.stream.FindOps$FindOp.evaluateSequential(Unknown Source)
	at java.util.stream.AbstractPipeline.evaluate(Unknown Source)
	at java.util.stream.ReferencePipeline.findFirst(Unknown Source)
	at org.openqa.selenium.remote.ProtocolHandshake.createSession(ProtocolHandshake.java:126)
	at org.openqa.selenium.remote.ProtocolHandshake.createSession(ProtocolHandshake.java:73)
	at org.openqa.selenium.remote.HttpCommandExecutor.execute(HttpCommandExecutor.java:136)
	at org.openqa.selenium.remote.service.DriverCommandExecutor.execute(DriverCommandExecutor.java:83)
	at org.openqa.selenium.remote.RemoteWebDriver.execute(RemoteWebDriver.java:548)
	at org.openqa.selenium.remote.RemoteWebDriver.startSession(RemoteWebDriver.java:212)
	at org.openqa.selenium.remote.RemoteWebDriver.&lt;init&gt;(RemoteWebDriver.java:130)
	at org.openqa.selenium.chrome.ChromeDriver.&lt;init&gt;(ChromeDriver.java:181)
	at org.openqa.selenium.chrome.ChromeDriver.&lt;init&gt;(ChromeDriver.java:168)
	at org.openqa.selenium.chrome.ChromeDriver.&lt;init&gt;(ChromeDriver.java:123)
	at ecomm_saipratap.core.LoginBaseTest.setUp(LoginBaseTest.java:15)
	at sun.reflect.NativeMethodAccessorImpl.invoke0(Native Method)
	at sun.reflect.NativeMethodAccessorImpl.invoke(Unknown Source)
	at sun.reflect.DelegatingMethodAccessorImpl.invoke(Unknown Source)
	at java.lang.reflect.Method.invoke(Unknown Source)
	at org.testng.internal.MethodInvocationHelper.invokeMethod(MethodInvocationHelper.java:100)
	at org.testng.internal.Invoker.invokeConfigurationMethod(Invoker.java:515)
	at org.testng.internal.Invoker.invokeConfigurations(Invoker.java:216)
	at org.testng.internal.Invoker.invokeMethod(Invoker.java:590)
	at org.testng.internal.Invoker.invokeTestMethod(Invoker.java:811)
	at org.testng.internal.Invoker.invokeTestMethods(Invoker.java:1129)
	at org.testng.internal.TestMethodWorker.invokeTestMethods(TestMethodWorker.java:129)
	at org.testng.internal.TestMethodWorker.run(TestMethodWorker.java:112)
	at org.testng.TestRunner.privateRun(TestRunner.java:746)
	at org.testng.TestRunner.run(TestRunner.java:600)
	at org.testng.SuiteRunner.runTest(SuiteRunner.java:366)
	at org.testng.SuiteRunner.runSequentially(SuiteRunner.java:361)
	at org.testng.SuiteRunner.privateRun(SuiteRunner.java:319)
	at org.testng.SuiteRunner.run(SuiteRunner.java:268)
	at org.testng.SuiteRunnerWorker.runSuite(SuiteRunnerWorker.java:52)
	at org.testng.SuiteRunnerWorker.run(SuiteRunnerWorker.java:86)
	at org.testng.TestNG.runSuitesSequentially(TestNG.java:1264)
	at org.testng.TestNG.runSuitesLocally(TestNG.java:1189)
	at org.testng.TestNG.runSuites(TestNG.java:1104)
	at org.testng.TestNG.run(TestNG.java:1076)
	at org.testng.remote.AbstractRemoteTestNG.run(AbstractRemoteTestNG.java:126)
	at org.testng.remote.RemoteTestNG.initAndRun(RemoteTestNG.java:152)
	at org.testng.remote.RemoteTestNG.main(RemoteTestNG.java:57)
</pre></div></td>
<td>0</td>
<td>ecomm_saipratap.LoginTest@6f7fd0e6</td></tr>
<tr>
<td title='com.apex.samples.GoogleLoginPage_Testng.setUp()'><b>setUp</b><br>Test class: com.apex.samples.GoogleLoginPage_Testng</td>
<td><div><pre>org.openqa.selenium.SessionNotCreatedException: session not created: This version of ChromeDriver only supports Chrome version 75
Build info: version: &apos;3.13.0&apos;, revision: &apos;2f0d292&apos;, time: &apos;2018-06-25T15:24:21.231Z&apos;
System info: host: &apos;DESKTOP-BDB3LRA&apos;, ip: &apos;127.0.0.1&apos;, os.name: &apos;Windows 10&apos;, os.arch: &apos;amd64&apos;, os.version: &apos;10.0&apos;, java.version: &apos;1.8.0_211&apos;
Driver info: driver.version: ChromeDriver
remote stacktrace: Backtrace:
	Ordinal0 [0x002D1B23+1448739]
	Ordinal0 [0x00255A11+940561]
	Ordinal0 [0x001E2293+467603]
	Ordinal0 [0x0017F27E+62078]
	Ordinal0 [0x0017BBBD+48061]
	Ordinal0 [0x00198D19+167193]
	Ordinal0 [0x001988ED+166125]
	Ordinal0 [0x00196FFB+159739]
	Ordinal0 [0x001809F6+68086]
	Ordinal0 [0x00181990+72080]
	Ordinal0 [0x00181929+71977]
	GetHandleVerifier [0x00412E4C+1172140]
	GetHandleVerifier [0x0036FE35+504469]
	GetHandleVerifier [0x0036FBD0+503856]
	Ordinal0 [0x002DC9A8+1493416]
	GetHandleVerifier [0x0037060A+506474]
	Ordinal0 [0x00267136+1012022]
	Ordinal0 [0x00266FAF+1011631]
	Ordinal0 [0x0027133B+1053499]
	Ordinal0 [0x002714A3+1053859]
	Ordinal0 [0x002704D5+1049813]
	BaseThreadInitThunk [0x75180419+25]
	RtlGetAppContainerNamedObjectPath [0x7745662D+237]
	RtlGetAppContainerNamedObjectPath [0x774565FD+189]

	at sun.reflect.NativeConstructorAccessorImpl.newInstance0(Native Method)
	at sun.reflect.NativeConstructorAccessorImpl.newInstance(Unknown Source)
	at sun.reflect.DelegatingConstructorAccessorImpl.newInstance(Unknown Source)
	at java.lang.reflect.Constructor.newInstance(Unknown Source)
	at org.openqa.selenium.remote.W3CHandshakeResponse.lambda$new$0(W3CHandshakeResponse.java:57)
	at org.openqa.selenium.remote.W3CHandshakeResponse.lambda$getResponseFunction$2(W3CHandshakeResponse.java:104)
	at org.openqa.selenium.remote.ProtocolHandshake.lambda$createSession$0(ProtocolHandshake.java:123)
	at java.util.stream.ReferencePipeline$3$1.accept(Unknown Source)
	at java.util.Spliterators$ArraySpliterator.tryAdvance(Unknown Source)
	at java.util.stream.ReferencePipeline.forEachWithCancel(Unknown Source)
	at java.util.stream.AbstractPipeline.copyIntoWithCancel(Unknown Source)
	at java.util.stream.AbstractPipeline.copyInto(Unknown Source)
	at java.util.stream.AbstractPipeline.wrapAndCopyInto(Unknown Source)
	at java.util.stream.FindOps$FindOp.evaluateSequential(Unknown Source)
	at java.util.stream.AbstractPipeline.evaluate(Unknown Source)
	at java.util.stream.ReferencePipeline.findFirst(Unknown Source)
	at org.openqa.selenium.remote.ProtocolHandshake.createSession(ProtocolHandshake.java:126)
	at org.openqa.selenium.remote.ProtocolHandshake.createSession(ProtocolHandshake.java:73)
	at org.openqa.selenium.remote.HttpCommandExecutor.execute(HttpCommandExecutor.java:136)
	at org.openqa.selenium.remote.service.DriverCommandExecutor.execute(DriverCommandExecutor.java:83)
	at org.openqa.selenium.remote.RemoteWebDriver.execute(RemoteWebDriver.java:548)
	at org.openqa.selenium.remote.RemoteWebDriver.startSession(RemoteWebDriver.java:212)
	at org.openqa.selenium.remote.RemoteWebDriver.&lt;init&gt;(RemoteWebDriver.java:130)
	at org.openqa.selenium.chrome.ChromeDriver.&lt;init&gt;(ChromeDriver.java:181)
	at org.openqa.selenium.chrome.ChromeDriver.&lt;init&gt;(ChromeDriver.java:168)
	at org.openqa.selenium.chrome.ChromeDriver.&lt;init&gt;(ChromeDriver.java:123)
	at com.apex.samples.core.ApexBaseTest.setUp(ApexBaseTest.java:16)
	at sun.reflect.NativeMethodAccessorImpl.invoke0(Native Method)
	at sun.reflect.NativeMethodAccessorImpl.invoke(Unknown Source)
	at sun.reflect.DelegatingMethodAccessorImpl.invoke(Unknown Source)
	at java.lang.reflect.Method.invoke(Unknown Source)
	at org.testng.internal.MethodInvocationHelper.invokeMethod(MethodInvocationHelper.java:100)
	at org.testng.internal.Invoker.invokeConfigurationMethod(Invoker.java:515)
	at org.testng.internal.Invoker.invokeConfigurations(Invoker.java:216)
	at org.testng.internal.Invoker.invokeMethod(Invoker.java:590)
	at org.testng.internal.Invoker.invokeTestMethod(Invoker.java:811)
	at org.testng.internal.Invoker.invokeTestMethods(Invoker.java:1129)
	at org.testng.internal.TestMethodWorker.invokeTestMethods(TestMethodWorker.java:129)
	at org.testng.internal.TestMethodWorker.run(TestMethodWorker.java:112)
	at org.testng.TestRunner.privateRun(TestRunner.java:746)
	at org.testng.TestRunner.run(TestRunner.java:600)
	at org.testng.SuiteRunner.runTest(SuiteRunner.java:366)
	at org.testng.SuiteRunner.runSequentially(SuiteRunner.java:361)
	at org.testng.SuiteRunner.privateRun(SuiteRunner.java:319)
	at org.testng.SuiteRunner.run(SuiteRunner.java:268)
	at org.testng.SuiteRunnerWorker.runSuite(SuiteRunnerWorker.java:52)
	at org.testng.SuiteRunnerWorker.run(SuiteRunnerWorker.java:86)
	at org.testng.TestNG.runSuitesSequentially(TestNG.java:1264)
	at org.testng.TestNG.runSuitesLocally(TestNG.java:1189)
	at org.testng.TestNG.runSuites(TestNG.java:1104)
	at org.testng.TestNG.run(TestNG.java:1076)
	at org.testng.remote.AbstractRemoteTestNG.run(AbstractRemoteTestNG.java:126)
	at org.testng.remote.RemoteTestNG.initAndRun(RemoteTestNG.java:152)
	at org.testng.remote.RemoteTestNG.main(RemoteTestNG.java:57)
</pre></div><a href='#' onClick='toggleBox("stack-trace1552326679", this, "Click to show all stack frames", "Click to hide stack frames")'>Click to show all stack frames</a>
<div class='stack-trace' id='stack-trace1552326679'><pre>org.openqa.selenium.SessionNotCreatedException: session not created: This version of ChromeDriver only supports Chrome version 75
Build info: version: &apos;3.13.0&apos;, revision: &apos;2f0d292&apos;, time: &apos;2018-06-25T15:24:21.231Z&apos;
System info: host: &apos;DESKTOP-BDB3LRA&apos;, ip: &apos;127.0.0.1&apos;, os.name: &apos;Windows 10&apos;, os.arch: &apos;amd64&apos;, os.version: &apos;10.0&apos;, java.version: &apos;1.8.0_211&apos;
Driver info: driver.version: ChromeDriver
remote stacktrace: Backtrace:
	Ordinal0 [0x002D1B23+1448739]
	Ordinal0 [0x00255A11+940561]
	Ordinal0 [0x001E2293+467603]
	Ordinal0 [0x0017F27E+62078]
	Ordinal0 [0x0017BBBD+48061]
	Ordinal0 [0x00198D19+167193]
	Ordinal0 [0x001988ED+166125]
	Ordinal0 [0x00196FFB+159739]
	Ordinal0 [0x001809F6+68086]
	Ordinal0 [0x00181990+72080]
	Ordinal0 [0x00181929+71977]
	GetHandleVerifier [0x00412E4C+1172140]
	GetHandleVerifier [0x0036FE35+504469]
	GetHandleVerifier [0x0036FBD0+503856]
	Ordinal0 [0x002DC9A8+1493416]
	GetHandleVerifier [0x0037060A+506474]
	Ordinal0 [0x00267136+1012022]
	Ordinal0 [0x00266FAF+1011631]
	Ordinal0 [0x0027133B+1053499]
	Ordinal0 [0x002714A3+1053859]
	Ordinal0 [0x002704D5+1049813]
	BaseThreadInitThunk [0x75180419+25]
	RtlGetAppContainerNamedObjectPath [0x7745662D+237]
	RtlGetAppContainerNamedObjectPath [0x774565FD+189]

	at sun.reflect.NativeConstructorAccessorImpl.newInstance0(Native Method)
	at sun.reflect.NativeConstructorAccessorImpl.newInstance(Unknown Source)
	at sun.reflect.DelegatingConstructorAccessorImpl.newInstance(Unknown Source)
	at java.lang.reflect.Constructor.newInstance(Unknown Source)
	at org.openqa.selenium.remote.W3CHandshakeResponse.lambda$new$0(W3CHandshakeResponse.java:57)
	at org.openqa.selenium.remote.W3CHandshakeResponse.lambda$getResponseFunction$2(W3CHandshakeResponse.java:104)
	at org.openqa.selenium.remote.ProtocolHandshake.lambda$createSession$0(ProtocolHandshake.java:123)
	at java.util.stream.ReferencePipeline$3$1.accept(Unknown Source)
	at java.util.Spliterators$ArraySpliterator.tryAdvance(Unknown Source)
	at java.util.stream.ReferencePipeline.forEachWithCancel(Unknown Source)
	at java.util.stream.AbstractPipeline.copyIntoWithCancel(Unknown Source)
	at java.util.stream.AbstractPipeline.copyInto(Unknown Source)
	at java.util.stream.AbstractPipeline.wrapAndCopyInto(Unknown Source)
	at java.util.stream.FindOps$FindOp.evaluateSequential(Unknown Source)
	at java.util.stream.AbstractPipeline.evaluate(Unknown Source)
	at java.util.stream.ReferencePipeline.findFirst(Unknown Source)
	at org.openqa.selenium.remote.ProtocolHandshake.createSession(ProtocolHandshake.java:126)
	at org.openqa.selenium.remote.ProtocolHandshake.createSession(ProtocolHandshake.java:73)
	at org.openqa.selenium.remote.HttpCommandExecutor.execute(HttpCommandExecutor.java:136)
	at org.openqa.selenium.remote.service.DriverCommandExecutor.execute(DriverCommandExecutor.java:83)
	at org.openqa.selenium.remote.RemoteWebDriver.execute(RemoteWebDriver.java:548)
	at org.openqa.selenium.remote.RemoteWebDriver.startSession(RemoteWebDriver.java:212)
	at org.openqa.selenium.remote.RemoteWebDriver.&lt;init&gt;(RemoteWebDriver.java:130)
	at org.openqa.selenium.chrome.ChromeDriver.&lt;init&gt;(ChromeDriver.java:181)
	at org.openqa.selenium.chrome.ChromeDriver.&lt;init&gt;(ChromeDriver.java:168)
	at org.openqa.selenium.chrome.ChromeDriver.&lt;init&gt;(ChromeDriver.java:123)
	at com.apex.samples.core.ApexBaseTest.setUp(ApexBaseTest.java:16)
	at sun.reflect.NativeMethodAccessorImpl.invoke0(Native Method)
	at sun.reflect.NativeMethodAccessorImpl.invoke(Unknown Source)
	at sun.reflect.DelegatingMethodAccessorImpl.invoke(Unknown Source)
	at java.lang.reflect.Method.invoke(Unknown Source)
	at org.testng.internal.MethodInvocationHelper.invokeMethod(MethodInvocationHelper.java:100)
	at org.testng.internal.Invoker.invokeConfigurationMethod(Invoker.java:515)
	at org.testng.internal.Invoker.invokeConfigurations(Invoker.java:216)
	at org.testng.internal.Invoker.invokeMethod(Invoker.java:590)
	at org.testng.internal.Invoker.invokeTestMethod(Invoker.java:811)
	at org.testng.internal.Invoker.invokeTestMethods(Invoker.java:1129)
	at org.testng.internal.TestMethodWorker.invokeTestMethods(TestMethodWorker.java:129)
	at org.testng.internal.TestMethodWorker.run(TestMethodWorker.java:112)
	at org.testng.TestRunner.privateRun(TestRunner.java:746)
	at org.testng.TestRunner.run(TestRunner.java:600)
	at org.testng.SuiteRunner.runTest(SuiteRunner.java:366)
	at org.testng.SuiteRunner.runSequentially(SuiteRunner.java:361)
	at org.testng.SuiteRunner.privateRun(SuiteRunner.java:319)
	at org.testng.SuiteRunner.run(SuiteRunner.java:268)
	at org.testng.SuiteRunnerWorker.runSuite(SuiteRunnerWorker.java:52)
	at org.testng.SuiteRunnerWorker.run(SuiteRunnerWorker.java:86)
	at org.testng.TestNG.runSuitesSequentially(TestNG.java:1264)
	at org.testng.TestNG.runSuitesLocally(TestNG.java:1189)
	at org.testng.TestNG.runSuites(TestNG.java:1104)
	at org.testng.TestNG.run(TestNG.java:1076)
	at org.testng.remote.AbstractRemoteTestNG.run(AbstractRemoteTestNG.java:126)
	at org.testng.remote.RemoteTestNG.initAndRun(RemoteTestNG.java:152)
	at org.testng.remote.RemoteTestNG.main(RemoteTestNG.java:57)
</pre></div></td>
<td>0</td>
<td>com.apex.samples.GoogleLoginPage_Testng@47c62251</td></tr>
<tr>
<td title='ecomm_saipratap.PlaceOrderTest.setUp()'><b>setUp</b><br>Test class: ecomm_saipratap.PlaceOrderTest</td>
<td><div><pre>org.openqa.selenium.SessionNotCreatedException: session not created: This version of ChromeDriver only supports Chrome version 75
Build info: version: &apos;3.13.0&apos;, revision: &apos;2f0d292&apos;, time: &apos;2018-06-25T15:24:21.231Z&apos;
System info: host: &apos;DESKTOP-BDB3LRA&apos;, ip: &apos;127.0.0.1&apos;, os.name: &apos;Windows 10&apos;, os.arch: &apos;amd64&apos;, os.version: &apos;10.0&apos;, java.version: &apos;1.8.0_211&apos;
Driver info: driver.version: ChromeDriver
remote stacktrace: Backtrace:
	Ordinal0 [0x002D1B23+1448739]
	Ordinal0 [0x00255A11+940561]
	Ordinal0 [0x001E2293+467603]
	Ordinal0 [0x0017F27E+62078]
	Ordinal0 [0x0017BBBD+48061]
	Ordinal0 [0x00198D19+167193]
	Ordinal0 [0x001988ED+166125]
	Ordinal0 [0x00196FFB+159739]
	Ordinal0 [0x001809F6+68086]
	Ordinal0 [0x00181990+72080]
	Ordinal0 [0x00181929+71977]
	GetHandleVerifier [0x00412E4C+1172140]
	GetHandleVerifier [0x0036FE35+504469]
	GetHandleVerifier [0x0036FBD0+503856]
	Ordinal0 [0x002DC9A8+1493416]
	GetHandleVerifier [0x0037060A+506474]
	Ordinal0 [0x00267136+1012022]
	Ordinal0 [0x00266FAF+1011631]
	Ordinal0 [0x0027133B+1053499]
	Ordinal0 [0x002714A3+1053859]
	Ordinal0 [0x002704D5+1049813]
	BaseThreadInitThunk [0x75180419+25]
	RtlGetAppContainerNamedObjectPath [0x7745662D+237]
	RtlGetAppContainerNamedObjectPath [0x774565FD+189]

	at sun.reflect.NativeConstructorAccessorImpl.newInstance0(Native Method)
	at sun.reflect.NativeConstructorAccessorImpl.newInstance(Unknown Source)
	at sun.reflect.DelegatingConstructorAccessorImpl.newInstance(Unknown Source)
	at java.lang.reflect.Constructor.newInstance(Unknown Source)
	at org.openqa.selenium.remote.W3CHandshakeResponse.lambda$new$0(W3CHandshakeResponse.java:57)
	at org.openqa.selenium.remote.W3CHandshakeResponse.lambda$getResponseFunction$2(W3CHandshakeResponse.java:104)
	at org.openqa.selenium.remote.ProtocolHandshake.lambda$createSession$0(ProtocolHandshake.java:123)
	at java.util.stream.ReferencePipeline$3$1.accept(Unknown Source)
	at java.util.Spliterators$ArraySpliterator.tryAdvance(Unknown Source)
	at java.util.stream.ReferencePipeline.forEachWithCancel(Unknown Source)
	at java.util.stream.AbstractPipeline.copyIntoWithCancel(Unknown Source)
	at java.util.stream.AbstractPipeline.copyInto(Unknown Source)
	at java.util.stream.AbstractPipeline.wrapAndCopyInto(Unknown Source)
	at java.util.stream.FindOps$FindOp.evaluateSequential(Unknown Source)
	at java.util.stream.AbstractPipeline.evaluate(Unknown Source)
	at java.util.stream.ReferencePipeline.findFirst(Unknown Source)
	at org.openqa.selenium.remote.ProtocolHandshake.createSession(ProtocolHandshake.java:126)
	at org.openqa.selenium.remote.ProtocolHandshake.createSession(ProtocolHandshake.java:73)
	at org.openqa.selenium.remote.HttpCommandExecutor.execute(HttpCommandExecutor.java:136)
	at org.openqa.selenium.remote.service.DriverCommandExecutor.execute(DriverCommandExecutor.java:83)
	at org.openqa.selenium.remote.RemoteWebDriver.execute(RemoteWebDriver.java:548)
	at org.openqa.selenium.remote.RemoteWebDriver.startSession(RemoteWebDriver.java:212)
	at org.openqa.selenium.remote.RemoteWebDriver.&lt;init&gt;(RemoteWebDriver.java:130)
	at org.openqa.selenium.chrome.ChromeDriver.&lt;init&gt;(ChromeDriver.java:181)
	at org.openqa.selenium.chrome.ChromeDriver.&lt;init&gt;(ChromeDriver.java:168)
	at org.openqa.selenium.chrome.ChromeDriver.&lt;init&gt;(ChromeDriver.java:123)
	at ecomm_saipratap.PlaceOrderBaseTest.setUp(PlaceOrderBaseTest.java:13)
	at sun.reflect.NativeMethodAccessorImpl.invoke0(Native Method)
	at sun.reflect.NativeMethodAccessorImpl.invoke(Unknown Source)
	at sun.reflect.DelegatingMethodAccessorImpl.invoke(Unknown Source)
	at java.lang.reflect.Method.invoke(Unknown Source)
	at org.testng.internal.MethodInvocationHelper.invokeMethod(MethodInvocationHelper.java:100)
	at org.testng.internal.Invoker.invokeConfigurationMethod(Invoker.java:515)
	at org.testng.internal.Invoker.invokeConfigurations(Invoker.java:216)
	at org.testng.internal.Invoker.invokeMethod(Invoker.java:590)
	at org.testng.internal.Invoker.invokeTestMethod(Invoker.java:811)
	at org.testng.internal.Invoker.invokeTestMethods(Invoker.java:1129)
	at org.testng.internal.TestMethodWorker.invokeTestMethods(TestMethodWorker.java:129)
	at org.testng.internal.TestMethodWorker.run(TestMethodWorker.java:112)
	at org.testng.TestRunner.privateRun(TestRunner.java:746)
	at org.testng.TestRunner.run(TestRunner.java:600)
	at org.testng.SuiteRunner.runTest(SuiteRunner.java:366)
	at org.testng.SuiteRunner.runSequentially(SuiteRunner.java:361)
	at org.testng.SuiteRunner.privateRun(SuiteRunner.java:319)
	at org.testng.SuiteRunner.run(SuiteRunner.java:268)
	at org.testng.SuiteRunnerWorker.runSuite(SuiteRunnerWorker.java:52)
	at org.testng.SuiteRunnerWorker.run(SuiteRunnerWorker.java:86)
	at org.testng.TestNG.runSuitesSequentially(TestNG.java:1264)
	at org.testng.TestNG.runSuitesLocally(TestNG.java:1189)
	at org.testng.TestNG.runSuites(TestNG.java:1104)
	at org.testng.TestNG.run(TestNG.java:1076)
	at org.testng.remote.AbstractRemoteTestNG.run(AbstractRemoteTestNG.java:126)
	at org.testng.remote.RemoteTestNG.initAndRun(RemoteTestNG.java:152)
	at org.testng.remote.RemoteTestNG.main(RemoteTestNG.java:57)
</pre></div><a href='#' onClick='toggleBox("stack-trace708348097", this, "Click to show all stack frames", "Click to hide stack frames")'>Click to show all stack frames</a>
<div class='stack-trace' id='stack-trace708348097'><pre>org.openqa.selenium.SessionNotCreatedException: session not created: This version of ChromeDriver only supports Chrome version 75
Build info: version: &apos;3.13.0&apos;, revision: &apos;2f0d292&apos;, time: &apos;2018-06-25T15:24:21.231Z&apos;
System info: host: &apos;DESKTOP-BDB3LRA&apos;, ip: &apos;127.0.0.1&apos;, os.name: &apos;Windows 10&apos;, os.arch: &apos;amd64&apos;, os.version: &apos;10.0&apos;, java.version: &apos;1.8.0_211&apos;
Driver info: driver.version: ChromeDriver
remote stacktrace: Backtrace:
	Ordinal0 [0x002D1B23+1448739]
	Ordinal0 [0x00255A11+940561]
	Ordinal0 [0x001E2293+467603]
	Ordinal0 [0x0017F27E+62078]
	Ordinal0 [0x0017BBBD+48061]
	Ordinal0 [0x00198D19+167193]
	Ordinal0 [0x001988ED+166125]
	Ordinal0 [0x00196FFB+159739]
	Ordinal0 [0x001809F6+68086]
	Ordinal0 [0x00181990+72080]
	Ordinal0 [0x00181929+71977]
	GetHandleVerifier [0x00412E4C+1172140]
	GetHandleVerifier [0x0036FE35+504469]
	GetHandleVerifier [0x0036FBD0+503856]
	Ordinal0 [0x002DC9A8+1493416]
	GetHandleVerifier [0x0037060A+506474]
	Ordinal0 [0x00267136+1012022]
	Ordinal0 [0x00266FAF+1011631]
	Ordinal0 [0x0027133B+1053499]
	Ordinal0 [0x002714A3+1053859]
	Ordinal0 [0x002704D5+1049813]
	BaseThreadInitThunk [0x75180419+25]
	RtlGetAppContainerNamedObjectPath [0x7745662D+237]
	RtlGetAppContainerNamedObjectPath [0x774565FD+189]

	at sun.reflect.NativeConstructorAccessorImpl.newInstance0(Native Method)
	at sun.reflect.NativeConstructorAccessorImpl.newInstance(Unknown Source)
	at sun.reflect.DelegatingConstructorAccessorImpl.newInstance(Unknown Source)
	at java.lang.reflect.Constructor.newInstance(Unknown Source)
	at org.openqa.selenium.remote.W3CHandshakeResponse.lambda$new$0(W3CHandshakeResponse.java:57)
	at org.openqa.selenium.remote.W3CHandshakeResponse.lambda$getResponseFunction$2(W3CHandshakeResponse.java:104)
	at org.openqa.selenium.remote.ProtocolHandshake.lambda$createSession$0(ProtocolHandshake.java:123)
	at java.util.stream.ReferencePipeline$3$1.accept(Unknown Source)
	at java.util.Spliterators$ArraySpliterator.tryAdvance(Unknown Source)
	at java.util.stream.ReferencePipeline.forEachWithCancel(Unknown Source)
	at java.util.stream.AbstractPipeline.copyIntoWithCancel(Unknown Source)
	at java.util.stream.AbstractPipeline.copyInto(Unknown Source)
	at java.util.stream.AbstractPipeline.wrapAndCopyInto(Unknown Source)
	at java.util.stream.FindOps$FindOp.evaluateSequential(Unknown Source)
	at java.util.stream.AbstractPipeline.evaluate(Unknown Source)
	at java.util.stream.ReferencePipeline.findFirst(Unknown Source)
	at org.openqa.selenium.remote.ProtocolHandshake.createSession(ProtocolHandshake.java:126)
	at org.openqa.selenium.remote.ProtocolHandshake.createSession(ProtocolHandshake.java:73)
	at org.openqa.selenium.remote.HttpCommandExecutor.execute(HttpCommandExecutor.java:136)
	at org.openqa.selenium.remote.service.DriverCommandExecutor.execute(DriverCommandExecutor.java:83)
	at org.openqa.selenium.remote.RemoteWebDriver.execute(RemoteWebDriver.java:548)
	at org.openqa.selenium.remote.RemoteWebDriver.startSession(RemoteWebDriver.java:212)
	at org.openqa.selenium.remote.RemoteWebDriver.&lt;init&gt;(RemoteWebDriver.java:130)
	at org.openqa.selenium.chrome.ChromeDriver.&lt;init&gt;(ChromeDriver.java:181)
	at org.openqa.selenium.chrome.ChromeDriver.&lt;init&gt;(ChromeDriver.java:168)
	at org.openqa.selenium.chrome.ChromeDriver.&lt;init&gt;(ChromeDriver.java:123)
	at ecomm_saipratap.PlaceOrderBaseTest.setUp(PlaceOrderBaseTest.java:13)
	at sun.reflect.NativeMethodAccessorImpl.invoke0(Native Method)
	at sun.reflect.NativeMethodAccessorImpl.invoke(Unknown Source)
	at sun.reflect.DelegatingMethodAccessorImpl.invoke(Unknown Source)
	at java.lang.reflect.Method.invoke(Unknown Source)
	at org.testng.internal.MethodInvocationHelper.invokeMethod(MethodInvocationHelper.java:100)
	at org.testng.internal.Invoker.invokeConfigurationMethod(Invoker.java:515)
	at org.testng.internal.Invoker.invokeConfigurations(Invoker.java:216)
	at org.testng.internal.Invoker.invokeMethod(Invoker.java:590)
	at org.testng.internal.Invoker.invokeTestMethod(Invoker.java:811)
	at org.testng.internal.Invoker.invokeTestMethods(Invoker.java:1129)
	at org.testng.internal.TestMethodWorker.invokeTestMethods(TestMethodWorker.java:129)
	at org.testng.internal.TestMethodWorker.run(TestMethodWorker.java:112)
	at org.testng.TestRunner.privateRun(TestRunner.java:746)
	at org.testng.TestRunner.run(TestRunner.java:600)
	at org.testng.SuiteRunner.runTest(SuiteRunner.java:366)
	at org.testng.SuiteRunner.runSequentially(SuiteRunner.java:361)
	at org.testng.SuiteRunner.privateRun(SuiteRunner.java:319)
	at org.testng.SuiteRunner.run(SuiteRunner.java:268)
	at org.testng.SuiteRunnerWorker.runSuite(SuiteRunnerWorker.java:52)
	at org.testng.SuiteRunnerWorker.run(SuiteRunnerWorker.java:86)
	at org.testng.TestNG.runSuitesSequentially(TestNG.java:1264)
	at org.testng.TestNG.runSuitesLocally(TestNG.java:1189)
	at org.testng.TestNG.runSuites(TestNG.java:1104)
	at org.testng.TestNG.run(TestNG.java:1076)
	at org.testng.remote.AbstractRemoteTestNG.run(AbstractRemoteTestNG.java:126)
	at org.testng.remote.RemoteTestNG.initAndRun(RemoteTestNG.java:152)
	at org.testng.remote.RemoteTestNG.main(RemoteTestNG.java:57)
</pre></div></td>
<td>0</td>
<td>ecomm_saipratap.PlaceOrderTest@66a3ffec</td></tr>
</table><p>
<table width='100%' border='1' class='invocation-skipped'>
<tr><td colspan='4' align='center'><b>SKIPPED CONFIGURATIONS</b></td></tr>
<tr><td><b>Test method</b></td>
<td width="30%"><b>Exception</b></td>
<td width="10%"><b>Time (seconds)</b></td>
<td><b>Instance</b></td>
</tr>
<tr>
<td title='ecomm_saipratap.RegistrationTest.setUp()'><b>setUp</b><br>Test class: ecomm_saipratap.RegistrationTest</td>
<td></td>
<td>0</td>
<td>ecomm_saipratap.RegistrationTest@27efef64</td></tr>
<tr>
<td title='ecomm_saipratap.LoginTest.setUp()'><b>setUp</b><br>Test class: ecomm_saipratap.LoginTest</td>
<td></td>
<td>0</td>
<td>ecomm_saipratap.LoginTest@6f7fd0e6</td></tr>
<tr>
<td title='ecomm_saipratap.LoginTest.setUp()'><b>setUp</b><br>Test class: ecomm_saipratap.LoginTest</td>
<td></td>
<td>0</td>
<td>ecomm_saipratap.LoginTest@6f7fd0e6</td></tr>
<tr>
<td title='ecomm_saipratap.LoginTest.setUp()'><b>setUp</b><br>Test class: ecomm_saipratap.LoginTest</td>
<td></td>
<td>0</td>
<td>ecomm_saipratap.LoginTest@6f7fd0e6</td></tr>
<tr>
<td title='ecomm_saipratap.LoginTest.setUp()'><b>setUp</b><br>Test class: ecomm_saipratap.LoginTest</td>
<td></td>
<td>0</td>
<td>ecomm_saipratap.LoginTest@6f7fd0e6</td></tr>
<tr>
<td title='com.apex.samples.GoogleLoginPage_Testng.setUp()'><b>setUp</b><br>Test class: com.apex.samples.GoogleLoginPage_Testng</td>
<td></td>
<td>0</td>
<td>com.apex.samples.GoogleLoginPage_Testng@47c62251</td></tr>
<tr>
<td title='com.apex.samples.GoogleLoginPage_Testng.setUp()'><b>setUp</b><br>Test class: com.apex.samples.GoogleLoginPage_Testng</td>
<td></td>
<td>0</td>
<td>com.apex.samples.GoogleLoginPage_Testng@47c62251</td></tr>
<tr>
<td title='com.apex.samples.GoogleLoginPage_Testng.setUp()'><b>setUp</b><br>Test class: com.apex.samples.GoogleLoginPage_Testng</td>
<td></td>
<td>0</td>
<td>com.apex.samples.GoogleLoginPage_Testng@47c62251</td></tr>
<tr>
<td title='com.apex.samples.ECommLoginTest.setUp()'><b>setUp</b><br>Test class: com.apex.samples.ECommLoginTest</td>
<td></td>
<td>0</td>
<td>com.apex.samples.ECommLoginTest@3e6fa38a</td></tr>
<tr>
<td title='com.apex.samples.ECommLoginTest.setUp()'><b>setUp</b><br>Test class: com.apex.samples.ECommLoginTest</td>
<td></td>
<td>0</td>
<td>com.apex.samples.ECommLoginTest@3e6fa38a</td></tr>
<tr>
<td title='com.apex.samples.ECommLoginTest.setUp()'><b>setUp</b><br>Test class: com.apex.samples.ECommLoginTest</td>
<td></td>
<td>0</td>
<td>com.apex.samples.ECommLoginTest@3e6fa38a</td></tr>
<tr>
<td title='com.apex.samples.ECommLoginTest.setUp()'><b>setUp</b><br>Test class: com.apex.samples.ECommLoginTest</td>
<td></td>
<td>0</td>
<td>com.apex.samples.ECommLoginTest@3e6fa38a</td></tr>
<tr>
<td title='com.apex.samples.ECommLoginTest.setUp()'><b>setUp</b><br>Test class: com.apex.samples.ECommLoginTest</td>
<td></td>
<td>0</td>
<td>com.apex.samples.ECommLoginTest@3e6fa38a</td></tr>
<tr>
<td title='com.apex.samples.ECommLoginTest.setUp()'><b>setUp</b><br>Test class: com.apex.samples.ECommLoginTest</td>
<td></td>
<td>0</td>
<td>com.apex.samples.ECommLoginTest@3e6fa38a</td></tr>
<tr>
<td title='com.apex.samples.ECommLoginTest.setUp()'><b>setUp</b><br>Test class: com.apex.samples.ECommLoginTest</td>
<td></td>
<td>0</td>
<td>com.apex.samples.ECommLoginTest@3e6fa38a</td></tr>
<tr>
<td title='com.apex.samples.ECommLoginTest.setUp()'><b>setUp</b><br>Test class: com.apex.samples.ECommLoginTest</td>
<td></td>
<td>0</td>
<td>com.apex.samples.ECommLoginTest@3e6fa38a</td></tr>
<tr>
<td title='com.apex.samples.ECommLoginTest.setUp()'><b>setUp</b><br>Test class: com.apex.samples.ECommLoginTest</td>
<td></td>
<td>0</td>
<td>com.apex.samples.ECommLoginTest@3e6fa38a</td></tr>
<tr>
<td title='ecomm_saipratap.RegistrationTest.cleanUp()'><b>cleanUp</b><br>Test class: ecomm_saipratap.RegistrationTest</td>
<td></td>
<td>0</td>
<td>ecomm_saipratap.RegistrationTest@27efef64</td></tr>
<tr>
<td title='ecomm_saipratap.RegistrationTest.cleanUp()'><b>cleanUp</b><br>Test class: ecomm_saipratap.RegistrationTest</td>
<td></td>
<td>0</td>
<td>ecomm_saipratap.RegistrationTest@27efef64</td></tr>
<tr>
<td title='ecomm_saipratap.LoginTest.cleanUp()'><b>cleanUp</b><br>Test class: ecomm_saipratap.LoginTest</td>
<td></td>
<td>0</td>
<td>ecomm_saipratap.LoginTest@6f7fd0e6</td></tr>
<tr>
<td title='ecomm_saipratap.LoginTest.cleanUp()'><b>cleanUp</b><br>Test class: ecomm_saipratap.LoginTest</td>
<td></td>
<td>0</td>
<td>ecomm_saipratap.LoginTest@6f7fd0e6</td></tr>
<tr>
<td title='ecomm_saipratap.LoginTest.cleanUp()'><b>cleanUp</b><br>Test class: ecomm_saipratap.LoginTest</td>
<td></td>
<td>0</td>
<td>ecomm_saipratap.LoginTest@6f7fd0e6</td></tr>
<tr>
<td title='ecomm_saipratap.LoginTest.cleanUp()'><b>cleanUp</b><br>Test class: ecomm_saipratap.LoginTest</td>
<td></td>
<td>0</td>
<td>ecomm_saipratap.LoginTest@6f7fd0e6</td></tr>
<tr>
<td title='ecomm_saipratap.LoginTest.cleanUp()'><b>cleanUp</b><br>Test class: ecomm_saipratap.LoginTest</td>
<td></td>
<td>0</td>
<td>ecomm_saipratap.LoginTest@6f7fd0e6</td></tr>
<tr>
<td title='com.apex.samples.GoogleLoginPage_Testng.cleanUp()'><b>cleanUp</b><br>Test class: com.apex.samples.GoogleLoginPage_Testng</td>
<td></td>
<td>0</td>
<td>com.apex.samples.GoogleLoginPage_Testng@47c62251</td></tr>
<tr>
<td title='com.apex.samples.GoogleLoginPage_Testng.cleanUp()'><b>cleanUp</b><br>Test class: com.apex.samples.GoogleLoginPage_Testng</td>
<td></td>
<td>0</td>
<td>com.apex.samples.GoogleLoginPage_Testng@47c62251</td></tr>
<tr>
<td title='com.apex.samples.GoogleLoginPage_Testng.cleanUp()'><b>cleanUp</b><br>Test class: com.apex.samples.GoogleLoginPage_Testng</td>
<td></td>
<td>0</td>
<td>com.apex.samples.GoogleLoginPage_Testng@47c62251</td></tr>
<tr>
<td title='com.apex.samples.GoogleLoginPage_Testng.cleanUp()'><b>cleanUp</b><br>Test class: com.apex.samples.GoogleLoginPage_Testng</td>
<td></td>
<td>0</td>
<td>com.apex.samples.GoogleLoginPage_Testng@47c62251</td></tr>
<tr>
<td title='com.apex.samples.ECommLoginTest.cleanUp()'><b>cleanUp</b><br>Test class: com.apex.samples.ECommLoginTest</td>
<td></td>
<td>0</td>
<td>com.apex.samples.ECommLoginTest@3e6fa38a</td></tr>
<tr>
<td title='com.apex.samples.ECommLoginTest.cleanUp()'><b>cleanUp</b><br>Test class: com.apex.samples.ECommLoginTest</td>
<td></td>
<td>0</td>
<td>com.apex.samples.ECommLoginTest@3e6fa38a</td></tr>
<tr>
<td title='com.apex.samples.ECommLoginTest.cleanUp()'><b>cleanUp</b><br>Test class: com.apex.samples.ECommLoginTest</td>
<td></td>
<td>0</td>
<td>com.apex.samples.ECommLoginTest@3e6fa38a</td></tr>
<tr>
<td title='com.apex.samples.ECommLoginTest.cleanUp()'><b>cleanUp</b><br>Test class: com.apex.samples.ECommLoginTest</td>
<td></td>
<td>0</td>
<td>com.apex.samples.ECommLoginTest@3e6fa38a</td></tr>
<tr>
<td title='com.apex.samples.ECommLoginTest.cleanUp()'><b>cleanUp</b><br>Test class: com.apex.samples.ECommLoginTest</td>
<td></td>
<td>0</td>
<td>com.apex.samples.ECommLoginTest@3e6fa38a</td></tr>
<tr>
<td title='com.apex.samples.ECommLoginTest.cleanUp()'><b>cleanUp</b><br>Test class: com.apex.samples.ECommLoginTest</td>
<td></td>
<td>0</td>
<td>com.apex.samples.ECommLoginTest@3e6fa38a</td></tr>
<tr>
<td title='com.apex.samples.ECommLoginTest.cleanUp()'><b>cleanUp</b><br>Test class: com.apex.samples.ECommLoginTest</td>
<td></td>
<td>0</td>
<td>com.apex.samples.ECommLoginTest@3e6fa38a</td></tr>
<tr>
<td title='com.apex.samples.ECommLoginTest.cleanUp()'><b>cleanUp</b><br>Test class: com.apex.samples.ECommLoginTest</td>
<td></td>
<td>0</td>
<td>com.apex.samples.ECommLoginTest@3e6fa38a</td></tr>
<tr>
<td title='com.apex.samples.ECommLoginTest.cleanUp()'><b>cleanUp</b><br>Test class: com.apex.samples.ECommLoginTest</td>
<td></td>
<td>0</td>
<td>com.apex.samples.ECommLoginTest@3e6fa38a</td></tr>
<tr>
<td title='ecomm_saipratap.PlaceOrderTest.cleanUp()'><b>cleanUp</b><br>Test class: ecomm_saipratap.PlaceOrderTest</td>
<td></td>
<td>0</td>
<td>ecomm_saipratap.PlaceOrderTest@66a3ffec</td></tr>
</table><p>
<table width='100%' border='1' class='invocation-skipped'>
<tr><td colspan='4' align='center'><b>SKIPPED TESTS</b></td></tr>
<tr><td><b>Test method</b></td>
<td width="30%"><b>Exception</b></td>
<td width="10%"><b>Time (seconds)</b></td>
<td><b>Instance</b></td>
</tr>
<tr>
<td title='ecomm_saipratap.PlaceOrderTest.placeOrderWithSuccessData()'><b>placeOrderWithSuccessData</b><br>Test class: ecomm_saipratap.PlaceOrderTest</td>
<td></td>
<td>0</td>
<td>ecomm_saipratap.PlaceOrderTest@66a3ffec</td></tr>
<tr>
<td title='com.apex.samples.GoogleLoginPage_Testng.testWithBlankData()'><b>testWithBlankData</b><br>Test class: com.apex.samples.GoogleLoginPage_Testng</td>
<td></td>
<td>0</td>
<td>com.apex.samples.GoogleLoginPage_Testng@47c62251</td></tr>
<tr>
<td title='ecomm_saipratap.LoginTest.testWithBlankLogin()'><b>testWithBlankLogin</b><br>Test class: ecomm_saipratap.LoginTest</td>
<td></td>
<td>0</td>
<td>ecomm_saipratap.LoginTest@6f7fd0e6</td></tr>
<tr>
<td title='com.apex.samples.ECommLoginTest.testWithBlankLogin()'><b>testWithBlankLogin</b><br>Test class: com.apex.samples.ECommLoginTest</td>
<td></td>
<td>0</td>
<td>com.apex.samples.ECommLoginTest@3e6fa38a</td></tr>
<tr>
<td title='ecomm_saipratap.LoginTest.testWithBlankPassword()'><b>testWithBlankPassword</b><br>Test class: ecomm_saipratap.LoginTest</td>
<td></td>
<td>0</td>
<td>ecomm_saipratap.LoginTest@6f7fd0e6</td></tr>
<tr>
<td title='com.apex.samples.ECommLoginTest.testWithBlankPassword()'><b>testWithBlankPassword</b><br>Test class: com.apex.samples.ECommLoginTest</td>
<td></td>
<td>0</td>
<td>com.apex.samples.ECommLoginTest@3e6fa38a</td></tr>
<tr>
<td title='ecomm_saipratap.LoginTest.testWithBothBlank()'><b>testWithBothBlank</b><br>Test class: ecomm_saipratap.LoginTest</td>
<td></td>
<td>0</td>
<td>ecomm_saipratap.LoginTest@6f7fd0e6</td></tr>
<tr>
<td title='com.apex.samples.ECommLoginTest.testWithBothBlank()'><b>testWithBothBlank</b><br>Test class: com.apex.samples.ECommLoginTest</td>
<td></td>
<td>0</td>
<td>com.apex.samples.ECommLoginTest@3e6fa38a</td></tr>
<tr>
<td title='com.apex.samples.GoogleLoginPage_Testng.testWithCharacters()'><b>testWithCharacters</b><br>Test class: com.apex.samples.GoogleLoginPage_Testng</td>
<td></td>
<td>0</td>
<td>com.apex.samples.GoogleLoginPage_Testng@47c62251</td></tr>
<tr>
<td title='ecomm_saipratap.LoginTest.testWithInvalidLogin()'><b>testWithInvalidLogin</b><br>Test class: ecomm_saipratap.LoginTest</td>
<td></td>
<td>0</td>
<td>ecomm_saipratap.LoginTest@6f7fd0e6</td></tr>
<tr>
<td title='com.apex.samples.ECommLoginTest.testWithInvalidLogin()'><b>testWithInvalidLogin</b><br>Test class: com.apex.samples.ECommLoginTest</td>
<td></td>
<td>0</td>
<td>com.apex.samples.ECommLoginTest@3e6fa38a</td></tr>
<tr>
<td title='com.apex.samples.GoogleLoginPage_Testng.testWithNumbers()'><b>testWithNumbers</b><br>Test class: com.apex.samples.GoogleLoginPage_Testng</td>
<td></td>
<td>0</td>
<td>com.apex.samples.GoogleLoginPage_Testng@47c62251</td></tr>
<tr>
<td title='ecomm_saipratap.RegistrationTest.testWithPasswordAndConfirmpassword()'><b>testWithPasswordAndConfirmpassword</b><br>Test class: ecomm_saipratap.RegistrationTest</td>
<td></td>
<td>0</td>
<td>ecomm_saipratap.RegistrationTest@27efef64</td></tr>
<tr>
<td title='com.apex.samples.GoogleLoginPage_Testng.testWithSuccessData()'><b>testWithSuccessData</b><br>Test class: com.apex.samples.GoogleLoginPage_Testng</td>
<td></td>
<td>0</td>
<td>com.apex.samples.GoogleLoginPage_Testng@47c62251</td></tr>
<tr>
<td title='ecomm_saipratap.LoginTest.testWithSuccessLogin()'><b>testWithSuccessLogin</b><br>Test class: ecomm_saipratap.LoginTest</td>
<td></td>
<td>0</td>
<td>ecomm_saipratap.LoginTest@6f7fd0e6</td></tr>
<tr>
<td title='com.apex.samples.ECommLoginTest.testWithSuccessLogin()'><b>testWithSuccessLogin</b><br>Test class: com.apex.samples.ECommLoginTest<br>Parameters: user1234, pwd1</td>
<td></td>
<td>0</td>
<td>com.apex.samples.ECommLoginTest@3e6fa38a</td></tr>
<tr>
<td title='com.apex.samples.ECommLoginTest.testWithSuccessLogin()'><b>testWithSuccessLogin</b><br>Test class: com.apex.samples.ECommLoginTest<br>Parameters: user2, pwd2</td>
<td></td>
<td>0</td>
<td>com.apex.samples.ECommLoginTest@3e6fa38a</td></tr>
<tr>
<td title='com.apex.samples.ECommLoginTest.testWithSuccessLogin()'><b>testWithSuccessLogin</b><br>Test class: com.apex.samples.ECommLoginTest<br>Parameters: , </td>
<td></td>
<td>0</td>
<td>com.apex.samples.ECommLoginTest@3e6fa38a</td></tr>
<tr>
<td title='com.apex.samples.ECommLoginTest.testWithSuccessLogin()'><b>testWithSuccessLogin</b><br>Test class: com.apex.samples.ECommLoginTest<br>Parameters: , pwd4</td>
<td></td>
<td>0</td>
<td>com.apex.samples.ECommLoginTest@3e6fa38a</td></tr>
<tr>
<td title='com.apex.samples.ECommLoginTest.testWithSuccessLogin()'><b>testWithSuccessLogin</b><br>Test class: com.apex.samples.ECommLoginTest<br>Parameters: user5, </td>
<td></td>
<td>0</td>
<td>com.apex.samples.ECommLoginTest@3e6fa38a</td></tr>
<tr>
<td title='ecomm_saipratap.RegistrationTest.testWithSuccessRegistration()'><b>testWithSuccessRegistration</b><br>Test class: ecomm_saipratap.RegistrationTest</td>
<td></td>
<td>0</td>
<td>ecomm_saipratap.RegistrationTest@27efef64</td></tr>
</table><p>
</body>
</html>