<?xml version="1.0" encoding="UTF-8" ?>
<testsuite tests="17" failures="1" name="TestSuite" time="25.841" errors="0" skipped="0">
  <properties>
    <property name="java.runtime.name" value="Java(TM) SE Runtime Environment"/>
    <property name="sun.boot.library.path" value="C:\Program Files\Java\jre1.8.0_211\bin"/>
    <property name="java.vm.version" value="25.211-b12"/>
    <property name="java.vm.vendor" value="Oracle Corporation"/>
    <property name="maven.multiModuleProjectDirectory" value="E:\anandhi\eclipse-workspace\my-selenium-samples"/>
    <property name="java.vendor.url" value="http://java.oracle.com/"/>
    <property name="path.separator" value=";"/>
    <property name="guice.disable.misplaced.annotation.check" value="true"/>
    <property name="java.vm.name" value="Java HotSpot(TM) 64-Bit Server VM"/>
    <property name="file.encoding.pkg" value="sun.io"/>
    <property name="user.script" value=""/>
    <property name="user.country" value="US"/>
    <property name="sun.java.launcher" value="SUN_STANDARD"/>
    <property name="sun.os.patch.level" value=""/>
    <property name="java.vm.specification.name" value="Java Virtual Machine Specification"/>
    <property name="user.dir" value="E:\anandhi\eclipse-workspace\my-selenium-samples"/>
    <property name="java.runtime.version" value="1.8.0_211-b12"/>
    <property name="java.awt.graphicsenv" value="sun.awt.Win32GraphicsEnvironment"/>
    <property name="java.endorsed.dirs" value="C:\Program Files\Java\jre1.8.0_211\lib\endorsed"/>
    <property name="os.arch" value="amd64"/>
    <property name="java.io.tmpdir" value="C:\Users\Home\AppData\Local\Temp\"/>
    <property name="line.separator" value="
"/>
    <property name="java.vm.specification.vendor" value="Oracle Corporation"/>
    <property name="user.variant" value=""/>
    <property name="os.name" value="Windows 10"/>
    <property name="classworlds.conf" value="E:\anandhi\eclipse-workspace\.metadata\.plugins\org.eclipse.m2e.launching\launches\m2conf8950180138221464900.tmp"/>
    <property name="sun.jnu.encoding" value="Cp1252"/>
    <property name="java.library.path" value="C:\Program Files\Java\jre1.8.0_211\bin;C:\WINDOWS\Sun\Java\bin;C:\WINDOWS\system32;C:\WINDOWS;C:/Program Files/Java/jre1.8.0_211/bin/server;C:/Program Files/Java/jre1.8.0_211/bin;C:/Program Files/Java/jre1.8.0_211/lib/amd64;C:\Program Files (x86)\Common Files\Oracle\Java\javapath;C:\WINDOWS\system32;C:\WINDOWS;C:\WINDOWS\System32\Wbem;C:\WINDOWS\System32\WindowsPowerShell\v1.0\;C:\WINDOWS\System32\OpenSSH\;C:\Program Files\Java\jdk1.8.0_211\bin;C:\Users\Home\Downloads\eclipse-java-oxygen-3a-win32-x86_64 (1)\eclipse;;."/>
    <property name="java.specification.name" value="Java Platform API Specification"/>
    <property name="java.class.version" value="52.0"/>
    <property name="sun.management.compiler" value="HotSpot 64-Bit Tiered Compilers"/>
    <property name="os.version" value="10.0"/>
    <property name="user.home" value="C:\Users\Home"/>
    <property name="user.timezone" value="America/Los_Angeles"/>
    <property name="java.awt.printerjob" value="sun.awt.windows.WPrinterJob"/>
    <property name="java.specification.version" value="1.8"/>
    <property name="file.encoding" value="Cp1252"/>
    <property name="user.name" value="Home"/>
    <property name="java.class.path" value="C:\Users\Home\Downloads\eclipse-java-oxygen-3a-win32-x86_64 (1)\eclipse\plugins\org.eclipse.m2e.maven.runtime_1.8.3.20180227-2135\jars\plexus-classworlds-2.5.2.jar"/>
    <property name="java.vm.specification.version" value="1.8"/>
    <property name="sun.arch.data.model" value="64"/>
    <property name="java.home" value="C:\Program Files\Java\jre1.8.0_211"/>
    <property name="sun.java.command" value="org.codehaus.plexus.classworlds.launcher.Launcher -B install"/>
    <property name="java.specification.vendor" value="Oracle Corporation"/>
    <property name="user.language" value="en"/>
    <property name="awt.toolkit" value="sun.awt.windows.WToolkit"/>
    <property name="java.vm.info" value="mixed mode"/>
    <property name="java.version" value="1.8.0_211"/>
    <property name="java.ext.dirs" value="C:\Program Files\Java\jre1.8.0_211\lib\ext;C:\WINDOWS\Sun\Java\lib\ext"/>
    <property name="sun.boot.class.path" value="C:\Program Files\Java\jre1.8.0_211\lib\resources.jar;C:\Program Files\Java\jre1.8.0_211\lib\rt.jar;C:\Program Files\Java\jre1.8.0_211\lib\sunrsasign.jar;C:\Program Files\Java\jre1.8.0_211\lib\jsse.jar;C:\Program Files\Java\jre1.8.0_211\lib\jce.jar;C:\Program Files\Java\jre1.8.0_211\lib\charsets.jar;C:\Program Files\Java\jre1.8.0_211\lib\jfr.jar;C:\Program Files\Java\jre1.8.0_211\classes"/>
    <property name="java.vendor" value="Oracle Corporation"/>
    <property name="maven.home" value="E:\anandhi\eclipse-workspace\my-selenium-samples\EMBEDDED"/>
    <property name="file.separator" value="\"/>
    <property name="java.vendor.url.bug" value="http://bugreport.sun.com/bugreport/"/>
    <property name="sun.cpu.endian" value="little"/>
    <property name="sun.io.unicode.encoding" value="UnicodeLittle"/>
    <property name="sun.desktop" value="windows"/>
    <property name="sun.cpu.isalist" value="amd64"/>
  </properties>
  <testcase classname="com.apex.samples.ECommLoginTest" name="testWithBlankLogin" time="0.005"/>
  <testcase classname="com.apex.samples.ECommLoginTest" name="testWithBlankPassword" time="0"/>
  <testcase classname="com.apex.samples.ECommLoginTest" name="testWithBothBlank" time="0"/>
  <testcase classname="com.apex.samples.ECommLoginTest" name="testWithInvalidLogin" time="0.001"/>
  <testcase classname="com.apex.samples.ECommLoginTest" name="testWithSuccessLogin" time="0.613"/>
  <testcase classname="com.apex.samples.ECommLoginTest" name="testWithSuccessLogin" time="0.514"/>
  <testcase classname="com.apex.samples.ECommLoginTest" name="testWithSuccessLogin" time="0.525"/>
  <testcase classname="com.apex.samples.ECommLoginTest" name="testWithSuccessLogin" time="0.529"/>
  <testcase classname="com.apex.samples.ECommLoginTest" name="testWithSuccessLogin" time="0.581"/>
  <testcase classname="ecomm_saipratap.LoginTest" name="testWithBlankLogin" time="2.477"/>
  <testcase classname="ecomm_saipratap.LoginTest" name="testWithBlankPassword" time="2.541"/>
  <testcase classname="ecomm_saipratap.LoginTest" name="testWithBothBlank" time="2.478"/>
  <testcase classname="ecomm_saipratap.LoginTest" name="testWithInvalidLogin" time="2.565"/>
  <testcase classname="ecomm_saipratap.LoginTest" name="testWithSuccessLogin" time="2.599"/>
  <testcase classname="ecomm_saipratap.PlaceOrderTest" name="placeOrderWithSuccessData" time="2.286"/>
  <testcase classname="ecomm_saipratap.RegistrationTest" name="testWithPasswordAndConfirmpassword" time="0.65"/>
  <testcase classname="ecomm_saipratap.RegistrationTest" name="testWithSuccessRegistration" time="7.477">
    <failure message="expected [http://ecommerce.saipratap.net/thankyoumessage.php?msg=reg] but found [http://ecommerce.saipratap.net/customer.php]" type="java.lang.AssertionError">java.lang.AssertionError: expected [http://ecommerce.saipratap.net/thankyoumessage.php?msg=reg] but found [http://ecommerce.saipratap.net/customer.php]
	at org.testng.Assert.fail(Assert.java:94)
	at org.testng.Assert.failNotEquals(Assert.java:513)
	at org.testng.Assert.assertEqualsImpl(Assert.java:135)
	at org.testng.Assert.assertEquals(Assert.java:116)
	at org.testng.Assert.assertEquals(Assert.java:190)
	at org.testng.Assert.assertEquals(Assert.java:200)
	at ecomm_saipratap.RegistrationTest.testWithSuccessRegistration(RegistrationTest.java:40)
</failure>
    <system-err>Starting ChromeDriver 75.0.3770.90 (a6dcaf7e3ec6f70a194cc25e8149475c6590e025-refs/branch-heads/3770@{#1003}) on port 38809
Only local connections are allowed.
Please protect ports used by ChromeDriver and related test frameworks to prevent access by malicious code.
Jul 02, 2019 6:33:53 PM org.openqa.selenium.remote.ProtocolHandshake createSession
INFO: Detected dialect: W3C
</system-err>
  </testcase>
</testsuite>