<!DOCTYPE html PUBLIC "-//W3C//DTD XHTML 1.1//EN" "http://www.w3.org/TR/xhtml11/DTD/xhtml11.dtd">
<html xmlns="http://www.w3.org/1999/xhtml"><head><title>TestNG Report</title><style type="text/css">table {margin-bottom:10px;border-collapse:collapse;empty-cells:show}th,td {border:1px solid #009;padding:.25em .5em}th {vertical-align:bottom}td {vertical-align:top}table a {font-weight:bold}.stripe td {background-color: #E6EBF9}.num {text-align:right}.passedodd td {background-color: #3F3}.passedeven td {background-color: #0A0}.skippedodd td {background-color: #DDD}.skippedeven td {background-color: #CCC}.failedodd td,.attn {background-color: #F33}.failedeven td,.stripe .attn {background-color: #D00}.stacktrace {white-space:pre;font-family:monospace}.totop {font-size:85%;text-align:center;border-bottom:2px solid #000}</style></head><body><table><tr><th>Test</th><th># Passed</th><th># Skipped</th><th># Failed</th><th>Time (ms)</th><th>Included Groups</th><th>Excluded Groups</th></tr><tr><th colspan="7">Default suite</th></tr><tr><td><a href="#t0">Default test</a></td><td class="num">0</td><td class="num attn">21</td><td class="num">0</td><td class="num">9,577</td><td></td><td></td></tr></table><table><thead><tr><th>Class</th><th>Method</th><th>Start</th><th>Time (ms)</th></tr></thead><tbody><tr><th colspan="4">Default suite</th></tr></tbody><tbody id="t0"><tr><th colspan="4">Default test &#8212; failed (configuration methods)</th></tr><tr class="failedeven"><td rowspan="1">com.apex.samples.GoogleLoginPage_Testng</td><td><a href="#m0">setUp</a></td><td rowspan="1">1573059676823</td><td rowspan="1">0</td></tr><tr class="failedodd"><td rowspan="1">ecomm_saipratap.LoginTest</td><td><a href="#m1">setUp</a></td><td rowspan="1">1573059675443</td><td rowspan="1">0</td></tr><tr class="failedeven"><td rowspan="1">ecomm_saipratap.PlaceOrderTest</td><td><a href="#m2">setUp</a></td><td rowspan="1">1573059678658</td><td rowspan="1">0</td></tr><tr class="failedodd"><td rowspan="1">ecomm_saipratap.RegistrationTest</td><td><a href="#m3">setUp</a></td><td rowspan="1">1573059670932</td><td rowspan="1">0</td></tr><tr><th colspan="4">Default test &#8212; skipped (configuration methods)</th></tr><tr class="skippedeven"><td rowspan="18">com.apex.samples.ECommLoginTest</td><td><a href="#m4">cleanUp</a></td><td rowspan="9">1573059678219</td><td rowspan="9">0</td></tr><tr class="skippedeven"><td><a href="#m5">cleanUp</a></td></tr><tr class="skippedeven"><td><a href="#m6">cleanUp</a></td></tr><tr class="skippedeven"><td><a href="#m7">cleanUp</a></td></tr><tr class="skippedeven"><td><a href="#m8">cleanUp</a></td></tr><tr class="skippedeven"><td><a href="#m9">cleanUp</a></td></tr><tr class="skippedeven"><td><a href="#m10">cleanUp</a></td></tr><tr class="skippedeven"><td><a href="#m11">cleanUp</a></td></tr><tr class="skippedeven"><td><a href="#m12">cleanUp</a></td></tr><tr class="skippedeven"><td><a href="#m13">setUp</a></td><td rowspan="9">1573059678577</td><td rowspan="9">0</td></tr><tr class="skippedeven"><td><a href="#m14">setUp</a></td></tr><tr class="skippedeven"><td><a href="#m15">setUp</a></td></tr><tr class="skippedeven"><td><a href="#m16">setUp</a></td></tr><tr class="skippedeven"><td><a href="#m17">setUp</a></td></tr><tr class="skippedeven"><td><a href="#m18">setUp</a></td></tr><tr class="skippedeven"><td><a href="#m19">setUp</a></td></tr><tr class="skippedeven"><td><a href="#m20">setUp</a></td></tr><tr class="skippedeven"><td><a href="#m21">setUp</a></td></tr><tr class="skippedodd"><td rowspan="7">com.apex.samples.GoogleLoginPage_Testng</td><td><a href="#m22">cleanUp</a></td><td rowspan="4">1573059678190</td><td rowspan="4">0</td></tr><tr class="skippedodd"><td><a href="#m23">cleanUp</a></td></tr><tr class="skippedodd"><td><a href="#m24">cleanUp</a></td></tr><tr class="skippedodd"><td><a href="#m25">cleanUp</a></td></tr><tr class="skippedodd"><td><a href="#m26">setUp</a></td><td rowspan="3">1573059678192</td><td rowspan="3">0</td></tr><tr class="skippedodd"><td><a href="#m27">setUp</a></td></tr><tr class="skippedodd"><td><a href="#m28">setUp</a></td></tr><tr class="skippedeven"><td rowspan="9">ecomm_saipratap.LoginTest</td><td><a href="#m29">cleanUp</a></td><td rowspan="5">1573059676814</td><td rowspan="5">0</td></tr><tr class="skippedeven"><td><a href="#m30">cleanUp</a></td></tr><tr class="skippedeven"><td><a href="#m31">cleanUp</a></td></tr><tr class="skippedeven"><td><a href="#m32">cleanUp</a></td></tr><tr class="skippedeven"><td><a href="#m33">cleanUp</a></td></tr><tr class="skippedeven"><td><a href="#m34">setUp</a></td><td rowspan="4">1573059676794</td><td rowspan="4">0</td></tr><tr class="skippedeven"><td><a href="#m35">setUp</a></td></tr><tr class="skippedeven"><td><a href="#m36">setUp</a></td></tr><tr class="skippedeven"><td><a href="#m37">setUp</a></td></tr><tr class="skippedodd"><td rowspan="1">ecomm_saipratap.PlaceOrderTest</td><td><a href="#m38">cleanUp</a></td><td rowspan="1">1573059680463</td><td rowspan="1">0</td></tr><tr class="skippedeven"><td rowspan="3">ecomm_saipratap.RegistrationTest</td><td><a href="#m39">cleanUp</a></td><td rowspan="2">1573059675434</td><td rowspan="2">0</td></tr><tr class="skippedeven"><td><a href="#m40">cleanUp</a></td></tr><tr class="skippedeven"><td><a href="#m41">setUp</a></td><td rowspan="1">1573059675436</td><td rowspan="1">0</td></tr><tr><th colspan="4">Default test &#8212; skipped</th></tr><tr class="skippedeven"><td rowspan="9">com.apex.samples.ECommLoginTest</td><td><a href="#m42">testWithBlankLogin</a></td><td rowspan="1">1573059678203</td><td rowspan="1">1</td></tr><tr class="skippedeven"><td><a href="#m43">testWithBlankPassword</a></td><td rowspan="1">1573059678208</td><td rowspan="1">0</td></tr><tr class="skippedeven"><td><a href="#m44">testWithBothBlank</a></td><td rowspan="1">1573059678214</td><td rowspan="1">0</td></tr><tr class="skippedeven"><td><a href="#m45">testWithInvalidLogin</a></td><td rowspan="1">1573059678217</td><td rowspan="1">1</td></tr><tr class="skippedeven"><td><a href="#m46">testWithSuccessLogin</a></td><td rowspan="5">1573059678581</td><td rowspan="5">2</td></tr><tr class="skippedeven"><td><a href="#m47">testWithSuccessLogin</a></td></tr><tr class="skippedeven"><td><a href="#m48">testWithSuccessLogin</a></td></tr><tr class="skippedeven"><td><a href="#m49">testWithSuccessLogin</a></td></tr><tr class="skippedeven"><td><a href="#m50">testWithSuccessLogin</a></td></tr><tr class="skippedodd"><td rowspan="4">com.apex.samples.GoogleLoginPage_Testng</td><td><a href="#m51">testWithBlankData</a></td><td rowspan="1">1573059678172</td><td rowspan="1">6</td></tr><tr class="skippedodd"><td><a href="#m52">testWithCharacters</a></td><td rowspan="1">1573059678185</td><td rowspan="1">1</td></tr><tr class="skippedodd"><td><a href="#m53">testWithNumbers</a></td><td rowspan="1">1573059678196</td><td rowspan="1">1</td></tr><tr class="skippedodd"><td><a href="#m54">testWithSuccessData</a></td><td rowspan="1">1573059678199</td><td rowspan="1">1</td></tr><tr class="skippedeven"><td rowspan="5">ecomm_saipratap.LoginTest</td><td><a href="#m55">testWithBlankLogin</a></td><td rowspan="1">1573059676784</td><td rowspan="1">5</td></tr><tr class="skippedeven"><td><a href="#m56">testWithBlankPassword</a></td><td rowspan="1">1573059676796</td><td rowspan="1">1</td></tr><tr class="skippedeven"><td><a href="#m57">testWithBothBlank</a></td><td rowspan="1">1573059676801</td><td rowspan="1">1</td></tr><tr class="skippedeven"><td><a href="#m58">testWithInvalidLogin</a></td><td rowspan="1">1573059676806</td><td rowspan="1">6</td></tr><tr class="skippedeven"><td><a href="#m59">testWithSuccessLogin</a></td><td rowspan="1">1573059676817</td><td rowspan="1">2</td></tr><tr class="skippedodd"><td rowspan="1">ecomm_saipratap.PlaceOrderTest</td><td><a href="#m60">placeOrderWithSuccessData</a></td><td rowspan="1">1573059680452</td><td rowspan="1">7</td></tr><tr class="skippedeven"><td rowspan="2">ecomm_saipratap.RegistrationTest</td><td><a href="#m61">testWithPasswordAndConfirmpassword</a></td><td rowspan="1">1573059675430</td><td rowspan="1">2</td></tr><tr class="skippedeven"><td><a href="#m62">testWithSuccessRegistration</a></td><td rowspan="1">1573059675438</td><td rowspan="1">1</td></tr></tbody></table><h2>Default test</h2><h3 id="m0">com.apex.samples.GoogleLoginPage_Testng#setUp</h3><table class="result"><tr><th>Exception</th></tr><tr><td><div class="stacktrace">org.openqa.selenium.SessionNotCreatedException: session not created: This version of ChromeDriver only supports Chrome version 75
Build info: version: &apos;3.13.0&apos;, revision: &apos;2f0d292&apos;, time: &apos;2018-06-25T15:24:21.231Z&apos;
System info: host: &apos;DESKTOP-BDB3LRA&apos;, ip: &apos;127.0.0.1&apos;, os.name: &apos;Windows 10&apos;, os.arch: &apos;amd64&apos;, os.version: &apos;10.0&apos;, java.version: &apos;1.8.0_211&apos;
Driver info: driver.version: ChromeDriver
remote stacktrace: Backtrace:
	Ordinal0 [0x002D1B23+1448739]
	Ordinal0 [0x00255A11+940561]
	Ordinal0 [0x001E2293+467603]
	Ordinal0 [0x0017F27E+62078]
	Ordinal0 [0x0017BBBD+48061]
	Ordinal0 [0x00198D19+167193]
	Ordinal0 [0x001988ED+166125]
	Ordinal0 [0x00196FFB+159739]
	Ordinal0 [0x001809F6+68086]
	Ordinal0 [0x00181990+72080]
	Ordinal0 [0x00181929+71977]
	GetHandleVerifier [0x00412E4C+1172140]
	GetHandleVerifier [0x0036FE35+504469]
	GetHandleVerifier [0x0036FBD0+503856]
	Ordinal0 [0x002DC9A8+1493416]
	GetHandleVerifier [0x0037060A+506474]
	Ordinal0 [0x00267136+1012022]
	Ordinal0 [0x00266FAF+1011631]
	Ordinal0 [0x0027133B+1053499]
	Ordinal0 [0x002714A3+1053859]
	Ordinal0 [0x002704D5+1049813]
	BaseThreadInitThunk [0x75180419+25]
	RtlGetAppContainerNamedObjectPath [0x7745662D+237]
	RtlGetAppContainerNamedObjectPath [0x774565FD+189]

	at sun.reflect.NativeConstructorAccessorImpl.newInstance0(Native Method)
	at sun.reflect.NativeConstructorAccessorImpl.newInstance(Unknown Source)
	at sun.reflect.DelegatingConstructorAccessorImpl.newInstance(Unknown Source)
	at java.lang.reflect.Constructor.newInstance(Unknown Source)
	at org.openqa.selenium.remote.W3CHandshakeResponse.lambda$new$0(W3CHandshakeResponse.java:57)
	at org.openqa.selenium.remote.W3CHandshakeResponse.lambda$getResponseFunction$2(W3CHandshakeResponse.java:104)
	at org.openqa.selenium.remote.ProtocolHandshake.lambda$createSession$0(ProtocolHandshake.java:123)
	at java.util.stream.ReferencePipeline$3$1.accept(Unknown Source)
	at java.util.Spliterators$ArraySpliterator.tryAdvance(Unknown Source)
	at java.util.stream.ReferencePipeline.forEachWithCancel(Unknown Source)
	at java.util.stream.AbstractPipeline.copyIntoWithCancel(Unknown Source)
	at java.util.stream.AbstractPipeline.copyInto(Unknown Source)
	at java.util.stream.AbstractPipeline.wrapAndCopyInto(Unknown Source)
	at java.util.stream.FindOps$FindOp.evaluateSequential(Unknown Source)
	at java.util.stream.AbstractPipeline.evaluate(Unknown Source)
	at java.util.stream.ReferencePipeline.findFirst(Unknown Source)
	at org.openqa.selenium.remote.ProtocolHandshake.createSession(ProtocolHandshake.java:126)
	at org.openqa.selenium.remote.ProtocolHandshake.createSession(ProtocolHandshake.java:73)
	at org.openqa.selenium.remote.HttpCommandExecutor.execute(HttpCommandExecutor.java:136)
	at org.openqa.selenium.remote.service.DriverCommandExecutor.execute(DriverCommandExecutor.java:83)
	at org.openqa.selenium.remote.RemoteWebDriver.execute(RemoteWebDriver.java:548)
	at org.openqa.selenium.remote.RemoteWebDriver.startSession(RemoteWebDriver.java:212)
	at org.openqa.selenium.remote.RemoteWebDriver.&lt;init&gt;(RemoteWebDriver.java:130)
	at org.openqa.selenium.chrome.ChromeDriver.&lt;init&gt;(ChromeDriver.java:181)
	at org.openqa.selenium.chrome.ChromeDriver.&lt;init&gt;(ChromeDriver.java:168)
	at org.openqa.selenium.chrome.ChromeDriver.&lt;init&gt;(ChromeDriver.java:123)
	at com.apex.samples.core.ApexBaseTest.setUp(ApexBaseTest.java:16)
	at sun.reflect.NativeMethodAccessorImpl.invoke0(Native Method)
	at sun.reflect.NativeMethodAccessorImpl.invoke(Unknown Source)
	at sun.reflect.DelegatingMethodAccessorImpl.invoke(Unknown Source)
	at java.lang.reflect.Method.invoke(Unknown Source)
	at org.testng.internal.MethodInvocationHelper.invokeMethod(MethodInvocationHelper.java:100)
	at org.testng.internal.Invoker.invokeConfigurationMethod(Invoker.java:515)
	at org.testng.internal.Invoker.invokeConfigurations(Invoker.java:216)
	at org.testng.internal.Invoker.invokeMethod(Invoker.java:590)
	at org.testng.internal.Invoker.invokeTestMethod(Invoker.java:811)
	at org.testng.internal.Invoker.invokeTestMethods(Invoker.java:1129)
	at org.testng.internal.TestMethodWorker.invokeTestMethods(TestMethodWorker.java:129)
	at org.testng.internal.TestMethodWorker.run(TestMethodWorker.java:112)
	at org.testng.TestRunner.privateRun(TestRunner.java:746)
	at org.testng.TestRunner.run(TestRunner.java:600)
	at org.testng.SuiteRunner.runTest(SuiteRunner.java:366)
	at org.testng.SuiteRunner.runSequentially(SuiteRunner.java:361)
	at org.testng.SuiteRunner.privateRun(SuiteRunner.java:319)
	at org.testng.SuiteRunner.run(SuiteRunner.java:268)
	at org.testng.SuiteRunnerWorker.runSuite(SuiteRunnerWorker.java:52)
	at org.testng.SuiteRunnerWorker.run(SuiteRunnerWorker.java:86)
	at org.testng.TestNG.runSuitesSequentially(TestNG.java:1264)
	at org.testng.TestNG.runSuitesLocally(TestNG.java:1189)
	at org.testng.TestNG.runSuites(TestNG.java:1104)
	at org.testng.TestNG.run(TestNG.java:1076)
	at org.testng.remote.AbstractRemoteTestNG.run(AbstractRemoteTestNG.java:126)
	at org.testng.remote.RemoteTestNG.initAndRun(RemoteTestNG.java:152)
	at org.testng.remote.RemoteTestNG.main(RemoteTestNG.java:57)
</div></td></tr></table><p class="totop"><a href="#summary">back to summary</a></p><h3 id="m1">ecomm_saipratap.LoginTest#setUp</h3><table class="result"><tr><th>Exception</th></tr><tr><td><div class="stacktrace">org.openqa.selenium.SessionNotCreatedException: session not created: This version of ChromeDriver only supports Chrome version 75
Build info: version: &apos;3.13.0&apos;, revision: &apos;2f0d292&apos;, time: &apos;2018-06-25T15:24:21.231Z&apos;
System info: host: &apos;DESKTOP-BDB3LRA&apos;, ip: &apos;127.0.0.1&apos;, os.name: &apos;Windows 10&apos;, os.arch: &apos;amd64&apos;, os.version: &apos;10.0&apos;, java.version: &apos;1.8.0_211&apos;
Driver info: driver.version: ChromeDriver
remote stacktrace: Backtrace:
	Ordinal0 [0x002D1B23+1448739]
	Ordinal0 [0x00255A11+940561]
	Ordinal0 [0x001E2293+467603]
	Ordinal0 [0x0017F27E+62078]
	Ordinal0 [0x0017BBBD+48061]
	Ordinal0 [0x00198D19+167193]
	Ordinal0 [0x001988ED+166125]
	Ordinal0 [0x00196FFB+159739]
	Ordinal0 [0x001809F6+68086]
	Ordinal0 [0x00181990+72080]
	Ordinal0 [0x00181929+71977]
	GetHandleVerifier [0x00412E4C+1172140]
	GetHandleVerifier [0x0036FE35+504469]
	GetHandleVerifier [0x0036FBD0+503856]
	Ordinal0 [0x002DC9A8+1493416]
	GetHandleVerifier [0x0037060A+506474]
	Ordinal0 [0x00267136+1012022]
	Ordinal0 [0x00266FAF+1011631]
	Ordinal0 [0x0027133B+1053499]
	Ordinal0 [0x002714A3+1053859]
	Ordinal0 [0x002704D5+1049813]
	BaseThreadInitThunk [0x75180419+25]
	RtlGetAppContainerNamedObjectPath [0x7745662D+237]
	RtlGetAppContainerNamedObjectPath [0x774565FD+189]

	at sun.reflect.NativeConstructorAccessorImpl.newInstance0(Native Method)
	at sun.reflect.NativeConstructorAccessorImpl.newInstance(Unknown Source)
	at sun.reflect.DelegatingConstructorAccessorImpl.newInstance(Unknown Source)
	at java.lang.reflect.Constructor.newInstance(Unknown Source)
	at org.openqa.selenium.remote.W3CHandshakeResponse.lambda$new$0(W3CHandshakeResponse.java:57)
	at org.openqa.selenium.remote.W3CHandshakeResponse.lambda$getResponseFunction$2(W3CHandshakeResponse.java:104)
	at org.openqa.selenium.remote.ProtocolHandshake.lambda$createSession$0(ProtocolHandshake.java:123)
	at java.util.stream.ReferencePipeline$3$1.accept(Unknown Source)
	at java.util.Spliterators$ArraySpliterator.tryAdvance(Unknown Source)
	at java.util.stream.ReferencePipeline.forEachWithCancel(Unknown Source)
	at java.util.stream.AbstractPipeline.copyIntoWithCancel(Unknown Source)
	at java.util.stream.AbstractPipeline.copyInto(Unknown Source)
	at java.util.stream.AbstractPipeline.wrapAndCopyInto(Unknown Source)
	at java.util.stream.FindOps$FindOp.evaluateSequential(Unknown Source)
	at java.util.stream.AbstractPipeline.evaluate(Unknown Source)
	at java.util.stream.ReferencePipeline.findFirst(Unknown Source)
	at org.openqa.selenium.remote.ProtocolHandshake.createSession(ProtocolHandshake.java:126)
	at org.openqa.selenium.remote.ProtocolHandshake.createSession(ProtocolHandshake.java:73)
	at org.openqa.selenium.remote.HttpCommandExecutor.execute(HttpCommandExecutor.java:136)
	at org.openqa.selenium.remote.service.DriverCommandExecutor.execute(DriverCommandExecutor.java:83)
	at org.openqa.selenium.remote.RemoteWebDriver.execute(RemoteWebDriver.java:548)
	at org.openqa.selenium.remote.RemoteWebDriver.startSession(RemoteWebDriver.java:212)
	at org.openqa.selenium.remote.RemoteWebDriver.&lt;init&gt;(RemoteWebDriver.java:130)
	at org.openqa.selenium.chrome.ChromeDriver.&lt;init&gt;(ChromeDriver.java:181)
	at org.openqa.selenium.chrome.ChromeDriver.&lt;init&gt;(ChromeDriver.java:168)
	at org.openqa.selenium.chrome.ChromeDriver.&lt;init&gt;(ChromeDriver.java:123)
	at ecomm_saipratap.core.LoginBaseTest.setUp(LoginBaseTest.java:15)
	at sun.reflect.NativeMethodAccessorImpl.invoke0(Native Method)
	at sun.reflect.NativeMethodAccessorImpl.invoke(Unknown Source)
	at sun.reflect.DelegatingMethodAccessorImpl.invoke(Unknown Source)
	at java.lang.reflect.Method.invoke(Unknown Source)
	at org.testng.internal.MethodInvocationHelper.invokeMethod(MethodInvocationHelper.java:100)
	at org.testng.internal.Invoker.invokeConfigurationMethod(Invoker.java:515)
	at org.testng.internal.Invoker.invokeConfigurations(Invoker.java:216)
	at org.testng.internal.Invoker.invokeMethod(Invoker.java:590)
	at org.testng.internal.Invoker.invokeTestMethod(Invoker.java:811)
	at org.testng.internal.Invoker.invokeTestMethods(Invoker.java:1129)
	at org.testng.internal.TestMethodWorker.invokeTestMethods(TestMethodWorker.java:129)
	at org.testng.internal.TestMethodWorker.run(TestMethodWorker.java:112)
	at org.testng.TestRunner.privateRun(TestRunner.java:746)
	at org.testng.TestRunner.run(TestRunner.java:600)
	at org.testng.SuiteRunner.runTest(SuiteRunner.java:366)
	at org.testng.SuiteRunner.runSequentially(SuiteRunner.java:361)
	at org.testng.SuiteRunner.privateRun(SuiteRunner.java:319)
	at org.testng.SuiteRunner.run(SuiteRunner.java:268)
	at org.testng.SuiteRunnerWorker.runSuite(SuiteRunnerWorker.java:52)
	at org.testng.SuiteRunnerWorker.run(SuiteRunnerWorker.java:86)
	at org.testng.TestNG.runSuitesSequentially(TestNG.java:1264)
	at org.testng.TestNG.runSuitesLocally(TestNG.java:1189)
	at org.testng.TestNG.runSuites(TestNG.java:1104)
	at org.testng.TestNG.run(TestNG.java:1076)
	at org.testng.remote.AbstractRemoteTestNG.run(AbstractRemoteTestNG.java:126)
	at org.testng.remote.RemoteTestNG.initAndRun(RemoteTestNG.java:152)
	at org.testng.remote.RemoteTestNG.main(RemoteTestNG.java:57)
</div></td></tr></table><p class="totop"><a href="#summary">back to summary</a></p><h3 id="m2">ecomm_saipratap.PlaceOrderTest#setUp</h3><table class="result"><tr><th>Exception</th></tr><tr><td><div class="stacktrace">org.openqa.selenium.SessionNotCreatedException: session not created: This version of ChromeDriver only supports Chrome version 75
Build info: version: &apos;3.13.0&apos;, revision: &apos;2f0d292&apos;, time: &apos;2018-06-25T15:24:21.231Z&apos;
System info: host: &apos;DESKTOP-BDB3LRA&apos;, ip: &apos;127.0.0.1&apos;, os.name: &apos;Windows 10&apos;, os.arch: &apos;amd64&apos;, os.version: &apos;10.0&apos;, java.version: &apos;1.8.0_211&apos;
Driver info: driver.version: ChromeDriver
remote stacktrace: Backtrace:
	Ordinal0 [0x002D1B23+1448739]
	Ordinal0 [0x00255A11+940561]
	Ordinal0 [0x001E2293+467603]
	Ordinal0 [0x0017F27E+62078]
	Ordinal0 [0x0017BBBD+48061]
	Ordinal0 [0x00198D19+167193]
	Ordinal0 [0x001988ED+166125]
	Ordinal0 [0x00196FFB+159739]
	Ordinal0 [0x001809F6+68086]
	Ordinal0 [0x00181990+72080]
	Ordinal0 [0x00181929+71977]
	GetHandleVerifier [0x00412E4C+1172140]
	GetHandleVerifier [0x0036FE35+504469]
	GetHandleVerifier [0x0036FBD0+503856]
	Ordinal0 [0x002DC9A8+1493416]
	GetHandleVerifier [0x0037060A+506474]
	Ordinal0 [0x00267136+1012022]
	Ordinal0 [0x00266FAF+1011631]
	Ordinal0 [0x0027133B+1053499]
	Ordinal0 [0x002714A3+1053859]
	Ordinal0 [0x002704D5+1049813]
	BaseThreadInitThunk [0x75180419+25]
	RtlGetAppContainerNamedObjectPath [0x7745662D+237]
	RtlGetAppContainerNamedObjectPath [0x774565FD+189]

	at sun.reflect.NativeConstructorAccessorImpl.newInstance0(Native Method)
	at sun.reflect.NativeConstructorAccessorImpl.newInstance(Unknown Source)
	at sun.reflect.DelegatingConstructorAccessorImpl.newInstance(Unknown Source)
	at java.lang.reflect.Constructor.newInstance(Unknown Source)
	at org.openqa.selenium.remote.W3CHandshakeResponse.lambda$new$0(W3CHandshakeResponse.java:57)
	at org.openqa.selenium.remote.W3CHandshakeResponse.lambda$getResponseFunction$2(W3CHandshakeResponse.java:104)
	at org.openqa.selenium.remote.ProtocolHandshake.lambda$createSession$0(ProtocolHandshake.java:123)
	at java.util.stream.ReferencePipeline$3$1.accept(Unknown Source)
	at java.util.Spliterators$ArraySpliterator.tryAdvance(Unknown Source)
	at java.util.stream.ReferencePipeline.forEachWithCancel(Unknown Source)
	at java.util.stream.AbstractPipeline.copyIntoWithCancel(Unknown Source)
	at java.util.stream.AbstractPipeline.copyInto(Unknown Source)
	at java.util.stream.AbstractPipeline.wrapAndCopyInto(Unknown Source)
	at java.util.stream.FindOps$FindOp.evaluateSequential(Unknown Source)
	at java.util.stream.AbstractPipeline.evaluate(Unknown Source)
	at java.util.stream.ReferencePipeline.findFirst(Unknown Source)
	at org.openqa.selenium.remote.ProtocolHandshake.createSession(ProtocolHandshake.java:126)
	at org.openqa.selenium.remote.ProtocolHandshake.createSession(ProtocolHandshake.java:73)
	at org.openqa.selenium.remote.HttpCommandExecutor.execute(HttpCommandExecutor.java:136)
	at org.openqa.selenium.remote.service.DriverCommandExecutor.execute(DriverCommandExecutor.java:83)
	at org.openqa.selenium.remote.RemoteWebDriver.execute(RemoteWebDriver.java:548)
	at org.openqa.selenium.remote.RemoteWebDriver.startSession(RemoteWebDriver.java:212)
	at org.openqa.selenium.remote.RemoteWebDriver.&lt;init&gt;(RemoteWebDriver.java:130)
	at org.openqa.selenium.chrome.ChromeDriver.&lt;init&gt;(ChromeDriver.java:181)
	at org.openqa.selenium.chrome.ChromeDriver.&lt;init&gt;(ChromeDriver.java:168)
	at org.openqa.selenium.chrome.ChromeDriver.&lt;init&gt;(ChromeDriver.java:123)
	at ecomm_saipratap.PlaceOrderBaseTest.setUp(PlaceOrderBaseTest.java:13)
	at sun.reflect.NativeMethodAccessorImpl.invoke0(Native Method)
	at sun.reflect.NativeMethodAccessorImpl.invoke(Unknown Source)
	at sun.reflect.DelegatingMethodAccessorImpl.invoke(Unknown Source)
	at java.lang.reflect.Method.invoke(Unknown Source)
	at org.testng.internal.MethodInvocationHelper.invokeMethod(MethodInvocationHelper.java:100)
	at org.testng.internal.Invoker.invokeConfigurationMethod(Invoker.java:515)
	at org.testng.internal.Invoker.invokeConfigurations(Invoker.java:216)
	at org.testng.internal.Invoker.invokeMethod(Invoker.java:590)
	at org.testng.internal.Invoker.invokeTestMethod(Invoker.java:811)
	at org.testng.internal.Invoker.invokeTestMethods(Invoker.java:1129)
	at org.testng.internal.TestMethodWorker.invokeTestMethods(TestMethodWorker.java:129)
	at org.testng.internal.TestMethodWorker.run(TestMethodWorker.java:112)
	at org.testng.TestRunner.privateRun(TestRunner.java:746)
	at org.testng.TestRunner.run(TestRunner.java:600)
	at org.testng.SuiteRunner.runTest(SuiteRunner.java:366)
	at org.testng.SuiteRunner.runSequentially(SuiteRunner.java:361)
	at org.testng.SuiteRunner.privateRun(SuiteRunner.java:319)
	at org.testng.SuiteRunner.run(SuiteRunner.java:268)
	at org.testng.SuiteRunnerWorker.runSuite(SuiteRunnerWorker.java:52)
	at org.testng.SuiteRunnerWorker.run(SuiteRunnerWorker.java:86)
	at org.testng.TestNG.runSuitesSequentially(TestNG.java:1264)
	at org.testng.TestNG.runSuitesLocally(TestNG.java:1189)
	at org.testng.TestNG.runSuites(TestNG.java:1104)
	at org.testng.TestNG.run(TestNG.java:1076)
	at org.testng.remote.AbstractRemoteTestNG.run(AbstractRemoteTestNG.java:126)
	at org.testng.remote.RemoteTestNG.initAndRun(RemoteTestNG.java:152)
	at org.testng.remote.RemoteTestNG.main(RemoteTestNG.java:57)
</div></td></tr></table><p class="totop"><a href="#summary">back to summary</a></p><h3 id="m3">ecomm_saipratap.RegistrationTest#setUp</h3><table class="result"><tr><th>Exception</th></tr><tr><td><div class="stacktrace">org.openqa.selenium.SessionNotCreatedException: session not created: This version of ChromeDriver only supports Chrome version 75
Build info: version: &apos;3.13.0&apos;, revision: &apos;2f0d292&apos;, time: &apos;2018-06-25T15:24:21.231Z&apos;
System info: host: &apos;DESKTOP-BDB3LRA&apos;, ip: &apos;127.0.0.1&apos;, os.name: &apos;Windows 10&apos;, os.arch: &apos;amd64&apos;, os.version: &apos;10.0&apos;, java.version: &apos;1.8.0_211&apos;
Driver info: driver.version: ChromeDriver
remote stacktrace: Backtrace:
	Ordinal0 [0x002D1B23+1448739]
	Ordinal0 [0x00255A11+940561]
	Ordinal0 [0x001E2293+467603]
	Ordinal0 [0x0017F27E+62078]
	Ordinal0 [0x0017BBBD+48061]
	Ordinal0 [0x00198D19+167193]
	Ordinal0 [0x001988ED+166125]
	Ordinal0 [0x00196FFB+159739]
	Ordinal0 [0x001809F6+68086]
	Ordinal0 [0x00181990+72080]
	Ordinal0 [0x00181929+71977]
	GetHandleVerifier [0x00412E4C+1172140]
	GetHandleVerifier [0x0036FE35+504469]
	GetHandleVerifier [0x0036FBD0+503856]
	Ordinal0 [0x002DC9A8+1493416]
	GetHandleVerifier [0x0037060A+506474]
	Ordinal0 [0x00267136+1012022]
	Ordinal0 [0x00266FAF+1011631]
	Ordinal0 [0x0027133B+1053499]
	Ordinal0 [0x002714A3+1053859]
	Ordinal0 [0x002704D5+1049813]
	BaseThreadInitThunk [0x75180419+25]
	RtlGetAppContainerNamedObjectPath [0x7745662D+237]
	RtlGetAppContainerNamedObjectPath [0x774565FD+189]

	at sun.reflect.NativeConstructorAccessorImpl.newInstance0(Native Method)
	at sun.reflect.NativeConstructorAccessorImpl.newInstance(Unknown Source)
	at sun.reflect.DelegatingConstructorAccessorImpl.newInstance(Unknown Source)
	at java.lang.reflect.Constructor.newInstance(Unknown Source)
	at org.openqa.selenium.remote.W3CHandshakeResponse.lambda$new$0(W3CHandshakeResponse.java:57)
	at org.openqa.selenium.remote.W3CHandshakeResponse.lambda$getResponseFunction$2(W3CHandshakeResponse.java:104)
	at org.openqa.selenium.remote.ProtocolHandshake.lambda$createSession$0(ProtocolHandshake.java:123)
	at java.util.stream.ReferencePipeline$3$1.accept(Unknown Source)
	at java.util.Spliterators$ArraySpliterator.tryAdvance(Unknown Source)
	at java.util.stream.ReferencePipeline.forEachWithCancel(Unknown Source)
	at java.util.stream.AbstractPipeline.copyIntoWithCancel(Unknown Source)
	at java.util.stream.AbstractPipeline.copyInto(Unknown Source)
	at java.util.stream.AbstractPipeline.wrapAndCopyInto(Unknown Source)
	at java.util.stream.FindOps$FindOp.evaluateSequential(Unknown Source)
	at java.util.stream.AbstractPipeline.evaluate(Unknown Source)
	at java.util.stream.ReferencePipeline.findFirst(Unknown Source)
	at org.openqa.selenium.remote.ProtocolHandshake.createSession(ProtocolHandshake.java:126)
	at org.openqa.selenium.remote.ProtocolHandshake.createSession(ProtocolHandshake.java:73)
	at org.openqa.selenium.remote.HttpCommandExecutor.execute(HttpCommandExecutor.java:136)
	at org.openqa.selenium.remote.service.DriverCommandExecutor.execute(DriverCommandExecutor.java:83)
	at org.openqa.selenium.remote.RemoteWebDriver.execute(RemoteWebDriver.java:548)
	at org.openqa.selenium.remote.RemoteWebDriver.startSession(RemoteWebDriver.java:212)
	at org.openqa.selenium.remote.RemoteWebDriver.&lt;init&gt;(RemoteWebDriver.java:130)
	at org.openqa.selenium.chrome.ChromeDriver.&lt;init&gt;(ChromeDriver.java:181)
	at org.openqa.selenium.chrome.ChromeDriver.&lt;init&gt;(ChromeDriver.java:168)
	at org.openqa.selenium.chrome.ChromeDriver.&lt;init&gt;(ChromeDriver.java:123)
	at ecomm_saipratap.RegistrationBaseTest.setUp(RegistrationBaseTest.java:13)
	at sun.reflect.NativeMethodAccessorImpl.invoke0(Native Method)
	at sun.reflect.NativeMethodAccessorImpl.invoke(Unknown Source)
	at sun.reflect.DelegatingMethodAccessorImpl.invoke(Unknown Source)
	at java.lang.reflect.Method.invoke(Unknown Source)
	at org.testng.internal.MethodInvocationHelper.invokeMethod(MethodInvocationHelper.java:100)
	at org.testng.internal.Invoker.invokeConfigurationMethod(Invoker.java:515)
	at org.testng.internal.Invoker.invokeConfigurations(Invoker.java:216)
	at org.testng.internal.Invoker.invokeMethod(Invoker.java:590)
	at org.testng.internal.Invoker.invokeTestMethod(Invoker.java:811)
	at org.testng.internal.Invoker.invokeTestMethods(Invoker.java:1129)
	at org.testng.internal.TestMethodWorker.invokeTestMethods(TestMethodWorker.java:129)
	at org.testng.internal.TestMethodWorker.run(TestMethodWorker.java:112)
	at org.testng.TestRunner.privateRun(TestRunner.java:746)
	at org.testng.TestRunner.run(TestRunner.java:600)
	at org.testng.SuiteRunner.runTest(SuiteRunner.java:366)
	at org.testng.SuiteRunner.runSequentially(SuiteRunner.java:361)
	at org.testng.SuiteRunner.privateRun(SuiteRunner.java:319)
	at org.testng.SuiteRunner.run(SuiteRunner.java:268)
	at org.testng.SuiteRunnerWorker.runSuite(SuiteRunnerWorker.java:52)
	at org.testng.SuiteRunnerWorker.run(SuiteRunnerWorker.java:86)
	at org.testng.TestNG.runSuitesSequentially(TestNG.java:1264)
	at org.testng.TestNG.runSuitesLocally(TestNG.java:1189)
	at org.testng.TestNG.runSuites(TestNG.java:1104)
	at org.testng.TestNG.run(TestNG.java:1076)
	at org.testng.remote.AbstractRemoteTestNG.run(AbstractRemoteTestNG.java:126)
	at org.testng.remote.RemoteTestNG.initAndRun(RemoteTestNG.java:152)
	at org.testng.remote.RemoteTestNG.main(RemoteTestNG.java:57)
</div></td></tr></table><p class="totop"><a href="#summary">back to summary</a></p><h3 id="m4">com.apex.samples.ECommLoginTest#cleanUp</h3><table class="result"></table><p class="totop"><a href="#summary">back to summary</a></p><h3 id="m5">com.apex.samples.ECommLoginTest#cleanUp</h3><table class="result"></table><p class="totop"><a href="#summary">back to summary</a></p><h3 id="m6">com.apex.samples.ECommLoginTest#cleanUp</h3><table class="result"></table><p class="totop"><a href="#summary">back to summary</a></p><h3 id="m7">com.apex.samples.ECommLoginTest#cleanUp</h3><table class="result"></table><p class="totop"><a href="#summary">back to summary</a></p><h3 id="m8">com.apex.samples.ECommLoginTest#cleanUp</h3><table class="result"></table><p class="totop"><a href="#summary">back to summary</a></p><h3 id="m9">com.apex.samples.ECommLoginTest#cleanUp</h3><table class="result"></table><p class="totop"><a href="#summary">back to summary</a></p><h3 id="m10">com.apex.samples.ECommLoginTest#cleanUp</h3><table class="result"></table><p class="totop"><a href="#summary">back to summary</a></p><h3 id="m11">com.apex.samples.ECommLoginTest#cleanUp</h3><table class="result"></table><p class="totop"><a href="#summary">back to summary</a></p><h3 id="m12">com.apex.samples.ECommLoginTest#cleanUp</h3><table class="result"></table><p class="totop"><a href="#summary">back to summary</a></p><h3 id="m13">com.apex.samples.ECommLoginTest#setUp</h3><table class="result"></table><p class="totop"><a href="#summary">back to summary</a></p><h3 id="m14">com.apex.samples.ECommLoginTest#setUp</h3><table class="result"></table><p class="totop"><a href="#summary">back to summary</a></p><h3 id="m15">com.apex.samples.ECommLoginTest#setUp</h3><table class="result"></table><p class="totop"><a href="#summary">back to summary</a></p><h3 id="m16">com.apex.samples.ECommLoginTest#setUp</h3><table class="result"></table><p class="totop"><a href="#summary">back to summary</a></p><h3 id="m17">com.apex.samples.ECommLoginTest#setUp</h3><table class="result"></table><p class="totop"><a href="#summary">back to summary</a></p><h3 id="m18">com.apex.samples.ECommLoginTest#setUp</h3><table class="result"></table><p class="totop"><a href="#summary">back to summary</a></p><h3 id="m19">com.apex.samples.ECommLoginTest#setUp</h3><table class="result"></table><p class="totop"><a href="#summary">back to summary</a></p><h3 id="m20">com.apex.samples.ECommLoginTest#setUp</h3><table class="result"></table><p class="totop"><a href="#summary">back to summary</a></p><h3 id="m21">com.apex.samples.ECommLoginTest#setUp</h3><table class="result"></table><p class="totop"><a href="#summary">back to summary</a></p><h3 id="m22">com.apex.samples.GoogleLoginPage_Testng#cleanUp</h3><table class="result"></table><p class="totop"><a href="#summary">back to summary</a></p><h3 id="m23">com.apex.samples.GoogleLoginPage_Testng#cleanUp</h3><table class="result"></table><p class="totop"><a href="#summary">back to summary</a></p><h3 id="m24">com.apex.samples.GoogleLoginPage_Testng#cleanUp</h3><table class="result"></table><p class="totop"><a href="#summary">back to summary</a></p><h3 id="m25">com.apex.samples.GoogleLoginPage_Testng#cleanUp</h3><table class="result"></table><p class="totop"><a href="#summary">back to summary</a></p><h3 id="m26">com.apex.samples.GoogleLoginPage_Testng#setUp</h3><table class="result"></table><p class="totop"><a href="#summary">back to summary</a></p><h3 id="m27">com.apex.samples.GoogleLoginPage_Testng#setUp</h3><table class="result"></table><p class="totop"><a href="#summary">back to summary</a></p><h3 id="m28">com.apex.samples.GoogleLoginPage_Testng#setUp</h3><table class="result"></table><p class="totop"><a href="#summary">back to summary</a></p><h3 id="m29">ecomm_saipratap.LoginTest#cleanUp</h3><table class="result"></table><p class="totop"><a href="#summary">back to summary</a></p><h3 id="m30">ecomm_saipratap.LoginTest#cleanUp</h3><table class="result"></table><p class="totop"><a href="#summary">back to summary</a></p><h3 id="m31">ecomm_saipratap.LoginTest#cleanUp</h3><table class="result"></table><p class="totop"><a href="#summary">back to summary</a></p><h3 id="m32">ecomm_saipratap.LoginTest#cleanUp</h3><table class="result"></table><p class="totop"><a href="#summary">back to summary</a></p><h3 id="m33">ecomm_saipratap.LoginTest#cleanUp</h3><table class="result"></table><p class="totop"><a href="#summary">back to summary</a></p><h3 id="m34">ecomm_saipratap.LoginTest#setUp</h3><table class="result"></table><p class="totop"><a href="#summary">back to summary</a></p><h3 id="m35">ecomm_saipratap.LoginTest#setUp</h3><table class="result"></table><p class="totop"><a href="#summary">back to summary</a></p><h3 id="m36">ecomm_saipratap.LoginTest#setUp</h3><table class="result"></table><p class="totop"><a href="#summary">back to summary</a></p><h3 id="m37">ecomm_saipratap.LoginTest#setUp</h3><table class="result"></table><p class="totop"><a href="#summary">back to summary</a></p><h3 id="m38">ecomm_saipratap.PlaceOrderTest#cleanUp</h3><table class="result"></table><p class="totop"><a href="#summary">back to summary</a></p><h3 id="m39">ecomm_saipratap.RegistrationTest#cleanUp</h3><table class="result"></table><p class="totop"><a href="#summary">back to summary</a></p><h3 id="m40">ecomm_saipratap.RegistrationTest#cleanUp</h3><table class="result"></table><p class="totop"><a href="#summary">back to summary</a></p><h3 id="m41">ecomm_saipratap.RegistrationTest#setUp</h3><table class="result"></table><p class="totop"><a href="#summary">back to summary</a></p><h3 id="m42">com.apex.samples.ECommLoginTest#testWithBlankLogin</h3><table class="result"></table><p class="totop"><a href="#summary">back to summary</a></p><h3 id="m43">com.apex.samples.ECommLoginTest#testWithBlankPassword</h3><table class="result"></table><p class="totop"><a href="#summary">back to summary</a></p><h3 id="m44">com.apex.samples.ECommLoginTest#testWithBothBlank</h3><table class="result"></table><p class="totop"><a href="#summary">back to summary</a></p><h3 id="m45">com.apex.samples.ECommLoginTest#testWithInvalidLogin</h3><table class="result"></table><p class="totop"><a href="#summary">back to summary</a></p><h3 id="m46">com.apex.samples.ECommLoginTest#testWithSuccessLogin</h3><table class="result"><tr class="param"><th>Parameter #1</th><th>Parameter #2</th></tr><tr class="param stripe"><td>user1234</td><td>pwd1</td></tr></table><p class="totop"><a href="#summary">back to summary</a></p><h3 id="m47">com.apex.samples.ECommLoginTest#testWithSuccessLogin</h3><table class="result"><tr class="param"><th>Parameter #1</th><th>Parameter #2</th></tr><tr class="param stripe"><td></td><td></td></tr></table><p class="totop"><a href="#summary">back to summary</a></p><h3 id="m48">com.apex.samples.ECommLoginTest#testWithSuccessLogin</h3><table class="result"><tr class="param"><th>Parameter #1</th><th>Parameter #2</th></tr><tr class="param stripe"><td>user5</td><td></td></tr></table><p class="totop"><a href="#summary">back to summary</a></p><h3 id="m49">com.apex.samples.ECommLoginTest#testWithSuccessLogin</h3><table class="result"><tr class="param"><th>Parameter #1</th><th>Parameter #2</th></tr><tr class="param stripe"><td></td><td>pwd4</td></tr></table><p class="totop"><a href="#summary">back to summary</a></p><h3 id="m50">com.apex.samples.ECommLoginTest#testWithSuccessLogin</h3><table class="result"><tr class="param"><th>Parameter #1</th><th>Parameter #2</th></tr><tr class="param stripe"><td>user2</td><td>pwd2</td></tr></table><p class="totop"><a href="#summary">back to summary</a></p><h3 id="m51">com.apex.samples.GoogleLoginPage_Testng#testWithBlankData</h3><table class="result"></table><p class="totop"><a href="#summary">back to summary</a></p><h3 id="m52">com.apex.samples.GoogleLoginPage_Testng#testWithCharacters</h3><table class="result"></table><p class="totop"><a href="#summary">back to summary</a></p><h3 id="m53">com.apex.samples.GoogleLoginPage_Testng#testWithNumbers</h3><table class="result"></table><p class="totop"><a href="#summary">back to summary</a></p><h3 id="m54">com.apex.samples.GoogleLoginPage_Testng#testWithSuccessData</h3><table class="result"></table><p class="totop"><a href="#summary">back to summary</a></p><h3 id="m55">ecomm_saipratap.LoginTest#testWithBlankLogin</h3><table class="result"></table><p class="totop"><a href="#summary">back to summary</a></p><h3 id="m56">ecomm_saipratap.LoginTest#testWithBlankPassword</h3><table class="result"></table><p class="totop"><a href="#summary">back to summary</a></p><h3 id="m57">ecomm_saipratap.LoginTest#testWithBothBlank</h3><table class="result"></table><p class="totop"><a href="#summary">back to summary</a></p><h3 id="m58">ecomm_saipratap.LoginTest#testWithInvalidLogin</h3><table class="result"></table><p class="totop"><a href="#summary">back to summary</a></p><h3 id="m59">ecomm_saipratap.LoginTest#testWithSuccessLogin</h3><table class="result"></table><p class="totop"><a href="#summary">back to summary</a></p><h3 id="m60">ecomm_saipratap.PlaceOrderTest#placeOrderWithSuccessData</h3><table class="result"></table><p class="totop"><a href="#summary">back to summary</a></p><h3 id="m61">ecomm_saipratap.RegistrationTest#testWithPasswordAndConfirmpassword</h3><table class="result"></table><p class="totop"><a href="#summary">back to summary</a></p><h3 id="m62">ecomm_saipratap.RegistrationTest#testWithSuccessRegistration</h3><table class="result"></table><p class="totop"><a href="#summary">back to summary</a></p></body></html>