<?xml version="1.0" encoding="UTF-8"?>
<testng-results skipped="21" failed="0" total="21" passed="0">
  <reporter-output>
  </reporter-output>
  <suite name="Default suite" duration-ms="9577" started-at="2019-11-06T17:01:10Z" finished-at="2019-11-06T17:01:20Z">
    <groups>
    </groups>
    <test name="Default test" duration-ms="9577" started-at="2019-11-06T17:01:10Z" finished-at="2019-11-06T17:01:20Z">
      <class name="ecomm_saipratap.LoginTest">
        <test-method status="FAIL" signature="setUp()[pri:0, instance:ecomm_saipratap.LoginTest@6f7fd0e6]" name="setUp" is-config="true" duration-ms="0" started-at="2019-11-06T09:01:15Z" finished-at="2019-11-06T09:01:15Z">
          <exception class="org.openqa.selenium.SessionNotCreatedException">
            <message>
              <![CDATA[session not created: This version of ChromeDriver only supports Chrome version 75
Build info: version: '3.13.0', revision: '2f0d292', time: '2018-06-25T15:24:21.231Z'
System info: host: 'DESKTOP-BDB3LRA', ip: '127.0.0.1', os.name: 'Windows 10', os.arch: 'amd64', os.version: '10.0', java.version: '1.8.0_211'
Driver info: driver.version: ChromeDriver
remote stacktrace: Backtrace:
	Ordinal0 [0x002D1B23+1448739]
	Ordinal0 [0x00255A11+940561]
	Ordinal0 [0x001E2293+467603]
	Ordinal0 [0x0017F27E+62078]
	Ordinal0 [0x0017BBBD+48061]
	Ordinal0 [0x00198D19+167193]
	Ordinal0 [0x001988ED+166125]
	Ordinal0 [0x00196FFB+159739]
	Ordinal0 [0x001809F6+68086]
	Ordinal0 [0x00181990+72080]
	Ordinal0 [0x00181929+71977]
	GetHandleVerifier [0x00412E4C+1172140]
	GetHandleVerifier [0x0036FE35+504469]
	GetHandleVerifier [0x0036FBD0+503856]
	Ordinal0 [0x002DC9A8+1493416]
	GetHandleVerifier [0x0037060A+506474]
	Ordinal0 [0x00267136+1012022]
	Ordinal0 [0x00266FAF+1011631]
	Ordinal0 [0x0027133B+1053499]
	Ordinal0 [0x002714A3+1053859]
	Ordinal0 [0x002704D5+1049813]
	BaseThreadInitThunk [0x75180419+25]
	RtlGetAppContainerNamedObjectPath [0x7745662D+237]
	RtlGetAppContainerNamedObjectPath [0x774565FD+189]
]]>
            </message>
            <full-stacktrace>
              <![CDATA[org.openqa.selenium.SessionNotCreatedException: session not created: This version of ChromeDriver only supports Chrome version 75
Build info: version: '3.13.0', revision: '2f0d292', time: '2018-06-25T15:24:21.231Z'
System info: host: 'DESKTOP-BDB3LRA', ip: '127.0.0.1', os.name: 'Windows 10', os.arch: 'amd64', os.version: '10.0', java.version: '1.8.0_211'
Driver info: driver.version: ChromeDriver
remote stacktrace: Backtrace:
	Ordinal0 [0x002D1B23+1448739]
	Ordinal0 [0x00255A11+940561]
	Ordinal0 [0x001E2293+467603]
	Ordinal0 [0x0017F27E+62078]
	Ordinal0 [0x0017BBBD+48061]
	Ordinal0 [0x00198D19+167193]
	Ordinal0 [0x001988ED+166125]
	Ordinal0 [0x00196FFB+159739]
	Ordinal0 [0x001809F6+68086]
	Ordinal0 [0x00181990+72080]
	Ordinal0 [0x00181929+71977]
	GetHandleVerifier [0x00412E4C+1172140]
	GetHandleVerifier [0x0036FE35+504469]
	GetHandleVerifier [0x0036FBD0+503856]
	Ordinal0 [0x002DC9A8+1493416]
	GetHandleVerifier [0x0037060A+506474]
	Ordinal0 [0x00267136+1012022]
	Ordinal0 [0x00266FAF+1011631]
	Ordinal0 [0x0027133B+1053499]
	Ordinal0 [0x002714A3+1053859]
	Ordinal0 [0x002704D5+1049813]
	BaseThreadInitThunk [0x75180419+25]
	RtlGetAppContainerNamedObjectPath [0x7745662D+237]
	RtlGetAppContainerNamedObjectPath [0x774565FD+189]

	at sun.reflect.NativeConstructorAccessorImpl.newInstance0(Native Method)
	at sun.reflect.NativeConstructorAccessorImpl.newInstance(Unknown Source)
	at sun.reflect.DelegatingConstructorAccessorImpl.newInstance(Unknown Source)
	at java.lang.reflect.Constructor.newInstance(Unknown Source)
	at org.openqa.selenium.remote.W3CHandshakeResponse.lambda$new$0(W3CHandshakeResponse.java:57)
	at org.openqa.selenium.remote.W3CHandshakeResponse.lambda$getResponseFunction$2(W3CHandshakeResponse.java:104)
	at org.openqa.selenium.remote.ProtocolHandshake.lambda$createSession$0(ProtocolHandshake.java:123)
	at java.util.stream.ReferencePipeline$3$1.accept(Unknown Source)
	at java.util.Spliterators$ArraySpliterator.tryAdvance(Unknown Source)
	at java.util.stream.ReferencePipeline.forEachWithCancel(Unknown Source)
	at java.util.stream.AbstractPipeline.copyIntoWithCancel(Unknown Source)
	at java.util.stream.AbstractPipeline.copyInto(Unknown Source)
	at java.util.stream.AbstractPipeline.wrapAndCopyInto(Unknown Source)
	at java.util.stream.FindOps$FindOp.evaluateSequential(Unknown Source)
	at java.util.stream.AbstractPipeline.evaluate(Unknown Source)
	at java.util.stream.ReferencePipeline.findFirst(Unknown Source)
	at org.openqa.selenium.remote.ProtocolHandshake.createSession(ProtocolHandshake.java:126)
	at org.openqa.selenium.remote.ProtocolHandshake.createSession(ProtocolHandshake.java:73)
	at org.openqa.selenium.remote.HttpCommandExecutor.execute(HttpCommandExecutor.java:136)
	at org.openqa.selenium.remote.service.DriverCommandExecutor.execute(DriverCommandExecutor.java:83)
	at org.openqa.selenium.remote.RemoteWebDriver.execute(RemoteWebDriver.java:548)
	at org.openqa.selenium.remote.RemoteWebDriver.startSession(RemoteWebDriver.java:212)
	at org.openqa.selenium.remote.RemoteWebDriver.<init>(RemoteWebDriver.java:130)
	at org.openqa.selenium.chrome.ChromeDriver.<init>(ChromeDriver.java:181)
	at org.openqa.selenium.chrome.ChromeDriver.<init>(ChromeDriver.java:168)
	at org.openqa.selenium.chrome.ChromeDriver.<init>(ChromeDriver.java:123)
	at ecomm_saipratap.core.LoginBaseTest.setUp(LoginBaseTest.java:15)
	at sun.reflect.NativeMethodAccessorImpl.invoke0(Native Method)
	at sun.reflect.NativeMethodAccessorImpl.invoke(Unknown Source)
	at sun.reflect.DelegatingMethodAccessorImpl.invoke(Unknown Source)
	at java.lang.reflect.Method.invoke(Unknown Source)
	at org.testng.internal.MethodInvocationHelper.invokeMethod(MethodInvocationHelper.java:100)
	at org.testng.internal.Invoker.invokeConfigurationMethod(Invoker.java:515)
	at org.testng.internal.Invoker.invokeConfigurations(Invoker.java:216)
	at org.testng.internal.Invoker.invokeMethod(Invoker.java:590)
	at org.testng.internal.Invoker.invokeTestMethod(Invoker.java:811)
	at org.testng.internal.Invoker.invokeTestMethods(Invoker.java:1129)
	at org.testng.internal.TestMethodWorker.invokeTestMethods(TestMethodWorker.java:129)
	at org.testng.internal.TestMethodWorker.run(TestMethodWorker.java:112)
	at org.testng.TestRunner.privateRun(TestRunner.java:746)
	at org.testng.TestRunner.run(TestRunner.java:600)
	at org.testng.SuiteRunner.runTest(SuiteRunner.java:366)
	at org.testng.SuiteRunner.runSequentially(SuiteRunner.java:361)
	at org.testng.SuiteRunner.privateRun(SuiteRunner.java:319)
	at org.testng.SuiteRunner.run(SuiteRunner.java:268)
	at org.testng.SuiteRunnerWorker.runSuite(SuiteRunnerWorker.java:52)
	at org.testng.SuiteRunnerWorker.run(SuiteRunnerWorker.java:86)
	at org.testng.TestNG.runSuitesSequentially(TestNG.java:1264)
	at org.testng.TestNG.runSuitesLocally(TestNG.java:1189)
	at org.testng.TestNG.runSuites(TestNG.java:1104)
	at org.testng.TestNG.run(TestNG.java:1076)
	at org.testng.remote.AbstractRemoteTestNG.run(AbstractRemoteTestNG.java:126)
	at org.testng.remote.RemoteTestNG.initAndRun(RemoteTestNG.java:152)
	at org.testng.remote.RemoteTestNG.main(RemoteTestNG.java:57)
]]>
            </full-stacktrace>
          </exception> <!-- org.openqa.selenium.SessionNotCreatedException -->
          <reporter-output>
          </reporter-output>
        </test-method> <!-- setUp -->
        <test-method status="SKIP" signature="testWithBlankLogin()[pri:0, instance:ecomm_saipratap.LoginTest@6f7fd0e6]" name="testWithBlankLogin" duration-ms="5" started-at="2019-11-06T09:01:16Z" finished-at="2019-11-06T09:01:16Z">
          <reporter-output>
          </reporter-output>
        </test-method> <!-- testWithBlankLogin -->
        <test-method status="SKIP" signature="cleanUp()[pri:0, instance:ecomm_saipratap.LoginTest@6f7fd0e6]" name="cleanUp" is-config="true" duration-ms="0" started-at="2019-11-06T09:01:16Z" finished-at="2019-11-06T09:01:16Z">
          <reporter-output>
          </reporter-output>
        </test-method> <!-- cleanUp -->
        <test-method status="SKIP" signature="setUp()[pri:0, instance:ecomm_saipratap.LoginTest@6f7fd0e6]" name="setUp" is-config="true" duration-ms="0" started-at="2019-11-06T09:01:16Z" finished-at="2019-11-06T09:01:16Z">
          <reporter-output>
          </reporter-output>
        </test-method> <!-- setUp -->
        <test-method status="SKIP" signature="testWithBlankPassword()[pri:0, instance:ecomm_saipratap.LoginTest@6f7fd0e6]" name="testWithBlankPassword" duration-ms="1" started-at="2019-11-06T09:01:16Z" finished-at="2019-11-06T09:01:16Z">
          <reporter-output>
          </reporter-output>
        </test-method> <!-- testWithBlankPassword -->
        <test-method status="SKIP" signature="cleanUp()[pri:0, instance:ecomm_saipratap.LoginTest@6f7fd0e6]" name="cleanUp" is-config="true" duration-ms="0" started-at="2019-11-06T09:01:16Z" finished-at="2019-11-06T09:01:16Z">
          <reporter-output>
          </reporter-output>
        </test-method> <!-- cleanUp -->
        <test-method status="SKIP" signature="setUp()[pri:0, instance:ecomm_saipratap.LoginTest@6f7fd0e6]" name="setUp" is-config="true" duration-ms="0" started-at="2019-11-06T09:01:16Z" finished-at="2019-11-06T09:01:16Z">
          <reporter-output>
          </reporter-output>
        </test-method> <!-- setUp -->
        <test-method status="SKIP" signature="testWithBothBlank()[pri:0, instance:ecomm_saipratap.LoginTest@6f7fd0e6]" name="testWithBothBlank" duration-ms="1" started-at="2019-11-06T09:01:16Z" finished-at="2019-11-06T09:01:16Z">
          <reporter-output>
          </reporter-output>
        </test-method> <!-- testWithBothBlank -->
        <test-method status="SKIP" signature="cleanUp()[pri:0, instance:ecomm_saipratap.LoginTest@6f7fd0e6]" name="cleanUp" is-config="true" duration-ms="0" started-at="2019-11-06T09:01:16Z" finished-at="2019-11-06T09:01:16Z">
          <reporter-output>
          </reporter-output>
        </test-method> <!-- cleanUp -->
        <test-method status="SKIP" signature="setUp()[pri:0, instance:ecomm_saipratap.LoginTest@6f7fd0e6]" name="setUp" is-config="true" duration-ms="0" started-at="2019-11-06T09:01:16Z" finished-at="2019-11-06T09:01:16Z">
          <reporter-output>
          </reporter-output>
        </test-method> <!-- setUp -->
        <test-method status="SKIP" signature="testWithInvalidLogin()[pri:0, instance:ecomm_saipratap.LoginTest@6f7fd0e6]" name="testWithInvalidLogin" duration-ms="6" started-at="2019-11-06T09:01:16Z" finished-at="2019-11-06T09:01:16Z">
          <reporter-output>
          </reporter-output>
        </test-method> <!-- testWithInvalidLogin -->
        <test-method status="SKIP" signature="cleanUp()[pri:0, instance:ecomm_saipratap.LoginTest@6f7fd0e6]" name="cleanUp" is-config="true" duration-ms="0" started-at="2019-11-06T09:01:16Z" finished-at="2019-11-06T09:01:16Z">
          <reporter-output>
          </reporter-output>
        </test-method> <!-- cleanUp -->
        <test-method status="SKIP" signature="setUp()[pri:0, instance:ecomm_saipratap.LoginTest@6f7fd0e6]" name="setUp" is-config="true" duration-ms="0" started-at="2019-11-06T09:01:16Z" finished-at="2019-11-06T09:01:16Z">
          <reporter-output>
          </reporter-output>
        </test-method> <!-- setUp -->
        <test-method status="SKIP" signature="testWithSuccessLogin()[pri:0, instance:ecomm_saipratap.LoginTest@6f7fd0e6]" name="testWithSuccessLogin" duration-ms="2" started-at="2019-11-06T09:01:16Z" finished-at="2019-11-06T09:01:16Z">
          <reporter-output>
          </reporter-output>
        </test-method> <!-- testWithSuccessLogin -->
        <test-method status="SKIP" signature="cleanUp()[pri:0, instance:ecomm_saipratap.LoginTest@6f7fd0e6]" name="cleanUp" is-config="true" duration-ms="0" started-at="2019-11-06T09:01:16Z" finished-at="2019-11-06T09:01:16Z">
          <reporter-output>
          </reporter-output>
        </test-method> <!-- cleanUp -->
      </class> <!-- ecomm_saipratap.LoginTest -->
      <class name="ecomm_saipratap.PlaceOrderTest">
        <test-method status="FAIL" signature="setUp()[pri:0, instance:ecomm_saipratap.PlaceOrderTest@66a3ffec]" name="setUp" is-config="true" duration-ms="0" started-at="2019-11-06T09:01:18Z" finished-at="2019-11-06T09:01:18Z">
          <exception class="org.openqa.selenium.SessionNotCreatedException">
            <message>
              <![CDATA[session not created: This version of ChromeDriver only supports Chrome version 75
Build info: version: '3.13.0', revision: '2f0d292', time: '2018-06-25T15:24:21.231Z'
System info: host: 'DESKTOP-BDB3LRA', ip: '127.0.0.1', os.name: 'Windows 10', os.arch: 'amd64', os.version: '10.0', java.version: '1.8.0_211'
Driver info: driver.version: ChromeDriver
remote stacktrace: Backtrace:
	Ordinal0 [0x002D1B23+1448739]
	Ordinal0 [0x00255A11+940561]
	Ordinal0 [0x001E2293+467603]
	Ordinal0 [0x0017F27E+62078]
	Ordinal0 [0x0017BBBD+48061]
	Ordinal0 [0x00198D19+167193]
	Ordinal0 [0x001988ED+166125]
	Ordinal0 [0x00196FFB+159739]
	Ordinal0 [0x001809F6+68086]
	Ordinal0 [0x00181990+72080]
	Ordinal0 [0x00181929+71977]
	GetHandleVerifier [0x00412E4C+1172140]
	GetHandleVerifier [0x0036FE35+504469]
	GetHandleVerifier [0x0036FBD0+503856]
	Ordinal0 [0x002DC9A8+1493416]
	GetHandleVerifier [0x0037060A+506474]
	Ordinal0 [0x00267136+1012022]
	Ordinal0 [0x00266FAF+1011631]
	Ordinal0 [0x0027133B+1053499]
	Ordinal0 [0x002714A3+1053859]
	Ordinal0 [0x002704D5+1049813]
	BaseThreadInitThunk [0x75180419+25]
	RtlGetAppContainerNamedObjectPath [0x7745662D+237]
	RtlGetAppContainerNamedObjectPath [0x774565FD+189]
]]>
            </message>
            <full-stacktrace>
              <![CDATA[org.openqa.selenium.SessionNotCreatedException: session not created: This version of ChromeDriver only supports Chrome version 75
Build info: version: '3.13.0', revision: '2f0d292', time: '2018-06-25T15:24:21.231Z'
System info: host: 'DESKTOP-BDB3LRA', ip: '127.0.0.1', os.name: 'Windows 10', os.arch: 'amd64', os.version: '10.0', java.version: '1.8.0_211'
Driver info: driver.version: ChromeDriver
remote stacktrace: Backtrace:
	Ordinal0 [0x002D1B23+1448739]
	Ordinal0 [0x00255A11+940561]
	Ordinal0 [0x001E2293+467603]
	Ordinal0 [0x0017F27E+62078]
	Ordinal0 [0x0017BBBD+48061]
	Ordinal0 [0x00198D19+167193]
	Ordinal0 [0x001988ED+166125]
	Ordinal0 [0x00196FFB+159739]
	Ordinal0 [0x001809F6+68086]
	Ordinal0 [0x00181990+72080]
	Ordinal0 [0x00181929+71977]
	GetHandleVerifier [0x00412E4C+1172140]
	GetHandleVerifier [0x0036FE35+504469]
	GetHandleVerifier [0x0036FBD0+503856]
	Ordinal0 [0x002DC9A8+1493416]
	GetHandleVerifier [0x0037060A+506474]
	Ordinal0 [0x00267136+1012022]
	Ordinal0 [0x00266FAF+1011631]
	Ordinal0 [0x0027133B+1053499]
	Ordinal0 [0x002714A3+1053859]
	Ordinal0 [0x002704D5+1049813]
	BaseThreadInitThunk [0x75180419+25]
	RtlGetAppContainerNamedObjectPath [0x7745662D+237]
	RtlGetAppContainerNamedObjectPath [0x774565FD+189]

	at sun.reflect.NativeConstructorAccessorImpl.newInstance0(Native Method)
	at sun.reflect.NativeConstructorAccessorImpl.newInstance(Unknown Source)
	at sun.reflect.DelegatingConstructorAccessorImpl.newInstance(Unknown Source)
	at java.lang.reflect.Constructor.newInstance(Unknown Source)
	at org.openqa.selenium.remote.W3CHandshakeResponse.lambda$new$0(W3CHandshakeResponse.java:57)
	at org.openqa.selenium.remote.W3CHandshakeResponse.lambda$getResponseFunction$2(W3CHandshakeResponse.java:104)
	at org.openqa.selenium.remote.ProtocolHandshake.lambda$createSession$0(ProtocolHandshake.java:123)
	at java.util.stream.ReferencePipeline$3$1.accept(Unknown Source)
	at java.util.Spliterators$ArraySpliterator.tryAdvance(Unknown Source)
	at java.util.stream.ReferencePipeline.forEachWithCancel(Unknown Source)
	at java.util.stream.AbstractPipeline.copyIntoWithCancel(Unknown Source)
	at java.util.stream.AbstractPipeline.copyInto(Unknown Source)
	at java.util.stream.AbstractPipeline.wrapAndCopyInto(Unknown Source)
	at java.util.stream.FindOps$FindOp.evaluateSequential(Unknown Source)
	at java.util.stream.AbstractPipeline.evaluate(Unknown Source)
	at java.util.stream.ReferencePipeline.findFirst(Unknown Source)
	at org.openqa.selenium.remote.ProtocolHandshake.createSession(ProtocolHandshake.java:126)
	at org.openqa.selenium.remote.ProtocolHandshake.createSession(ProtocolHandshake.java:73)
	at org.openqa.selenium.remote.HttpCommandExecutor.execute(HttpCommandExecutor.java:136)
	at org.openqa.selenium.remote.service.DriverCommandExecutor.execute(DriverCommandExecutor.java:83)
	at org.openqa.selenium.remote.RemoteWebDriver.execute(RemoteWebDriver.java:548)
	at org.openqa.selenium.remote.RemoteWebDriver.startSession(RemoteWebDriver.java:212)
	at org.openqa.selenium.remote.RemoteWebDriver.<init>(RemoteWebDriver.java:130)
	at org.openqa.selenium.chrome.ChromeDriver.<init>(ChromeDriver.java:181)
	at org.openqa.selenium.chrome.ChromeDriver.<init>(ChromeDriver.java:168)
	at org.openqa.selenium.chrome.ChromeDriver.<init>(ChromeDriver.java:123)
	at ecomm_saipratap.PlaceOrderBaseTest.setUp(PlaceOrderBaseTest.java:13)
	at sun.reflect.NativeMethodAccessorImpl.invoke0(Native Method)
	at sun.reflect.NativeMethodAccessorImpl.invoke(Unknown Source)
	at sun.reflect.DelegatingMethodAccessorImpl.invoke(Unknown Source)
	at java.lang.reflect.Method.invoke(Unknown Source)
	at org.testng.internal.MethodInvocationHelper.invokeMethod(MethodInvocationHelper.java:100)
	at org.testng.internal.Invoker.invokeConfigurationMethod(Invoker.java:515)
	at org.testng.internal.Invoker.invokeConfigurations(Invoker.java:216)
	at org.testng.internal.Invoker.invokeMethod(Invoker.java:590)
	at org.testng.internal.Invoker.invokeTestMethod(Invoker.java:811)
	at org.testng.internal.Invoker.invokeTestMethods(Invoker.java:1129)
	at org.testng.internal.TestMethodWorker.invokeTestMethods(TestMethodWorker.java:129)
	at org.testng.internal.TestMethodWorker.run(TestMethodWorker.java:112)
	at org.testng.TestRunner.privateRun(TestRunner.java:746)
	at org.testng.TestRunner.run(TestRunner.java:600)
	at org.testng.SuiteRunner.runTest(SuiteRunner.java:366)
	at org.testng.SuiteRunner.runSequentially(SuiteRunner.java:361)
	at org.testng.SuiteRunner.privateRun(SuiteRunner.java:319)
	at org.testng.SuiteRunner.run(SuiteRunner.java:268)
	at org.testng.SuiteRunnerWorker.runSuite(SuiteRunnerWorker.java:52)
	at org.testng.SuiteRunnerWorker.run(SuiteRunnerWorker.java:86)
	at org.testng.TestNG.runSuitesSequentially(TestNG.java:1264)
	at org.testng.TestNG.runSuitesLocally(TestNG.java:1189)
	at org.testng.TestNG.runSuites(TestNG.java:1104)
	at org.testng.TestNG.run(TestNG.java:1076)
	at org.testng.remote.AbstractRemoteTestNG.run(AbstractRemoteTestNG.java:126)
	at org.testng.remote.RemoteTestNG.initAndRun(RemoteTestNG.java:152)
	at org.testng.remote.RemoteTestNG.main(RemoteTestNG.java:57)
]]>
            </full-stacktrace>
          </exception> <!-- org.openqa.selenium.SessionNotCreatedException -->
          <reporter-output>
          </reporter-output>
        </test-method> <!-- setUp -->
        <test-method status="SKIP" signature="placeOrderWithSuccessData()[pri:0, instance:ecomm_saipratap.PlaceOrderTest@66a3ffec]" name="placeOrderWithSuccessData" duration-ms="7" started-at="2019-11-06T09:01:20Z" finished-at="2019-11-06T09:01:20Z">
          <reporter-output>
          </reporter-output>
        </test-method> <!-- placeOrderWithSuccessData -->
        <test-method status="SKIP" signature="cleanUp()[pri:0, instance:ecomm_saipratap.PlaceOrderTest@66a3ffec]" name="cleanUp" is-config="true" duration-ms="0" started-at="2019-11-06T09:01:20Z" finished-at="2019-11-06T09:01:20Z">
          <reporter-output>
          </reporter-output>
        </test-method> <!-- cleanUp -->
      </class> <!-- ecomm_saipratap.PlaceOrderTest -->
      <class name="com.apex.samples.ECommLoginTest">
        <test-method status="SKIP" signature="setUp()[pri:0, instance:com.apex.samples.ECommLoginTest@3e6fa38a]" name="setUp" is-config="true" duration-ms="0" started-at="2019-11-06T09:01:18Z" finished-at="2019-11-06T09:01:18Z">
          <reporter-output>
          </reporter-output>
        </test-method> <!-- setUp -->
        <test-method status="SKIP" signature="testWithBlankLogin()[pri:0, instance:com.apex.samples.ECommLoginTest@3e6fa38a]" name="testWithBlankLogin" duration-ms="1" started-at="2019-11-06T09:01:18Z" finished-at="2019-11-06T09:01:18Z">
          <reporter-output>
          </reporter-output>
        </test-method> <!-- testWithBlankLogin -->
        <test-method status="SKIP" signature="cleanUp()[pri:0, instance:com.apex.samples.ECommLoginTest@3e6fa38a]" name="cleanUp" is-config="true" duration-ms="0" started-at="2019-11-06T09:01:18Z" finished-at="2019-11-06T09:01:18Z">
          <reporter-output>
          </reporter-output>
        </test-method> <!-- cleanUp -->
        <test-method status="SKIP" signature="setUp()[pri:0, instance:com.apex.samples.ECommLoginTest@3e6fa38a]" name="setUp" is-config="true" duration-ms="0" started-at="2019-11-06T09:01:18Z" finished-at="2019-11-06T09:01:18Z">
          <reporter-output>
          </reporter-output>
        </test-method> <!-- setUp -->
        <test-method status="SKIP" signature="testWithBlankPassword()[pri:0, instance:com.apex.samples.ECommLoginTest@3e6fa38a]" name="testWithBlankPassword" duration-ms="0" started-at="2019-11-06T09:01:18Z" finished-at="2019-11-06T09:01:18Z">
          <reporter-output>
          </reporter-output>
        </test-method> <!-- testWithBlankPassword -->
        <test-method status="SKIP" signature="cleanUp()[pri:0, instance:com.apex.samples.ECommLoginTest@3e6fa38a]" name="cleanUp" is-config="true" duration-ms="0" started-at="2019-11-06T09:01:18Z" finished-at="2019-11-06T09:01:18Z">
          <reporter-output>
          </reporter-output>
        </test-method> <!-- cleanUp -->
        <test-method status="SKIP" signature="setUp()[pri:0, instance:com.apex.samples.ECommLoginTest@3e6fa38a]" name="setUp" is-config="true" duration-ms="0" started-at="2019-11-06T09:01:18Z" finished-at="2019-11-06T09:01:18Z">
          <reporter-output>
          </reporter-output>
        </test-method> <!-- setUp -->
        <test-method status="SKIP" signature="testWithBothBlank()[pri:0, instance:com.apex.samples.ECommLoginTest@3e6fa38a]" name="testWithBothBlank" duration-ms="0" started-at="2019-11-06T09:01:18Z" finished-at="2019-11-06T09:01:18Z">
          <reporter-output>
          </reporter-output>
        </test-method> <!-- testWithBothBlank -->
        <test-method status="SKIP" signature="cleanUp()[pri:0, instance:com.apex.samples.ECommLoginTest@3e6fa38a]" name="cleanUp" is-config="true" duration-ms="0" started-at="2019-11-06T09:01:18Z" finished-at="2019-11-06T09:01:18Z">
          <reporter-output>
          </reporter-output>
        </test-method> <!-- cleanUp -->
        <test-method status="SKIP" signature="setUp()[pri:0, instance:com.apex.samples.ECommLoginTest@3e6fa38a]" name="setUp" is-config="true" duration-ms="0" started-at="2019-11-06T09:01:18Z" finished-at="2019-11-06T09:01:18Z">
          <reporter-output>
          </reporter-output>
        </test-method> <!-- setUp -->
        <test-method status="SKIP" signature="testWithInvalidLogin()[pri:0, instance:com.apex.samples.ECommLoginTest@3e6fa38a]" name="testWithInvalidLogin" duration-ms="1" started-at="2019-11-06T09:01:18Z" finished-at="2019-11-06T09:01:18Z">
          <reporter-output>
          </reporter-output>
        </test-method> <!-- testWithInvalidLogin -->
        <test-method status="SKIP" signature="cleanUp()[pri:0, instance:com.apex.samples.ECommLoginTest@3e6fa38a]" name="cleanUp" is-config="true" duration-ms="0" started-at="2019-11-06T09:01:18Z" finished-at="2019-11-06T09:01:18Z">
          <reporter-output>
          </reporter-output>
        </test-method> <!-- cleanUp -->
        <test-method status="SKIP" signature="setUp()[pri:0, instance:com.apex.samples.ECommLoginTest@3e6fa38a]" name="setUp" is-config="true" duration-ms="0" started-at="2019-11-06T09:01:18Z" finished-at="2019-11-06T09:01:18Z">
          <reporter-output>
          </reporter-output>
        </test-method> <!-- setUp -->
        <test-method status="SKIP" signature="testWithSuccessLogin(java.lang.String, java.lang.String)[pri:0, instance:com.apex.samples.ECommLoginTest@3e6fa38a]" name="testWithSuccessLogin" duration-ms="2" started-at="2019-11-06T09:01:18Z" data-provider="LoginSuccessIds" finished-at="2019-11-06T09:01:18Z">
          <params>
            <param index="0">
              <value>
                <![CDATA[user1234]]>
              </value>
            </param>
            <param index="1">
              <value>
                <![CDATA[pwd1]]>
              </value>
            </param>
          </params>
          <reporter-output>
          </reporter-output>
        </test-method> <!-- testWithSuccessLogin -->
        <test-method status="SKIP" signature="cleanUp()[pri:0, instance:com.apex.samples.ECommLoginTest@3e6fa38a]" name="cleanUp" is-config="true" duration-ms="0" started-at="2019-11-06T09:01:18Z" finished-at="2019-11-06T09:01:18Z">
          <reporter-output>
          </reporter-output>
        </test-method> <!-- cleanUp -->
        <test-method status="SKIP" signature="setUp()[pri:0, instance:com.apex.samples.ECommLoginTest@3e6fa38a]" name="setUp" is-config="true" duration-ms="0" started-at="2019-11-06T09:01:18Z" finished-at="2019-11-06T09:01:18Z">
          <reporter-output>
          </reporter-output>
        </test-method> <!-- setUp -->
        <test-method status="SKIP" signature="testWithSuccessLogin(java.lang.String, java.lang.String)[pri:0, instance:com.apex.samples.ECommLoginTest@3e6fa38a]" name="testWithSuccessLogin" duration-ms="1" started-at="2019-11-06T09:01:18Z" data-provider="LoginSuccessIds" finished-at="2019-11-06T09:01:18Z">
          <params>
            <param index="0">
              <value>
                <![CDATA[user2]]>
              </value>
            </param>
            <param index="1">
              <value>
                <![CDATA[pwd2]]>
              </value>
            </param>
          </params>
          <reporter-output>
          </reporter-output>
        </test-method> <!-- testWithSuccessLogin -->
        <test-method status="SKIP" signature="setUp()[pri:0, instance:com.apex.samples.ECommLoginTest@3e6fa38a]" name="setUp" is-config="true" duration-ms="0" started-at="2019-11-06T09:01:18Z" finished-at="2019-11-06T09:01:18Z">
          <reporter-output>
          </reporter-output>
        </test-method> <!-- setUp -->
        <test-method status="SKIP" signature="cleanUp()[pri:0, instance:com.apex.samples.ECommLoginTest@3e6fa38a]" name="cleanUp" is-config="true" duration-ms="0" started-at="2019-11-06T09:01:18Z" finished-at="2019-11-06T09:01:18Z">
          <reporter-output>
          </reporter-output>
        </test-method> <!-- cleanUp -->
        <test-method status="SKIP" signature="testWithSuccessLogin(java.lang.String, java.lang.String)[pri:0, instance:com.apex.samples.ECommLoginTest@3e6fa38a]" name="testWithSuccessLogin" duration-ms="1" started-at="2019-11-06T09:01:18Z" data-provider="LoginSuccessIds" finished-at="2019-11-06T09:01:18Z">
          <params>
            <param index="0">
              <value>
                <![CDATA[]]>
              </value>
            </param>
            <param index="1">
              <value>
                <![CDATA[]]>
              </value>
            </param>
          </params>
          <reporter-output>
          </reporter-output>
        </test-method> <!-- testWithSuccessLogin -->
        <test-method status="SKIP" signature="cleanUp()[pri:0, instance:com.apex.samples.ECommLoginTest@3e6fa38a]" name="cleanUp" is-config="true" duration-ms="0" started-at="2019-11-06T09:01:18Z" finished-at="2019-11-06T09:01:18Z">
          <reporter-output>
          </reporter-output>
        </test-method> <!-- cleanUp -->
        <test-method status="SKIP" signature="testWithSuccessLogin(java.lang.String, java.lang.String)[pri:0, instance:com.apex.samples.ECommLoginTest@3e6fa38a]" name="testWithSuccessLogin" duration-ms="1" started-at="2019-11-06T09:01:18Z" data-provider="LoginSuccessIds" finished-at="2019-11-06T09:01:18Z">
          <params>
            <param index="0">
              <value>
                <![CDATA[]]>
              </value>
            </param>
            <param index="1">
              <value>
                <![CDATA[pwd4]]>
              </value>
            </param>
          </params>
          <reporter-output>
          </reporter-output>
        </test-method> <!-- testWithSuccessLogin -->
        <test-method status="SKIP" signature="setUp()[pri:0, instance:com.apex.samples.ECommLoginTest@3e6fa38a]" name="setUp" is-config="true" duration-ms="0" started-at="2019-11-06T09:01:18Z" finished-at="2019-11-06T09:01:18Z">
          <reporter-output>
          </reporter-output>
        </test-method> <!-- setUp -->
        <test-method status="SKIP" signature="cleanUp()[pri:0, instance:com.apex.samples.ECommLoginTest@3e6fa38a]" name="cleanUp" is-config="true" duration-ms="0" started-at="2019-11-06T09:01:18Z" finished-at="2019-11-06T09:01:18Z">
          <reporter-output>
          </reporter-output>
        </test-method> <!-- cleanUp -->
        <test-method status="SKIP" signature="testWithSuccessLogin(java.lang.String, java.lang.String)[pri:0, instance:com.apex.samples.ECommLoginTest@3e6fa38a]" name="testWithSuccessLogin" duration-ms="30" started-at="2019-11-06T09:01:18Z" data-provider="LoginSuccessIds" finished-at="2019-11-06T09:01:18Z">
          <params>
            <param index="0">
              <value>
                <![CDATA[user5]]>
              </value>
            </param>
            <param index="1">
              <value>
                <![CDATA[]]>
              </value>
            </param>
          </params>
          <reporter-output>
          </reporter-output>
        </test-method> <!-- testWithSuccessLogin -->
        <test-method status="SKIP" signature="setUp()[pri:0, instance:com.apex.samples.ECommLoginTest@3e6fa38a]" name="setUp" is-config="true" duration-ms="0" started-at="2019-11-06T09:01:18Z" finished-at="2019-11-06T09:01:18Z">
          <reporter-output>
          </reporter-output>
        </test-method> <!-- setUp -->
        <test-method status="SKIP" signature="cleanUp()[pri:0, instance:com.apex.samples.ECommLoginTest@3e6fa38a]" name="cleanUp" is-config="true" duration-ms="0" started-at="2019-11-06T09:01:18Z" finished-at="2019-11-06T09:01:18Z">
          <reporter-output>
          </reporter-output>
        </test-method> <!-- cleanUp -->
      </class> <!-- com.apex.samples.ECommLoginTest -->
      <class name="com.apex.samples.GoogleLoginPage_Testng">
        <test-method status="FAIL" signature="setUp()[pri:0, instance:com.apex.samples.GoogleLoginPage_Testng@47c62251]" name="setUp" is-config="true" duration-ms="0" started-at="2019-11-06T09:01:16Z" finished-at="2019-11-06T09:01:16Z">
          <exception class="org.openqa.selenium.SessionNotCreatedException">
            <message>
              <![CDATA[session not created: This version of ChromeDriver only supports Chrome version 75
Build info: version: '3.13.0', revision: '2f0d292', time: '2018-06-25T15:24:21.231Z'
System info: host: 'DESKTOP-BDB3LRA', ip: '127.0.0.1', os.name: 'Windows 10', os.arch: 'amd64', os.version: '10.0', java.version: '1.8.0_211'
Driver info: driver.version: ChromeDriver
remote stacktrace: Backtrace:
	Ordinal0 [0x002D1B23+1448739]
	Ordinal0 [0x00255A11+940561]
	Ordinal0 [0x001E2293+467603]
	Ordinal0 [0x0017F27E+62078]
	Ordinal0 [0x0017BBBD+48061]
	Ordinal0 [0x00198D19+167193]
	Ordinal0 [0x001988ED+166125]
	Ordinal0 [0x00196FFB+159739]
	Ordinal0 [0x001809F6+68086]
	Ordinal0 [0x00181990+72080]
	Ordinal0 [0x00181929+71977]
	GetHandleVerifier [0x00412E4C+1172140]
	GetHandleVerifier [0x0036FE35+504469]
	GetHandleVerifier [0x0036FBD0+503856]
	Ordinal0 [0x002DC9A8+1493416]
	GetHandleVerifier [0x0037060A+506474]
	Ordinal0 [0x00267136+1012022]
	Ordinal0 [0x00266FAF+1011631]
	Ordinal0 [0x0027133B+1053499]
	Ordinal0 [0x002714A3+1053859]
	Ordinal0 [0x002704D5+1049813]
	BaseThreadInitThunk [0x75180419+25]
	RtlGetAppContainerNamedObjectPath [0x7745662D+237]
	RtlGetAppContainerNamedObjectPath [0x774565FD+189]
]]>
            </message>
            <full-stacktrace>
              <![CDATA[org.openqa.selenium.SessionNotCreatedException: session not created: This version of ChromeDriver only supports Chrome version 75
Build info: version: '3.13.0', revision: '2f0d292', time: '2018-06-25T15:24:21.231Z'
System info: host: 'DESKTOP-BDB3LRA', ip: '127.0.0.1', os.name: 'Windows 10', os.arch: 'amd64', os.version: '10.0', java.version: '1.8.0_211'
Driver info: driver.version: ChromeDriver
remote stacktrace: Backtrace:
	Ordinal0 [0x002D1B23+1448739]
	Ordinal0 [0x00255A11+940561]
	Ordinal0 [0x001E2293+467603]
	Ordinal0 [0x0017F27E+62078]
	Ordinal0 [0x0017BBBD+48061]
	Ordinal0 [0x00198D19+167193]
	Ordinal0 [0x001988ED+166125]
	Ordinal0 [0x00196FFB+159739]
	Ordinal0 [0x001809F6+68086]
	Ordinal0 [0x00181990+72080]
	Ordinal0 [0x00181929+71977]
	GetHandleVerifier [0x00412E4C+1172140]
	GetHandleVerifier [0x0036FE35+504469]
	GetHandleVerifier [0x0036FBD0+503856]
	Ordinal0 [0x002DC9A8+1493416]
	GetHandleVerifier [0x0037060A+506474]
	Ordinal0 [0x00267136+1012022]
	Ordinal0 [0x00266FAF+1011631]
	Ordinal0 [0x0027133B+1053499]
	Ordinal0 [0x002714A3+1053859]
	Ordinal0 [0x002704D5+1049813]
	BaseThreadInitThunk [0x75180419+25]
	RtlGetAppContainerNamedObjectPath [0x7745662D+237]
	RtlGetAppContainerNamedObjectPath [0x774565FD+189]

	at sun.reflect.NativeConstructorAccessorImpl.newInstance0(Native Method)
	at sun.reflect.NativeConstructorAccessorImpl.newInstance(Unknown Source)
	at sun.reflect.DelegatingConstructorAccessorImpl.newInstance(Unknown Source)
	at java.lang.reflect.Constructor.newInstance(Unknown Source)
	at org.openqa.selenium.remote.W3CHandshakeResponse.lambda$new$0(W3CHandshakeResponse.java:57)
	at org.openqa.selenium.remote.W3CHandshakeResponse.lambda$getResponseFunction$2(W3CHandshakeResponse.java:104)
	at org.openqa.selenium.remote.ProtocolHandshake.lambda$createSession$0(ProtocolHandshake.java:123)
	at java.util.stream.ReferencePipeline$3$1.accept(Unknown Source)
	at java.util.Spliterators$ArraySpliterator.tryAdvance(Unknown Source)
	at java.util.stream.ReferencePipeline.forEachWithCancel(Unknown Source)
	at java.util.stream.AbstractPipeline.copyIntoWithCancel(Unknown Source)
	at java.util.stream.AbstractPipeline.copyInto(Unknown Source)
	at java.util.stream.AbstractPipeline.wrapAndCopyInto(Unknown Source)
	at java.util.stream.FindOps$FindOp.evaluateSequential(Unknown Source)
	at java.util.stream.AbstractPipeline.evaluate(Unknown Source)
	at java.util.stream.ReferencePipeline.findFirst(Unknown Source)
	at org.openqa.selenium.remote.ProtocolHandshake.createSession(ProtocolHandshake.java:126)
	at org.openqa.selenium.remote.ProtocolHandshake.createSession(ProtocolHandshake.java:73)
	at org.openqa.selenium.remote.HttpCommandExecutor.execute(HttpCommandExecutor.java:136)
	at org.openqa.selenium.remote.service.DriverCommandExecutor.execute(DriverCommandExecutor.java:83)
	at org.openqa.selenium.remote.RemoteWebDriver.execute(RemoteWebDriver.java:548)
	at org.openqa.selenium.remote.RemoteWebDriver.startSession(RemoteWebDriver.java:212)
	at org.openqa.selenium.remote.RemoteWebDriver.<init>(RemoteWebDriver.java:130)
	at org.openqa.selenium.chrome.ChromeDriver.<init>(ChromeDriver.java:181)
	at org.openqa.selenium.chrome.ChromeDriver.<init>(ChromeDriver.java:168)
	at org.openqa.selenium.chrome.ChromeDriver.<init>(ChromeDriver.java:123)
	at com.apex.samples.core.ApexBaseTest.setUp(ApexBaseTest.java:16)
	at sun.reflect.NativeMethodAccessorImpl.invoke0(Native Method)
	at sun.reflect.NativeMethodAccessorImpl.invoke(Unknown Source)
	at sun.reflect.DelegatingMethodAccessorImpl.invoke(Unknown Source)
	at java.lang.reflect.Method.invoke(Unknown Source)
	at org.testng.internal.MethodInvocationHelper.invokeMethod(MethodInvocationHelper.java:100)
	at org.testng.internal.Invoker.invokeConfigurationMethod(Invoker.java:515)
	at org.testng.internal.Invoker.invokeConfigurations(Invoker.java:216)
	at org.testng.internal.Invoker.invokeMethod(Invoker.java:590)
	at org.testng.internal.Invoker.invokeTestMethod(Invoker.java:811)
	at org.testng.internal.Invoker.invokeTestMethods(Invoker.java:1129)
	at org.testng.internal.TestMethodWorker.invokeTestMethods(TestMethodWorker.java:129)
	at org.testng.internal.TestMethodWorker.run(TestMethodWorker.java:112)
	at org.testng.TestRunner.privateRun(TestRunner.java:746)
	at org.testng.TestRunner.run(TestRunner.java:600)
	at org.testng.SuiteRunner.runTest(SuiteRunner.java:366)
	at org.testng.SuiteRunner.runSequentially(SuiteRunner.java:361)
	at org.testng.SuiteRunner.privateRun(SuiteRunner.java:319)
	at org.testng.SuiteRunner.run(SuiteRunner.java:268)
	at org.testng.SuiteRunnerWorker.runSuite(SuiteRunnerWorker.java:52)
	at org.testng.SuiteRunnerWorker.run(SuiteRunnerWorker.java:86)
	at org.testng.TestNG.runSuitesSequentially(TestNG.java:1264)
	at org.testng.TestNG.runSuitesLocally(TestNG.java:1189)
	at org.testng.TestNG.runSuites(TestNG.java:1104)
	at org.testng.TestNG.run(TestNG.java:1076)
	at org.testng.remote.AbstractRemoteTestNG.run(AbstractRemoteTestNG.java:126)
	at org.testng.remote.RemoteTestNG.initAndRun(RemoteTestNG.java:152)
	at org.testng.remote.RemoteTestNG.main(RemoteTestNG.java:57)
]]>
            </full-stacktrace>
          </exception> <!-- org.openqa.selenium.SessionNotCreatedException -->
          <reporter-output>
          </reporter-output>
        </test-method> <!-- setUp -->
        <test-method status="SKIP" signature="testWithBlankData()[pri:0, instance:com.apex.samples.GoogleLoginPage_Testng@47c62251]" name="testWithBlankData" duration-ms="6" started-at="2019-11-06T09:01:18Z" finished-at="2019-11-06T09:01:18Z">
          <reporter-output>
          </reporter-output>
        </test-method> <!-- testWithBlankData -->
        <test-method status="SKIP" signature="cleanUp()[pri:0, instance:com.apex.samples.GoogleLoginPage_Testng@47c62251]" name="cleanUp" is-config="true" duration-ms="0" started-at="2019-11-06T09:01:18Z" finished-at="2019-11-06T09:01:18Z">
          <reporter-output>
          </reporter-output>
        </test-method> <!-- cleanUp -->
        <test-method status="SKIP" signature="setUp()[pri:0, instance:com.apex.samples.GoogleLoginPage_Testng@47c62251]" name="setUp" is-config="true" duration-ms="0" started-at="2019-11-06T09:01:18Z" finished-at="2019-11-06T09:01:18Z">
          <reporter-output>
          </reporter-output>
        </test-method> <!-- setUp -->
        <test-method status="SKIP" signature="testWithCharacters()[pri:0, instance:com.apex.samples.GoogleLoginPage_Testng@47c62251]" name="testWithCharacters" duration-ms="1" started-at="2019-11-06T09:01:18Z" finished-at="2019-11-06T09:01:18Z">
          <reporter-output>
          </reporter-output>
        </test-method> <!-- testWithCharacters -->
        <test-method status="SKIP" signature="cleanUp()[pri:0, instance:com.apex.samples.GoogleLoginPage_Testng@47c62251]" name="cleanUp" is-config="true" duration-ms="0" started-at="2019-11-06T09:01:18Z" finished-at="2019-11-06T09:01:18Z">
          <reporter-output>
          </reporter-output>
        </test-method> <!-- cleanUp -->
        <test-method status="SKIP" signature="setUp()[pri:0, instance:com.apex.samples.GoogleLoginPage_Testng@47c62251]" name="setUp" is-config="true" duration-ms="0" started-at="2019-11-06T09:01:18Z" finished-at="2019-11-06T09:01:18Z">
          <reporter-output>
          </reporter-output>
        </test-method> <!-- setUp -->
        <test-method status="SKIP" signature="testWithNumbers()[pri:0, instance:com.apex.samples.GoogleLoginPage_Testng@47c62251]" name="testWithNumbers" duration-ms="1" started-at="2019-11-06T09:01:18Z" finished-at="2019-11-06T09:01:18Z">
          <reporter-output>
          </reporter-output>
        </test-method> <!-- testWithNumbers -->
        <test-method status="SKIP" signature="cleanUp()[pri:0, instance:com.apex.samples.GoogleLoginPage_Testng@47c62251]" name="cleanUp" is-config="true" duration-ms="0" started-at="2019-11-06T09:01:18Z" finished-at="2019-11-06T09:01:18Z">
          <reporter-output>
          </reporter-output>
        </test-method> <!-- cleanUp -->
        <test-method status="SKIP" signature="testWithSuccessData()[pri:0, instance:com.apex.samples.GoogleLoginPage_Testng@47c62251]" name="testWithSuccessData" duration-ms="1" started-at="2019-11-06T09:01:18Z" finished-at="2019-11-06T09:01:18Z">
          <reporter-output>
          </reporter-output>
        </test-method> <!-- testWithSuccessData -->
        <test-method status="SKIP" signature="setUp()[pri:0, instance:com.apex.samples.GoogleLoginPage_Testng@47c62251]" name="setUp" is-config="true" duration-ms="0" started-at="2019-11-06T09:01:18Z" finished-at="2019-11-06T09:01:18Z">
          <reporter-output>
          </reporter-output>
        </test-method> <!-- setUp -->
        <test-method status="SKIP" signature="cleanUp()[pri:0, instance:com.apex.samples.GoogleLoginPage_Testng@47c62251]" name="cleanUp" is-config="true" duration-ms="0" started-at="2019-11-06T09:01:18Z" finished-at="2019-11-06T09:01:18Z">
          <reporter-output>
          </reporter-output>
        </test-method> <!-- cleanUp -->
      </class> <!-- com.apex.samples.GoogleLoginPage_Testng -->
      <class name="ecomm_saipratap.RegistrationTest">
        <test-method status="FAIL" signature="setUp()[pri:0, instance:ecomm_saipratap.RegistrationTest@27efef64]" name="setUp" is-config="true" duration-ms="0" started-at="2019-11-06T09:01:10Z" finished-at="2019-11-06T09:01:10Z">
          <exception class="org.openqa.selenium.SessionNotCreatedException">
            <message>
              <![CDATA[session not created: This version of ChromeDriver only supports Chrome version 75
Build info: version: '3.13.0', revision: '2f0d292', time: '2018-06-25T15:24:21.231Z'
System info: host: 'DESKTOP-BDB3LRA', ip: '127.0.0.1', os.name: 'Windows 10', os.arch: 'amd64', os.version: '10.0', java.version: '1.8.0_211'
Driver info: driver.version: ChromeDriver
remote stacktrace: Backtrace:
	Ordinal0 [0x002D1B23+1448739]
	Ordinal0 [0x00255A11+940561]
	Ordinal0 [0x001E2293+467603]
	Ordinal0 [0x0017F27E+62078]
	Ordinal0 [0x0017BBBD+48061]
	Ordinal0 [0x00198D19+167193]
	Ordinal0 [0x001988ED+166125]
	Ordinal0 [0x00196FFB+159739]
	Ordinal0 [0x001809F6+68086]
	Ordinal0 [0x00181990+72080]
	Ordinal0 [0x00181929+71977]
	GetHandleVerifier [0x00412E4C+1172140]
	GetHandleVerifier [0x0036FE35+504469]
	GetHandleVerifier [0x0036FBD0+503856]
	Ordinal0 [0x002DC9A8+1493416]
	GetHandleVerifier [0x0037060A+506474]
	Ordinal0 [0x00267136+1012022]
	Ordinal0 [0x00266FAF+1011631]
	Ordinal0 [0x0027133B+1053499]
	Ordinal0 [0x002714A3+1053859]
	Ordinal0 [0x002704D5+1049813]
	BaseThreadInitThunk [0x75180419+25]
	RtlGetAppContainerNamedObjectPath [0x7745662D+237]
	RtlGetAppContainerNamedObjectPath [0x774565FD+189]
]]>
            </message>
            <full-stacktrace>
              <![CDATA[org.openqa.selenium.SessionNotCreatedException: session not created: This version of ChromeDriver only supports Chrome version 75
Build info: version: '3.13.0', revision: '2f0d292', time: '2018-06-25T15:24:21.231Z'
System info: host: 'DESKTOP-BDB3LRA', ip: '127.0.0.1', os.name: 'Windows 10', os.arch: 'amd64', os.version: '10.0', java.version: '1.8.0_211'
Driver info: driver.version: ChromeDriver
remote stacktrace: Backtrace:
	Ordinal0 [0x002D1B23+1448739]
	Ordinal0 [0x00255A11+940561]
	Ordinal0 [0x001E2293+467603]
	Ordinal0 [0x0017F27E+62078]
	Ordinal0 [0x0017BBBD+48061]
	Ordinal0 [0x00198D19+167193]
	Ordinal0 [0x001988ED+166125]
	Ordinal0 [0x00196FFB+159739]
	Ordinal0 [0x001809F6+68086]
	Ordinal0 [0x00181990+72080]
	Ordinal0 [0x00181929+71977]
	GetHandleVerifier [0x00412E4C+1172140]
	GetHandleVerifier [0x0036FE35+504469]
	GetHandleVerifier [0x0036FBD0+503856]
	Ordinal0 [0x002DC9A8+1493416]
	GetHandleVerifier [0x0037060A+506474]
	Ordinal0 [0x00267136+1012022]
	Ordinal0 [0x00266FAF+1011631]
	Ordinal0 [0x0027133B+1053499]
	Ordinal0 [0x002714A3+1053859]
	Ordinal0 [0x002704D5+1049813]
	BaseThreadInitThunk [0x75180419+25]
	RtlGetAppContainerNamedObjectPath [0x7745662D+237]
	RtlGetAppContainerNamedObjectPath [0x774565FD+189]

	at sun.reflect.NativeConstructorAccessorImpl.newInstance0(Native Method)
	at sun.reflect.NativeConstructorAccessorImpl.newInstance(Unknown Source)
	at sun.reflect.DelegatingConstructorAccessorImpl.newInstance(Unknown Source)
	at java.lang.reflect.Constructor.newInstance(Unknown Source)
	at org.openqa.selenium.remote.W3CHandshakeResponse.lambda$new$0(W3CHandshakeResponse.java:57)
	at org.openqa.selenium.remote.W3CHandshakeResponse.lambda$getResponseFunction$2(W3CHandshakeResponse.java:104)
	at org.openqa.selenium.remote.ProtocolHandshake.lambda$createSession$0(ProtocolHandshake.java:123)
	at java.util.stream.ReferencePipeline$3$1.accept(Unknown Source)
	at java.util.Spliterators$ArraySpliterator.tryAdvance(Unknown Source)
	at java.util.stream.ReferencePipeline.forEachWithCancel(Unknown Source)
	at java.util.stream.AbstractPipeline.copyIntoWithCancel(Unknown Source)
	at java.util.stream.AbstractPipeline.copyInto(Unknown Source)
	at java.util.stream.AbstractPipeline.wrapAndCopyInto(Unknown Source)
	at java.util.stream.FindOps$FindOp.evaluateSequential(Unknown Source)
	at java.util.stream.AbstractPipeline.evaluate(Unknown Source)
	at java.util.stream.ReferencePipeline.findFirst(Unknown Source)
	at org.openqa.selenium.remote.ProtocolHandshake.createSession(ProtocolHandshake.java:126)
	at org.openqa.selenium.remote.ProtocolHandshake.createSession(ProtocolHandshake.java:73)
	at org.openqa.selenium.remote.HttpCommandExecutor.execute(HttpCommandExecutor.java:136)
	at org.openqa.selenium.remote.service.DriverCommandExecutor.execute(DriverCommandExecutor.java:83)
	at org.openqa.selenium.remote.RemoteWebDriver.execute(RemoteWebDriver.java:548)
	at org.openqa.selenium.remote.RemoteWebDriver.startSession(RemoteWebDriver.java:212)
	at org.openqa.selenium.remote.RemoteWebDriver.<init>(RemoteWebDriver.java:130)
	at org.openqa.selenium.chrome.ChromeDriver.<init>(ChromeDriver.java:181)
	at org.openqa.selenium.chrome.ChromeDriver.<init>(ChromeDriver.java:168)
	at org.openqa.selenium.chrome.ChromeDriver.<init>(ChromeDriver.java:123)
	at ecomm_saipratap.RegistrationBaseTest.setUp(RegistrationBaseTest.java:13)
	at sun.reflect.NativeMethodAccessorImpl.invoke0(Native Method)
	at sun.reflect.NativeMethodAccessorImpl.invoke(Unknown Source)
	at sun.reflect.DelegatingMethodAccessorImpl.invoke(Unknown Source)
	at java.lang.reflect.Method.invoke(Unknown Source)
	at org.testng.internal.MethodInvocationHelper.invokeMethod(MethodInvocationHelper.java:100)
	at org.testng.internal.Invoker.invokeConfigurationMethod(Invoker.java:515)
	at org.testng.internal.Invoker.invokeConfigurations(Invoker.java:216)
	at org.testng.internal.Invoker.invokeMethod(Invoker.java:590)
	at org.testng.internal.Invoker.invokeTestMethod(Invoker.java:811)
	at org.testng.internal.Invoker.invokeTestMethods(Invoker.java:1129)
	at org.testng.internal.TestMethodWorker.invokeTestMethods(TestMethodWorker.java:129)
	at org.testng.internal.TestMethodWorker.run(TestMethodWorker.java:112)
	at org.testng.TestRunner.privateRun(TestRunner.java:746)
	at org.testng.TestRunner.run(TestRunner.java:600)
	at org.testng.SuiteRunner.runTest(SuiteRunner.java:366)
	at org.testng.SuiteRunner.runSequentially(SuiteRunner.java:361)
	at org.testng.SuiteRunner.privateRun(SuiteRunner.java:319)
	at org.testng.SuiteRunner.run(SuiteRunner.java:268)
	at org.testng.SuiteRunnerWorker.runSuite(SuiteRunnerWorker.java:52)
	at org.testng.SuiteRunnerWorker.run(SuiteRunnerWorker.java:86)
	at org.testng.TestNG.runSuitesSequentially(TestNG.java:1264)
	at org.testng.TestNG.runSuitesLocally(TestNG.java:1189)
	at org.testng.TestNG.runSuites(TestNG.java:1104)
	at org.testng.TestNG.run(TestNG.java:1076)
	at org.testng.remote.AbstractRemoteTestNG.run(AbstractRemoteTestNG.java:126)
	at org.testng.remote.RemoteTestNG.initAndRun(RemoteTestNG.java:152)
	at org.testng.remote.RemoteTestNG.main(RemoteTestNG.java:57)
]]>
            </full-stacktrace>
          </exception> <!-- org.openqa.selenium.SessionNotCreatedException -->
          <reporter-output>
          </reporter-output>
        </test-method> <!-- setUp -->
        <test-method status="SKIP" signature="testWithPasswordAndConfirmpassword()[pri:0, instance:ecomm_saipratap.RegistrationTest@27efef64]" name="testWithPasswordAndConfirmpassword" duration-ms="2" started-at="2019-11-06T09:01:15Z" finished-at="2019-11-06T09:01:15Z">
          <reporter-output>
          </reporter-output>
        </test-method> <!-- testWithPasswordAndConfirmpassword -->
        <test-method status="SKIP" signature="cleanUp()[pri:0, instance:ecomm_saipratap.RegistrationTest@27efef64]" name="cleanUp" is-config="true" duration-ms="0" started-at="2019-11-06T09:01:15Z" finished-at="2019-11-06T09:01:15Z">
          <reporter-output>
          </reporter-output>
        </test-method> <!-- cleanUp -->
        <test-method status="SKIP" signature="setUp()[pri:0, instance:ecomm_saipratap.RegistrationTest@27efef64]" name="setUp" is-config="true" duration-ms="0" started-at="2019-11-06T09:01:15Z" finished-at="2019-11-06T09:01:15Z">
          <reporter-output>
          </reporter-output>
        </test-method> <!-- setUp -->
        <test-method status="SKIP" signature="testWithSuccessRegistration()[pri:0, instance:ecomm_saipratap.RegistrationTest@27efef64]" name="testWithSuccessRegistration" duration-ms="1" started-at="2019-11-06T09:01:15Z" finished-at="2019-11-06T09:01:15Z">
          <reporter-output>
          </reporter-output>
        </test-method> <!-- testWithSuccessRegistration -->
        <test-method status="SKIP" signature="cleanUp()[pri:0, instance:ecomm_saipratap.RegistrationTest@27efef64]" name="cleanUp" is-config="true" duration-ms="0" started-at="2019-11-06T09:01:15Z" finished-at="2019-11-06T09:01:15Z">
          <reporter-output>
          </reporter-output>
        </test-method> <!-- cleanUp -->
      </class> <!-- ecomm_saipratap.RegistrationTest -->
    </test> <!-- Default test -->
  </suite> <!-- Default suite -->
</testng-results>
