<?xml version="1.0" encoding="UTF-8"?>
<!-- Generated by org.testng.reporters.JUnitReportReporter -->
<testsuite hostname="DESKTOP-BDB3LRA" name="ecomm_saipratap.LoginTest" tests="5" failures="0" timestamp="6 Nov 2019 17:01:20 GMT" time="0.015" errors="5">
  <testcase name="testWithBlankLogin" time="0.005" classname="ecomm_saipratap.LoginTest">
    <error type="org.openqa.selenium.SessionNotCreatedException" message="session not created: This version of ChromeDriver only supports Chrome version 75
Build info: version: &#039;3.13.0&#039;, revision: &#039;2f0d292&#039;, time: &#039;2018-06-25T15:24:21.231Z&#039;
System info: host: &#039;DESKTOP-BDB3LRA&#039;, ip: &#039;127.0.0.1&#039;, os.name: &#039;Windows 10&#039;, os.arch: &#039;amd64&#039;, os.version: &#039;10.0&#039;, java.version: &#039;1.8.0_211&#039;
Driver info: driver.version: ChromeDriver
remote stacktrace: Backtrace:
	Ordinal0 [0x002D1B23+1448739]
	Ordinal0 [0x00255A11+940561]
	Ordinal0 [0x001E2293+467603]
	Ordinal0 [0x0017F27E+62078]
	Ordinal0 [0x0017BBBD+48061]
	Ordinal0 [0x00198D19+167193]
	Ordinal0 [0x001988ED+166125]
	Ordinal0 [0x00196FFB+159739]
	Ordinal0 [0x001809F6+68086]
	Ordinal0 [0x00181990+72080]
	Ordinal0 [0x00181929+71977]
	GetHandleVerifier [0x00412E4C+1172140]
	GetHandleVerifier [0x0036FE35+504469]
	GetHandleVerifier [0x0036FBD0+503856]
	Ordinal0 [0x002DC9A8+1493416]
	GetHandleVerifier [0x0037060A+506474]
	Ordinal0 [0x00267136+1012022]
	Ordinal0 [0x00266FAF+1011631]
	Ordinal0 [0x0027133B+1053499]
	Ordinal0 [0x002714A3+1053859]
	Ordinal0 [0x002704D5+1049813]
	BaseThreadInitThunk [0x75180419+25]
	RtlGetAppContainerNamedObjectPath [0x7745662D+237]
	RtlGetAppContainerNamedObjectPath [0x774565FD+189]
">
      <![CDATA[org.openqa.selenium.SessionNotCreatedException: session not created: This version of ChromeDriver only supports Chrome version 75
Build info: version: '3.13.0', revision: '2f0d292', time: '2018-06-25T15:24:21.231Z'
System info: host: 'DESKTOP-BDB3LRA', ip: '127.0.0.1', os.name: 'Windows 10', os.arch: 'amd64', os.version: '10.0', java.version: '1.8.0_211'
Driver info: driver.version: ChromeDriver
remote stacktrace: Backtrace:
	Ordinal0 [0x002D1B23+1448739]
	Ordinal0 [0x00255A11+940561]
	Ordinal0 [0x001E2293+467603]
	Ordinal0 [0x0017F27E+62078]
	Ordinal0 [0x0017BBBD+48061]
	Ordinal0 [0x00198D19+167193]
	Ordinal0 [0x001988ED+166125]
	Ordinal0 [0x00196FFB+159739]
	Ordinal0 [0x001809F6+68086]
	Ordinal0 [0x00181990+72080]
	Ordinal0 [0x00181929+71977]
	GetHandleVerifier [0x00412E4C+1172140]
	GetHandleVerifier [0x0036FE35+504469]
	GetHandleVerifier [0x0036FBD0+503856]
	Ordinal0 [0x002DC9A8+1493416]
	GetHandleVerifier [0x0037060A+506474]
	Ordinal0 [0x00267136+1012022]
	Ordinal0 [0x00266FAF+1011631]
	Ordinal0 [0x0027133B+1053499]
	Ordinal0 [0x002714A3+1053859]
	Ordinal0 [0x002704D5+1049813]
	BaseThreadInitThunk [0x75180419+25]
	RtlGetAppContainerNamedObjectPath [0x7745662D+237]
	RtlGetAppContainerNamedObjectPath [0x774565FD+189]

	at sun.reflect.NativeConstructorAccessorImpl.newInstance0(Native Method)
	at sun.reflect.NativeConstructorAccessorImpl.newInstance(Unknown Source)
	at sun.reflect.DelegatingConstructorAccessorImpl.newInstance(Unknown Source)
	at java.lang.reflect.Constructor.newInstance(Unknown Source)
	at org.openqa.selenium.remote.W3CHandshakeResponse.lambda$new$0(W3CHandshakeResponse.java:57)
	at org.openqa.selenium.remote.W3CHandshakeResponse.lambda$getResponseFunction$2(W3CHandshakeResponse.java:104)
	at org.openqa.selenium.remote.ProtocolHandshake.lambda$createSession$0(ProtocolHandshake.java:123)
	at java.util.stream.ReferencePipeline$3$1.accept(Unknown Source)
	at java.util.Spliterators$ArraySpliterator.tryAdvance(Unknown Source)
	at java.util.stream.ReferencePipeline.forEachWithCancel(Unknown Source)
	at java.util.stream.AbstractPipeline.copyIntoWithCancel(Unknown Source)
	at java.util.stream.AbstractPipeline.copyInto(Unknown Source)
	at java.util.stream.AbstractPipeline.wrapAndCopyInto(Unknown Source)
	at java.util.stream.FindOps$FindOp.evaluateSequential(Unknown Source)
	at java.util.stream.AbstractPipeline.evaluate(Unknown Source)
	at java.util.stream.ReferencePipeline.findFirst(Unknown Source)
	at org.openqa.selenium.remote.ProtocolHandshake.createSession(ProtocolHandshake.java:126)
	at org.openqa.selenium.remote.ProtocolHandshake.createSession(ProtocolHandshake.java:73)
	at org.openqa.selenium.remote.HttpCommandExecutor.execute(HttpCommandExecutor.java:136)
	at org.openqa.selenium.remote.service.DriverCommandExecutor.execute(DriverCommandExecutor.java:83)
	at org.openqa.selenium.remote.RemoteWebDriver.execute(RemoteWebDriver.java:548)
	at org.openqa.selenium.remote.RemoteWebDriver.startSession(RemoteWebDriver.java:212)
	at org.openqa.selenium.remote.RemoteWebDriver.<init>(RemoteWebDriver.java:130)
	at org.openqa.selenium.chrome.ChromeDriver.<init>(ChromeDriver.java:181)
	at org.openqa.selenium.chrome.ChromeDriver.<init>(ChromeDriver.java:168)
	at org.openqa.selenium.chrome.ChromeDriver.<init>(ChromeDriver.java:123)
	at ecomm_saipratap.PlaceOrderBaseTest.setUp(PlaceOrderBaseTest.java:13)
	at sun.reflect.NativeMethodAccessorImpl.invoke0(Native Method)
	at sun.reflect.NativeMethodAccessorImpl.invoke(Unknown Source)
	at sun.reflect.DelegatingMethodAccessorImpl.invoke(Unknown Source)
	at java.lang.reflect.Method.invoke(Unknown Source)
	at org.testng.internal.MethodInvocationHelper.invokeMethod(MethodInvocationHelper.java:100)
	at org.testng.internal.Invoker.invokeConfigurationMethod(Invoker.java:515)
	at org.testng.internal.Invoker.invokeConfigurations(Invoker.java:216)
	at org.testng.internal.Invoker.invokeMethod(Invoker.java:590)
	at org.testng.internal.Invoker.invokeTestMethod(Invoker.java:811)
	at org.testng.internal.Invoker.invokeTestMethods(Invoker.java:1129)
	at org.testng.internal.TestMethodWorker.invokeTestMethods(TestMethodWorker.java:129)
	at org.testng.internal.TestMethodWorker.run(TestMethodWorker.java:112)
	at org.testng.TestRunner.privateRun(TestRunner.java:746)
	at org.testng.TestRunner.run(TestRunner.java:600)
	at org.testng.SuiteRunner.runTest(SuiteRunner.java:366)
	at org.testng.SuiteRunner.runSequentially(SuiteRunner.java:361)
	at org.testng.SuiteRunner.privateRun(SuiteRunner.java:319)
	at org.testng.SuiteRunner.run(SuiteRunner.java:268)
	at org.testng.SuiteRunnerWorker.runSuite(SuiteRunnerWorker.java:52)
	at org.testng.SuiteRunnerWorker.run(SuiteRunnerWorker.java:86)
	at org.testng.TestNG.runSuitesSequentially(TestNG.java:1264)
	at org.testng.TestNG.runSuitesLocally(TestNG.java:1189)
	at org.testng.TestNG.runSuites(TestNG.java:1104)
	at org.testng.TestNG.run(TestNG.java:1076)
	at org.testng.remote.AbstractRemoteTestNG.run(AbstractRemoteTestNG.java:126)
	at org.testng.remote.RemoteTestNG.initAndRun(RemoteTestNG.java:152)
	at org.testng.remote.RemoteTestNG.main(RemoteTestNG.java:57)
]]>
    </error>
  </testcase> <!-- testWithBlankLogin -->
  <testcase name="testWithInvalidLogin" time="0.006" classname="ecomm_saipratap.LoginTest">
    <error type="org.openqa.selenium.SessionNotCreatedException" message="session not created: This version of ChromeDriver only supports Chrome version 75
Build info: version: &#039;3.13.0&#039;, revision: &#039;2f0d292&#039;, time: &#039;2018-06-25T15:24:21.231Z&#039;
System info: host: &#039;DESKTOP-BDB3LRA&#039;, ip: &#039;127.0.0.1&#039;, os.name: &#039;Windows 10&#039;, os.arch: &#039;amd64&#039;, os.version: &#039;10.0&#039;, java.version: &#039;1.8.0_211&#039;
Driver info: driver.version: ChromeDriver
remote stacktrace: Backtrace:
	Ordinal0 [0x002D1B23+1448739]
	Ordinal0 [0x00255A11+940561]
	Ordinal0 [0x001E2293+467603]
	Ordinal0 [0x0017F27E+62078]
	Ordinal0 [0x0017BBBD+48061]
	Ordinal0 [0x00198D19+167193]
	Ordinal0 [0x001988ED+166125]
	Ordinal0 [0x00196FFB+159739]
	Ordinal0 [0x001809F6+68086]
	Ordinal0 [0x00181990+72080]
	Ordinal0 [0x00181929+71977]
	GetHandleVerifier [0x00412E4C+1172140]
	GetHandleVerifier [0x0036FE35+504469]
	GetHandleVerifier [0x0036FBD0+503856]
	Ordinal0 [0x002DC9A8+1493416]
	GetHandleVerifier [0x0037060A+506474]
	Ordinal0 [0x00267136+1012022]
	Ordinal0 [0x00266FAF+1011631]
	Ordinal0 [0x0027133B+1053499]
	Ordinal0 [0x002714A3+1053859]
	Ordinal0 [0x002704D5+1049813]
	BaseThreadInitThunk [0x75180419+25]
	RtlGetAppContainerNamedObjectPath [0x7745662D+237]
	RtlGetAppContainerNamedObjectPath [0x774565FD+189]
">
      <![CDATA[org.openqa.selenium.SessionNotCreatedException: session not created: This version of ChromeDriver only supports Chrome version 75
Build info: version: '3.13.0', revision: '2f0d292', time: '2018-06-25T15:24:21.231Z'
System info: host: 'DESKTOP-BDB3LRA', ip: '127.0.0.1', os.name: 'Windows 10', os.arch: 'amd64', os.version: '10.0', java.version: '1.8.0_211'
Driver info: driver.version: ChromeDriver
remote stacktrace: Backtrace:
	Ordinal0 [0x002D1B23+1448739]
	Ordinal0 [0x00255A11+940561]
	Ordinal0 [0x001E2293+467603]
	Ordinal0 [0x0017F27E+62078]
	Ordinal0 [0x0017BBBD+48061]
	Ordinal0 [0x00198D19+167193]
	Ordinal0 [0x001988ED+166125]
	Ordinal0 [0x00196FFB+159739]
	Ordinal0 [0x001809F6+68086]
	Ordinal0 [0x00181990+72080]
	Ordinal0 [0x00181929+71977]
	GetHandleVerifier [0x00412E4C+1172140]
	GetHandleVerifier [0x0036FE35+504469]
	GetHandleVerifier [0x0036FBD0+503856]
	Ordinal0 [0x002DC9A8+1493416]
	GetHandleVerifier [0x0037060A+506474]
	Ordinal0 [0x00267136+1012022]
	Ordinal0 [0x00266FAF+1011631]
	Ordinal0 [0x0027133B+1053499]
	Ordinal0 [0x002714A3+1053859]
	Ordinal0 [0x002704D5+1049813]
	BaseThreadInitThunk [0x75180419+25]
	RtlGetAppContainerNamedObjectPath [0x7745662D+237]
	RtlGetAppContainerNamedObjectPath [0x774565FD+189]

	at sun.reflect.NativeConstructorAccessorImpl.newInstance0(Native Method)
	at sun.reflect.NativeConstructorAccessorImpl.newInstance(Unknown Source)
	at sun.reflect.DelegatingConstructorAccessorImpl.newInstance(Unknown Source)
	at java.lang.reflect.Constructor.newInstance(Unknown Source)
	at org.openqa.selenium.remote.W3CHandshakeResponse.lambda$new$0(W3CHandshakeResponse.java:57)
	at org.openqa.selenium.remote.W3CHandshakeResponse.lambda$getResponseFunction$2(W3CHandshakeResponse.java:104)
	at org.openqa.selenium.remote.ProtocolHandshake.lambda$createSession$0(ProtocolHandshake.java:123)
	at java.util.stream.ReferencePipeline$3$1.accept(Unknown Source)
	at java.util.Spliterators$ArraySpliterator.tryAdvance(Unknown Source)
	at java.util.stream.ReferencePipeline.forEachWithCancel(Unknown Source)
	at java.util.stream.AbstractPipeline.copyIntoWithCancel(Unknown Source)
	at java.util.stream.AbstractPipeline.copyInto(Unknown Source)
	at java.util.stream.AbstractPipeline.wrapAndCopyInto(Unknown Source)
	at java.util.stream.FindOps$FindOp.evaluateSequential(Unknown Source)
	at java.util.stream.AbstractPipeline.evaluate(Unknown Source)
	at java.util.stream.ReferencePipeline.findFirst(Unknown Source)
	at org.openqa.selenium.remote.ProtocolHandshake.createSession(ProtocolHandshake.java:126)
	at org.openqa.selenium.remote.ProtocolHandshake.createSession(ProtocolHandshake.java:73)
	at org.openqa.selenium.remote.HttpCommandExecutor.execute(HttpCommandExecutor.java:136)
	at org.openqa.selenium.remote.service.DriverCommandExecutor.execute(DriverCommandExecutor.java:83)
	at org.openqa.selenium.remote.RemoteWebDriver.execute(RemoteWebDriver.java:548)
	at org.openqa.selenium.remote.RemoteWebDriver.startSession(RemoteWebDriver.java:212)
	at org.openqa.selenium.remote.RemoteWebDriver.<init>(RemoteWebDriver.java:130)
	at org.openqa.selenium.chrome.ChromeDriver.<init>(ChromeDriver.java:181)
	at org.openqa.selenium.chrome.ChromeDriver.<init>(ChromeDriver.java:168)
	at org.openqa.selenium.chrome.ChromeDriver.<init>(ChromeDriver.java:123)
	at ecomm_saipratap.PlaceOrderBaseTest.setUp(PlaceOrderBaseTest.java:13)
	at sun.reflect.NativeMethodAccessorImpl.invoke0(Native Method)
	at sun.reflect.NativeMethodAccessorImpl.invoke(Unknown Source)
	at sun.reflect.DelegatingMethodAccessorImpl.invoke(Unknown Source)
	at java.lang.reflect.Method.invoke(Unknown Source)
	at org.testng.internal.MethodInvocationHelper.invokeMethod(MethodInvocationHelper.java:100)
	at org.testng.internal.Invoker.invokeConfigurationMethod(Invoker.java:515)
	at org.testng.internal.Invoker.invokeConfigurations(Invoker.java:216)
	at org.testng.internal.Invoker.invokeMethod(Invoker.java:590)
	at org.testng.internal.Invoker.invokeTestMethod(Invoker.java:811)
	at org.testng.internal.Invoker.invokeTestMethods(Invoker.java:1129)
	at org.testng.internal.TestMethodWorker.invokeTestMethods(TestMethodWorker.java:129)
	at org.testng.internal.TestMethodWorker.run(TestMethodWorker.java:112)
	at org.testng.TestRunner.privateRun(TestRunner.java:746)
	at org.testng.TestRunner.run(TestRunner.java:600)
	at org.testng.SuiteRunner.runTest(SuiteRunner.java:366)
	at org.testng.SuiteRunner.runSequentially(SuiteRunner.java:361)
	at org.testng.SuiteRunner.privateRun(SuiteRunner.java:319)
	at org.testng.SuiteRunner.run(SuiteRunner.java:268)
	at org.testng.SuiteRunnerWorker.runSuite(SuiteRunnerWorker.java:52)
	at org.testng.SuiteRunnerWorker.run(SuiteRunnerWorker.java:86)
	at org.testng.TestNG.runSuitesSequentially(TestNG.java:1264)
	at org.testng.TestNG.runSuitesLocally(TestNG.java:1189)
	at org.testng.TestNG.runSuites(TestNG.java:1104)
	at org.testng.TestNG.run(TestNG.java:1076)
	at org.testng.remote.AbstractRemoteTestNG.run(AbstractRemoteTestNG.java:126)
	at org.testng.remote.RemoteTestNG.initAndRun(RemoteTestNG.java:152)
	at org.testng.remote.RemoteTestNG.main(RemoteTestNG.java:57)
]]>
    </error>
  </testcase> <!-- testWithInvalidLogin -->
  <testcase name="testWithBothBlank" time="0.001" classname="ecomm_saipratap.LoginTest">
    <error type="org.openqa.selenium.SessionNotCreatedException" message="session not created: This version of ChromeDriver only supports Chrome version 75
Build info: version: &#039;3.13.0&#039;, revision: &#039;2f0d292&#039;, time: &#039;2018-06-25T15:24:21.231Z&#039;
System info: host: &#039;DESKTOP-BDB3LRA&#039;, ip: &#039;127.0.0.1&#039;, os.name: &#039;Windows 10&#039;, os.arch: &#039;amd64&#039;, os.version: &#039;10.0&#039;, java.version: &#039;1.8.0_211&#039;
Driver info: driver.version: ChromeDriver
remote stacktrace: Backtrace:
	Ordinal0 [0x002D1B23+1448739]
	Ordinal0 [0x00255A11+940561]
	Ordinal0 [0x001E2293+467603]
	Ordinal0 [0x0017F27E+62078]
	Ordinal0 [0x0017BBBD+48061]
	Ordinal0 [0x00198D19+167193]
	Ordinal0 [0x001988ED+166125]
	Ordinal0 [0x00196FFB+159739]
	Ordinal0 [0x001809F6+68086]
	Ordinal0 [0x00181990+72080]
	Ordinal0 [0x00181929+71977]
	GetHandleVerifier [0x00412E4C+1172140]
	GetHandleVerifier [0x0036FE35+504469]
	GetHandleVerifier [0x0036FBD0+503856]
	Ordinal0 [0x002DC9A8+1493416]
	GetHandleVerifier [0x0037060A+506474]
	Ordinal0 [0x00267136+1012022]
	Ordinal0 [0x00266FAF+1011631]
	Ordinal0 [0x0027133B+1053499]
	Ordinal0 [0x002714A3+1053859]
	Ordinal0 [0x002704D5+1049813]
	BaseThreadInitThunk [0x75180419+25]
	RtlGetAppContainerNamedObjectPath [0x7745662D+237]
	RtlGetAppContainerNamedObjectPath [0x774565FD+189]
">
      <![CDATA[org.openqa.selenium.SessionNotCreatedException: session not created: This version of ChromeDriver only supports Chrome version 75
Build info: version: '3.13.0', revision: '2f0d292', time: '2018-06-25T15:24:21.231Z'
System info: host: 'DESKTOP-BDB3LRA', ip: '127.0.0.1', os.name: 'Windows 10', os.arch: 'amd64', os.version: '10.0', java.version: '1.8.0_211'
Driver info: driver.version: ChromeDriver
remote stacktrace: Backtrace:
	Ordinal0 [0x002D1B23+1448739]
	Ordinal0 [0x00255A11+940561]
	Ordinal0 [0x001E2293+467603]
	Ordinal0 [0x0017F27E+62078]
	Ordinal0 [0x0017BBBD+48061]
	Ordinal0 [0x00198D19+167193]
	Ordinal0 [0x001988ED+166125]
	Ordinal0 [0x00196FFB+159739]
	Ordinal0 [0x001809F6+68086]
	Ordinal0 [0x00181990+72080]
	Ordinal0 [0x00181929+71977]
	GetHandleVerifier [0x00412E4C+1172140]
	GetHandleVerifier [0x0036FE35+504469]
	GetHandleVerifier [0x0036FBD0+503856]
	Ordinal0 [0x002DC9A8+1493416]
	GetHandleVerifier [0x0037060A+506474]
	Ordinal0 [0x00267136+1012022]
	Ordinal0 [0x00266FAF+1011631]
	Ordinal0 [0x0027133B+1053499]
	Ordinal0 [0x002714A3+1053859]
	Ordinal0 [0x002704D5+1049813]
	BaseThreadInitThunk [0x75180419+25]
	RtlGetAppContainerNamedObjectPath [0x7745662D+237]
	RtlGetAppContainerNamedObjectPath [0x774565FD+189]

	at sun.reflect.NativeConstructorAccessorImpl.newInstance0(Native Method)
	at sun.reflect.NativeConstructorAccessorImpl.newInstance(Unknown Source)
	at sun.reflect.DelegatingConstructorAccessorImpl.newInstance(Unknown Source)
	at java.lang.reflect.Constructor.newInstance(Unknown Source)
	at org.openqa.selenium.remote.W3CHandshakeResponse.lambda$new$0(W3CHandshakeResponse.java:57)
	at org.openqa.selenium.remote.W3CHandshakeResponse.lambda$getResponseFunction$2(W3CHandshakeResponse.java:104)
	at org.openqa.selenium.remote.ProtocolHandshake.lambda$createSession$0(ProtocolHandshake.java:123)
	at java.util.stream.ReferencePipeline$3$1.accept(Unknown Source)
	at java.util.Spliterators$ArraySpliterator.tryAdvance(Unknown Source)
	at java.util.stream.ReferencePipeline.forEachWithCancel(Unknown Source)
	at java.util.stream.AbstractPipeline.copyIntoWithCancel(Unknown Source)
	at java.util.stream.AbstractPipeline.copyInto(Unknown Source)
	at java.util.stream.AbstractPipeline.wrapAndCopyInto(Unknown Source)
	at java.util.stream.FindOps$FindOp.evaluateSequential(Unknown Source)
	at java.util.stream.AbstractPipeline.evaluate(Unknown Source)
	at java.util.stream.ReferencePipeline.findFirst(Unknown Source)
	at org.openqa.selenium.remote.ProtocolHandshake.createSession(ProtocolHandshake.java:126)
	at org.openqa.selenium.remote.ProtocolHandshake.createSession(ProtocolHandshake.java:73)
	at org.openqa.selenium.remote.HttpCommandExecutor.execute(HttpCommandExecutor.java:136)
	at org.openqa.selenium.remote.service.DriverCommandExecutor.execute(DriverCommandExecutor.java:83)
	at org.openqa.selenium.remote.RemoteWebDriver.execute(RemoteWebDriver.java:548)
	at org.openqa.selenium.remote.RemoteWebDriver.startSession(RemoteWebDriver.java:212)
	at org.openqa.selenium.remote.RemoteWebDriver.<init>(RemoteWebDriver.java:130)
	at org.openqa.selenium.chrome.ChromeDriver.<init>(ChromeDriver.java:181)
	at org.openqa.selenium.chrome.ChromeDriver.<init>(ChromeDriver.java:168)
	at org.openqa.selenium.chrome.ChromeDriver.<init>(ChromeDriver.java:123)
	at ecomm_saipratap.PlaceOrderBaseTest.setUp(PlaceOrderBaseTest.java:13)
	at sun.reflect.NativeMethodAccessorImpl.invoke0(Native Method)
	at sun.reflect.NativeMethodAccessorImpl.invoke(Unknown Source)
	at sun.reflect.DelegatingMethodAccessorImpl.invoke(Unknown Source)
	at java.lang.reflect.Method.invoke(Unknown Source)
	at org.testng.internal.MethodInvocationHelper.invokeMethod(MethodInvocationHelper.java:100)
	at org.testng.internal.Invoker.invokeConfigurationMethod(Invoker.java:515)
	at org.testng.internal.Invoker.invokeConfigurations(Invoker.java:216)
	at org.testng.internal.Invoker.invokeMethod(Invoker.java:590)
	at org.testng.internal.Invoker.invokeTestMethod(Invoker.java:811)
	at org.testng.internal.Invoker.invokeTestMethods(Invoker.java:1129)
	at org.testng.internal.TestMethodWorker.invokeTestMethods(TestMethodWorker.java:129)
	at org.testng.internal.TestMethodWorker.run(TestMethodWorker.java:112)
	at org.testng.TestRunner.privateRun(TestRunner.java:746)
	at org.testng.TestRunner.run(TestRunner.java:600)
	at org.testng.SuiteRunner.runTest(SuiteRunner.java:366)
	at org.testng.SuiteRunner.runSequentially(SuiteRunner.java:361)
	at org.testng.SuiteRunner.privateRun(SuiteRunner.java:319)
	at org.testng.SuiteRunner.run(SuiteRunner.java:268)
	at org.testng.SuiteRunnerWorker.runSuite(SuiteRunnerWorker.java:52)
	at org.testng.SuiteRunnerWorker.run(SuiteRunnerWorker.java:86)
	at org.testng.TestNG.runSuitesSequentially(TestNG.java:1264)
	at org.testng.TestNG.runSuitesLocally(TestNG.java:1189)
	at org.testng.TestNG.runSuites(TestNG.java:1104)
	at org.testng.TestNG.run(TestNG.java:1076)
	at org.testng.remote.AbstractRemoteTestNG.run(AbstractRemoteTestNG.java:126)
	at org.testng.remote.RemoteTestNG.initAndRun(RemoteTestNG.java:152)
	at org.testng.remote.RemoteTestNG.main(RemoteTestNG.java:57)
]]>
    </error>
  </testcase> <!-- testWithBothBlank -->
  <testcase name="testWithSuccessLogin" time="0.002" classname="ecomm_saipratap.LoginTest">
    <error type="org.openqa.selenium.SessionNotCreatedException" message="session not created: This version of ChromeDriver only supports Chrome version 75
Build info: version: &#039;3.13.0&#039;, revision: &#039;2f0d292&#039;, time: &#039;2018-06-25T15:24:21.231Z&#039;
System info: host: &#039;DESKTOP-BDB3LRA&#039;, ip: &#039;127.0.0.1&#039;, os.name: &#039;Windows 10&#039;, os.arch: &#039;amd64&#039;, os.version: &#039;10.0&#039;, java.version: &#039;1.8.0_211&#039;
Driver info: driver.version: ChromeDriver
remote stacktrace: Backtrace:
	Ordinal0 [0x002D1B23+1448739]
	Ordinal0 [0x00255A11+940561]
	Ordinal0 [0x001E2293+467603]
	Ordinal0 [0x0017F27E+62078]
	Ordinal0 [0x0017BBBD+48061]
	Ordinal0 [0x00198D19+167193]
	Ordinal0 [0x001988ED+166125]
	Ordinal0 [0x00196FFB+159739]
	Ordinal0 [0x001809F6+68086]
	Ordinal0 [0x00181990+72080]
	Ordinal0 [0x00181929+71977]
	GetHandleVerifier [0x00412E4C+1172140]
	GetHandleVerifier [0x0036FE35+504469]
	GetHandleVerifier [0x0036FBD0+503856]
	Ordinal0 [0x002DC9A8+1493416]
	GetHandleVerifier [0x0037060A+506474]
	Ordinal0 [0x00267136+1012022]
	Ordinal0 [0x00266FAF+1011631]
	Ordinal0 [0x0027133B+1053499]
	Ordinal0 [0x002714A3+1053859]
	Ordinal0 [0x002704D5+1049813]
	BaseThreadInitThunk [0x75180419+25]
	RtlGetAppContainerNamedObjectPath [0x7745662D+237]
	RtlGetAppContainerNamedObjectPath [0x774565FD+189]
">
      <![CDATA[org.openqa.selenium.SessionNotCreatedException: session not created: This version of ChromeDriver only supports Chrome version 75
Build info: version: '3.13.0', revision: '2f0d292', time: '2018-06-25T15:24:21.231Z'
System info: host: 'DESKTOP-BDB3LRA', ip: '127.0.0.1', os.name: 'Windows 10', os.arch: 'amd64', os.version: '10.0', java.version: '1.8.0_211'
Driver info: driver.version: ChromeDriver
remote stacktrace: Backtrace:
	Ordinal0 [0x002D1B23+1448739]
	Ordinal0 [0x00255A11+940561]
	Ordinal0 [0x001E2293+467603]
	Ordinal0 [0x0017F27E+62078]
	Ordinal0 [0x0017BBBD+48061]
	Ordinal0 [0x00198D19+167193]
	Ordinal0 [0x001988ED+166125]
	Ordinal0 [0x00196FFB+159739]
	Ordinal0 [0x001809F6+68086]
	Ordinal0 [0x00181990+72080]
	Ordinal0 [0x00181929+71977]
	GetHandleVerifier [0x00412E4C+1172140]
	GetHandleVerifier [0x0036FE35+504469]
	GetHandleVerifier [0x0036FBD0+503856]
	Ordinal0 [0x002DC9A8+1493416]
	GetHandleVerifier [0x0037060A+506474]
	Ordinal0 [0x00267136+1012022]
	Ordinal0 [0x00266FAF+1011631]
	Ordinal0 [0x0027133B+1053499]
	Ordinal0 [0x002714A3+1053859]
	Ordinal0 [0x002704D5+1049813]
	BaseThreadInitThunk [0x75180419+25]
	RtlGetAppContainerNamedObjectPath [0x7745662D+237]
	RtlGetAppContainerNamedObjectPath [0x774565FD+189]

	at sun.reflect.NativeConstructorAccessorImpl.newInstance0(Native Method)
	at sun.reflect.NativeConstructorAccessorImpl.newInstance(Unknown Source)
	at sun.reflect.DelegatingConstructorAccessorImpl.newInstance(Unknown Source)
	at java.lang.reflect.Constructor.newInstance(Unknown Source)
	at org.openqa.selenium.remote.W3CHandshakeResponse.lambda$new$0(W3CHandshakeResponse.java:57)
	at org.openqa.selenium.remote.W3CHandshakeResponse.lambda$getResponseFunction$2(W3CHandshakeResponse.java:104)
	at org.openqa.selenium.remote.ProtocolHandshake.lambda$createSession$0(ProtocolHandshake.java:123)
	at java.util.stream.ReferencePipeline$3$1.accept(Unknown Source)
	at java.util.Spliterators$ArraySpliterator.tryAdvance(Unknown Source)
	at java.util.stream.ReferencePipeline.forEachWithCancel(Unknown Source)
	at java.util.stream.AbstractPipeline.copyIntoWithCancel(Unknown Source)
	at java.util.stream.AbstractPipeline.copyInto(Unknown Source)
	at java.util.stream.AbstractPipeline.wrapAndCopyInto(Unknown Source)
	at java.util.stream.FindOps$FindOp.evaluateSequential(Unknown Source)
	at java.util.stream.AbstractPipeline.evaluate(Unknown Source)
	at java.util.stream.ReferencePipeline.findFirst(Unknown Source)
	at org.openqa.selenium.remote.ProtocolHandshake.createSession(ProtocolHandshake.java:126)
	at org.openqa.selenium.remote.ProtocolHandshake.createSession(ProtocolHandshake.java:73)
	at org.openqa.selenium.remote.HttpCommandExecutor.execute(HttpCommandExecutor.java:136)
	at org.openqa.selenium.remote.service.DriverCommandExecutor.execute(DriverCommandExecutor.java:83)
	at org.openqa.selenium.remote.RemoteWebDriver.execute(RemoteWebDriver.java:548)
	at org.openqa.selenium.remote.RemoteWebDriver.startSession(RemoteWebDriver.java:212)
	at org.openqa.selenium.remote.RemoteWebDriver.<init>(RemoteWebDriver.java:130)
	at org.openqa.selenium.chrome.ChromeDriver.<init>(ChromeDriver.java:181)
	at org.openqa.selenium.chrome.ChromeDriver.<init>(ChromeDriver.java:168)
	at org.openqa.selenium.chrome.ChromeDriver.<init>(ChromeDriver.java:123)
	at ecomm_saipratap.PlaceOrderBaseTest.setUp(PlaceOrderBaseTest.java:13)
	at sun.reflect.NativeMethodAccessorImpl.invoke0(Native Method)
	at sun.reflect.NativeMethodAccessorImpl.invoke(Unknown Source)
	at sun.reflect.DelegatingMethodAccessorImpl.invoke(Unknown Source)
	at java.lang.reflect.Method.invoke(Unknown Source)
	at org.testng.internal.MethodInvocationHelper.invokeMethod(MethodInvocationHelper.java:100)
	at org.testng.internal.Invoker.invokeConfigurationMethod(Invoker.java:515)
	at org.testng.internal.Invoker.invokeConfigurations(Invoker.java:216)
	at org.testng.internal.Invoker.invokeMethod(Invoker.java:590)
	at org.testng.internal.Invoker.invokeTestMethod(Invoker.java:811)
	at org.testng.internal.Invoker.invokeTestMethods(Invoker.java:1129)
	at org.testng.internal.TestMethodWorker.invokeTestMethods(TestMethodWorker.java:129)
	at org.testng.internal.TestMethodWorker.run(TestMethodWorker.java:112)
	at org.testng.TestRunner.privateRun(TestRunner.java:746)
	at org.testng.TestRunner.run(TestRunner.java:600)
	at org.testng.SuiteRunner.runTest(SuiteRunner.java:366)
	at org.testng.SuiteRunner.runSequentially(SuiteRunner.java:361)
	at org.testng.SuiteRunner.privateRun(SuiteRunner.java:319)
	at org.testng.SuiteRunner.run(SuiteRunner.java:268)
	at org.testng.SuiteRunnerWorker.runSuite(SuiteRunnerWorker.java:52)
	at org.testng.SuiteRunnerWorker.run(SuiteRunnerWorker.java:86)
	at org.testng.TestNG.runSuitesSequentially(TestNG.java:1264)
	at org.testng.TestNG.runSuitesLocally(TestNG.java:1189)
	at org.testng.TestNG.runSuites(TestNG.java:1104)
	at org.testng.TestNG.run(TestNG.java:1076)
	at org.testng.remote.AbstractRemoteTestNG.run(AbstractRemoteTestNG.java:126)
	at org.testng.remote.RemoteTestNG.initAndRun(RemoteTestNG.java:152)
	at org.testng.remote.RemoteTestNG.main(RemoteTestNG.java:57)
]]>
    </error>
  </testcase> <!-- testWithSuccessLogin -->
  <testcase name="testWithBlankPassword" time="0.001" classname="ecomm_saipratap.LoginTest">
    <error type="org.openqa.selenium.SessionNotCreatedException" message="session not created: This version of ChromeDriver only supports Chrome version 75
Build info: version: &#039;3.13.0&#039;, revision: &#039;2f0d292&#039;, time: &#039;2018-06-25T15:24:21.231Z&#039;
System info: host: &#039;DESKTOP-BDB3LRA&#039;, ip: &#039;127.0.0.1&#039;, os.name: &#039;Windows 10&#039;, os.arch: &#039;amd64&#039;, os.version: &#039;10.0&#039;, java.version: &#039;1.8.0_211&#039;
Driver info: driver.version: ChromeDriver
remote stacktrace: Backtrace:
	Ordinal0 [0x002D1B23+1448739]
	Ordinal0 [0x00255A11+940561]
	Ordinal0 [0x001E2293+467603]
	Ordinal0 [0x0017F27E+62078]
	Ordinal0 [0x0017BBBD+48061]
	Ordinal0 [0x00198D19+167193]
	Ordinal0 [0x001988ED+166125]
	Ordinal0 [0x00196FFB+159739]
	Ordinal0 [0x001809F6+68086]
	Ordinal0 [0x00181990+72080]
	Ordinal0 [0x00181929+71977]
	GetHandleVerifier [0x00412E4C+1172140]
	GetHandleVerifier [0x0036FE35+504469]
	GetHandleVerifier [0x0036FBD0+503856]
	Ordinal0 [0x002DC9A8+1493416]
	GetHandleVerifier [0x0037060A+506474]
	Ordinal0 [0x00267136+1012022]
	Ordinal0 [0x00266FAF+1011631]
	Ordinal0 [0x0027133B+1053499]
	Ordinal0 [0x002714A3+1053859]
	Ordinal0 [0x002704D5+1049813]
	BaseThreadInitThunk [0x75180419+25]
	RtlGetAppContainerNamedObjectPath [0x7745662D+237]
	RtlGetAppContainerNamedObjectPath [0x774565FD+189]
">
      <![CDATA[org.openqa.selenium.SessionNotCreatedException: session not created: This version of ChromeDriver only supports Chrome version 75
Build info: version: '3.13.0', revision: '2f0d292', time: '2018-06-25T15:24:21.231Z'
System info: host: 'DESKTOP-BDB3LRA', ip: '127.0.0.1', os.name: 'Windows 10', os.arch: 'amd64', os.version: '10.0', java.version: '1.8.0_211'
Driver info: driver.version: ChromeDriver
remote stacktrace: Backtrace:
	Ordinal0 [0x002D1B23+1448739]
	Ordinal0 [0x00255A11+940561]
	Ordinal0 [0x001E2293+467603]
	Ordinal0 [0x0017F27E+62078]
	Ordinal0 [0x0017BBBD+48061]
	Ordinal0 [0x00198D19+167193]
	Ordinal0 [0x001988ED+166125]
	Ordinal0 [0x00196FFB+159739]
	Ordinal0 [0x001809F6+68086]
	Ordinal0 [0x00181990+72080]
	Ordinal0 [0x00181929+71977]
	GetHandleVerifier [0x00412E4C+1172140]
	GetHandleVerifier [0x0036FE35+504469]
	GetHandleVerifier [0x0036FBD0+503856]
	Ordinal0 [0x002DC9A8+1493416]
	GetHandleVerifier [0x0037060A+506474]
	Ordinal0 [0x00267136+1012022]
	Ordinal0 [0x00266FAF+1011631]
	Ordinal0 [0x0027133B+1053499]
	Ordinal0 [0x002714A3+1053859]
	Ordinal0 [0x002704D5+1049813]
	BaseThreadInitThunk [0x75180419+25]
	RtlGetAppContainerNamedObjectPath [0x7745662D+237]
	RtlGetAppContainerNamedObjectPath [0x774565FD+189]

	at sun.reflect.NativeConstructorAccessorImpl.newInstance0(Native Method)
	at sun.reflect.NativeConstructorAccessorImpl.newInstance(Unknown Source)
	at sun.reflect.DelegatingConstructorAccessorImpl.newInstance(Unknown Source)
	at java.lang.reflect.Constructor.newInstance(Unknown Source)
	at org.openqa.selenium.remote.W3CHandshakeResponse.lambda$new$0(W3CHandshakeResponse.java:57)
	at org.openqa.selenium.remote.W3CHandshakeResponse.lambda$getResponseFunction$2(W3CHandshakeResponse.java:104)
	at org.openqa.selenium.remote.ProtocolHandshake.lambda$createSession$0(ProtocolHandshake.java:123)
	at java.util.stream.ReferencePipeline$3$1.accept(Unknown Source)
	at java.util.Spliterators$ArraySpliterator.tryAdvance(Unknown Source)
	at java.util.stream.ReferencePipeline.forEachWithCancel(Unknown Source)
	at java.util.stream.AbstractPipeline.copyIntoWithCancel(Unknown Source)
	at java.util.stream.AbstractPipeline.copyInto(Unknown Source)
	at java.util.stream.AbstractPipeline.wrapAndCopyInto(Unknown Source)
	at java.util.stream.FindOps$FindOp.evaluateSequential(Unknown Source)
	at java.util.stream.AbstractPipeline.evaluate(Unknown Source)
	at java.util.stream.ReferencePipeline.findFirst(Unknown Source)
	at org.openqa.selenium.remote.ProtocolHandshake.createSession(ProtocolHandshake.java:126)
	at org.openqa.selenium.remote.ProtocolHandshake.createSession(ProtocolHandshake.java:73)
	at org.openqa.selenium.remote.HttpCommandExecutor.execute(HttpCommandExecutor.java:136)
	at org.openqa.selenium.remote.service.DriverCommandExecutor.execute(DriverCommandExecutor.java:83)
	at org.openqa.selenium.remote.RemoteWebDriver.execute(RemoteWebDriver.java:548)
	at org.openqa.selenium.remote.RemoteWebDriver.startSession(RemoteWebDriver.java:212)
	at org.openqa.selenium.remote.RemoteWebDriver.<init>(RemoteWebDriver.java:130)
	at org.openqa.selenium.chrome.ChromeDriver.<init>(ChromeDriver.java:181)
	at org.openqa.selenium.chrome.ChromeDriver.<init>(ChromeDriver.java:168)
	at org.openqa.selenium.chrome.ChromeDriver.<init>(ChromeDriver.java:123)
	at ecomm_saipratap.PlaceOrderBaseTest.setUp(PlaceOrderBaseTest.java:13)
	at sun.reflect.NativeMethodAccessorImpl.invoke0(Native Method)
	at sun.reflect.NativeMethodAccessorImpl.invoke(Unknown Source)
	at sun.reflect.DelegatingMethodAccessorImpl.invoke(Unknown Source)
	at java.lang.reflect.Method.invoke(Unknown Source)
	at org.testng.internal.MethodInvocationHelper.invokeMethod(MethodInvocationHelper.java:100)
	at org.testng.internal.Invoker.invokeConfigurationMethod(Invoker.java:515)
	at org.testng.internal.Invoker.invokeConfigurations(Invoker.java:216)
	at org.testng.internal.Invoker.invokeMethod(Invoker.java:590)
	at org.testng.internal.Invoker.invokeTestMethod(Invoker.java:811)
	at org.testng.internal.Invoker.invokeTestMethods(Invoker.java:1129)
	at org.testng.internal.TestMethodWorker.invokeTestMethods(TestMethodWorker.java:129)
	at org.testng.internal.TestMethodWorker.run(TestMethodWorker.java:112)
	at org.testng.TestRunner.privateRun(TestRunner.java:746)
	at org.testng.TestRunner.run(TestRunner.java:600)
	at org.testng.SuiteRunner.runTest(SuiteRunner.java:366)
	at org.testng.SuiteRunner.runSequentially(SuiteRunner.java:361)
	at org.testng.SuiteRunner.privateRun(SuiteRunner.java:319)
	at org.testng.SuiteRunner.run(SuiteRunner.java:268)
	at org.testng.SuiteRunnerWorker.runSuite(SuiteRunnerWorker.java:52)
	at org.testng.SuiteRunnerWorker.run(SuiteRunnerWorker.java:86)
	at org.testng.TestNG.runSuitesSequentially(TestNG.java:1264)
	at org.testng.TestNG.runSuitesLocally(TestNG.java:1189)
	at org.testng.TestNG.runSuites(TestNG.java:1104)
	at org.testng.TestNG.run(TestNG.java:1076)
	at org.testng.remote.AbstractRemoteTestNG.run(AbstractRemoteTestNG.java:126)
	at org.testng.remote.RemoteTestNG.initAndRun(RemoteTestNG.java:152)
	at org.testng.remote.RemoteTestNG.main(RemoteTestNG.java:57)
]]>
    </error>
  </testcase> <!-- testWithBlankPassword -->
</testsuite> <!-- ecomm_saipratap.LoginTest -->
